<?xml version="1.0" encoding="utf-8"?><testsuites name="pytest tests"><testsuite name="pytest" errors="0" failures="0" skipped="0" tests="24" time="3.402" timestamp="2026-05-08T21:37:24.096671+00:00" hostname="agent-env-4a74385b-fd5d-45cd-8b60-247b221bda81"><testcase classname="tests.test_api_e2e" name="test_health_envelope" time="0.156" /><testcase classname="tests.test_api_e2e" name="test_login_root_dev_success" time="0.331" /><testcase classname="tests.test_api_e2e" name="test_login_superadmin_success" time="0.330" /><testcase classname="tests.test_api_e2e" name="test_login_wrong_password_returns_401_auth_required" time="0.420" /><testcase classname="tests.test_api_e2e" name="test_login_unknown_email_returns_401_same_message" time="0.106" /><testcase classname="tests.test_api_e2e" name="test_login_missing_fields_returns_422_validation_failed" time="0.121" /><testcase classname="tests.test_api_e2e" name="test_me_with_bearer" time="0.435" /><testcase classname="tests.test_api_e2e" name="test_me_without_auth_401" time="0.105" /><testcase classname="tests.test_api_e2e" name="test_logout_works" time="0.216" /><testcase classname="tests.test_api_e2e" name="test_cae_endpoints_authorized[/api/admin/cae/unmapped]" time="0.119" /><testcase classname="tests.test_api_e2e" name="test_cae_endpoints_authorized[/api/admin/cae/catalog]" time="0.107" /><testcase classname="tests.test_api_e2e" name="test_cae_endpoints_authorized[/api/admin/cae/audit-log]" time="0.104" /><testcase classname="tests.test_api_e2e" name="test_cae_endpoints_unauth_401[/api/admin/cae/unmapped]" time="0.097" /><testcase classname="tests.test_api_e2e" name="test_cae_endpoints_unauth_401[/api/admin/cae/catalog]" time="0.095" /><testcase classname="tests.test_api_e2e" name="test_cae_endpoints_unauth_401[/api/admin/cae/audit-log]" time="0.114" /><testcase classname="tests.test_api_e2e" name="test_redirect_target" time="0.114" /><testcase classname="tests.test_api_e2e" name="test_bruteforce_lockout_returns_429" time="0.017" /><testcase classname="tests.test_health" name="test_health_returns_envelope" time="0.010" /><testcase classname="tests.test_multi_tenant_isolation" name="test_repository_cannot_read_other_tenant" time="0.023" /><testcase classname="tests.test_multi_tenant_isolation" name="test_repository_cannot_update_other_tenant" time="0.023" /><testcase classname="tests.test_multi_tenant_isolation" name="test_repository_cannot_delete_other_tenant" time="0.021" /><testcase classname="tests.test_multi_tenant_isolation" name="test_zero_crosses_recorded" time="0.024" /><testcase classname="tests.test_terminal_state" name="test_update_status_rejects_terminal" time="0.022" /><testcase classname="tests.test_terminal_state" name="test_update_status_promotes_to_terminal" time="0.022" /></testsuite></testsuites>