<?xml version="1.0" encoding="utf-8"?><testsuites name="pytest tests"><testsuite name="pytest" errors="0" failures="1" skipped="0" tests="17" time="4.169" timestamp="2026-05-08T21:36:22.458199+00:00" hostname="agent-env-4a74385b-fd5d-45cd-8b60-247b221bda81"><testcase classname="tests.test_api_e2e" name="test_health_envelope" time="0.181" /><testcase classname="tests.test_api_e2e" name="test_login_root_dev_success" time="0.339" /><testcase classname="tests.test_api_e2e" name="test_login_superadmin_success" time="0.328" /><testcase classname="tests.test_api_e2e" name="test_login_wrong_password_returns_401_auth_required" time="0.360" /><testcase classname="tests.test_api_e2e" name="test_login_unknown_email_returns_401_same_message" time="0.173" /><testcase classname="tests.test_api_e2e" name="test_login_missing_fields_returns_422_validation_failed" time="0.113" /><testcase classname="tests.test_api_e2e" name="test_me_with_bearer" time="0.566" /><testcase classname="tests.test_api_e2e" name="test_me_without_auth_401" time="0.106" /><testcase classname="tests.test_api_e2e" name="test_logout_works" time="0.283" /><testcase classname="tests.test_api_e2e" name="test_cae_endpoints_authorized[/api/admin/cae/unmapped]" time="0.138" /><testcase classname="tests.test_api_e2e" name="test_cae_endpoints_authorized[/api/admin/cae/catalog]" time="0.108" /><testcase classname="tests.test_api_e2e" name="test_cae_endpoints_authorized[/api/admin/cae/audit-log]" time="0.120" /><testcase classname="tests.test_api_e2e" name="test_cae_endpoints_unauth_401[/api/admin/cae/unmapped]" time="0.144" /><testcase classname="tests.test_api_e2e" name="test_cae_endpoints_unauth_401[/api/admin/cae/catalog]" time="0.105" /><testcase classname="tests.test_api_e2e" name="test_cae_endpoints_unauth_401[/api/admin/cae/audit-log]" time="0.104" /><testcase classname="tests.test_api_e2e" name="test_redirect_target" time="0.110" /><testcase classname="tests.test_api_e2e" name="test_bruteforce_lockout_returns_429" time="0.795"><failure message="AssertionError: Expected 429 in [401, 401, 401, 401, 401, 401, 401]&#10;assert 429 in [401, 401, 401, 401, 401, 401, ...]">tests/test_api_e2e.py:167: in test_bruteforce_lockout_returns_429
    assert 429 in statuses, f"Expected 429 in {statuses}"
E   AssertionError: Expected 429 in [401, 401, 401, 401, 401, 401, 401]
E   assert 429 in [401, 401, 401, 401, 401, 401, ...]</failure></testcase></testsuite></testsuites>