<?xml version="1.0" encoding="utf-8"?><testsuites name="pytest tests"><testsuite name="pytest" errors="0" failures="0" skipped="0" tests="10" time="2.636" timestamp="2026-05-11T21:52:44.735806+00:00" hostname="agent-env-4a74385b-fd5d-45cd-8b60-247b221bda81"><testcase classname="backend.tests.test_bundle_b_rules_projection.TestTicketProjection" name="test_terminal_ticket_has_r02_applied" time="0.587" /><testcase classname="backend.tests.test_bundle_b_rules_projection.TestTicketProjection" name="test_restricted_motivo_triggers_r03" time="0.129" /><testcase classname="backend.tests.test_bundle_b_rules_projection.TestReclamoProjection" name="test_conciliado_claim_has_r28" time="0.128" /><testcase classname="backend.tests.test_bundle_b_rules_projection.TestRulesExplainRBAC" name="test_admin_role_forbidden" time="0.153" /><testcase classname="backend.tests.test_bundle_b_rules_projection.TestRulesExplainRBAC" name="test_agent_role_forbidden" time="0.445" /><testcase classname="backend.tests.test_bundle_b_rules_projection.TestRulesExplainRBAC" name="test_root_dev_can_access_explain" time="0.458" /><testcase classname="backend.tests.test_bundle_b_rules_projection.TestRequestReopen" name="test_terminal_ticket_allows_reopen_request" time="0.107" /><testcase classname="backend.tests.test_bundle_b_rules_projection.TestRequestReopen" name="test_active_ticket_rejects_reopen_request" time="0.120" /><testcase classname="backend.tests.test_bundle_b_rules_projection.TestRequestReopen" name="test_reopen_short_reason_rejected" time="0.120" /><testcase classname="backend.tests.test_bundle_b_rules_projection.TestCacheInvalidation" name="test_permissions_change_reflected" time="0.247" /></testsuite></testsuites>