<?xml version="1.0" encoding="utf-8"?><testsuites name="pytest tests"><testsuite name="pytest" errors="0" failures="0" skipped="0" tests="7" time="1.745" timestamp="2026-05-09T02:58:15.079644+00:00" hostname="agent-env-4a74385b-fd5d-45cd-8b60-247b221bda81"><testcase classname="tests.test_cron_live_api" name="test_cron_status_running" time="0.451" /><testcase classname="tests.test_cron_live_api" name="test_cron_status_rbac_blocks_agent" time="0.438" /><testcase classname="tests.test_cron_live_api" name="test_cron_run_sla" time="0.111" /><testcase classname="tests.test_cron_live_api" name="test_cron_run_inactivity" time="0.107" /><testcase classname="tests.test_cron_live_api" name="test_cron_run_pulling" time="0.132" /><testcase classname="tests.test_cron_live_api" name="test_cron_run_daily_summary" time="0.337" /><testcase classname="tests.test_cron_live_api" name="test_cron_run_unknown_job" time="0.101" /></testsuite></testsuites>