<?xml version="1.0" encoding="utf-8"?><testsuites name="pytest tests"><testsuite name="pytest" errors="0" failures="0" skipped="0" tests="96" time="12.511" timestamp="2026-05-09T02:57:35.083601+00:00" hostname="agent-env-4a74385b-fd5d-45cd-8b60-247b221bda81"><testcase classname="tests.test_admin_hierarchy" name="test_project_crud_and_isolation" time="0.049" /><testcase classname="tests.test_admin_hierarchy" name="test_client_credentials_encrypted_and_redacted" time="0.050" /><testcase classname="tests.test_admin_hierarchy" name="test_client_requires_existing_project_in_same_tenant" time="0.041" /><testcase classname="tests.test_admin_hierarchy" name="test_subclient_lifecycle" time="0.063" /><testcase classname="tests.test_admin_hierarchy" name="test_carrier_crud" time="0.038" /><testcase classname="tests.test_admin_hierarchy" name="test_admin_endpoints_reject_lower_roles" time="0.027" /><testcase classname="tests.test_admin_hierarchy" name="test_tenants_admin_requires_root_dev" time="0.029" /><testcase classname="tests.test_agent_supervisor_dashboard" name="test_agent_queue_and_take" time="0.117" /><testcase classname="tests.test_agent_supervisor_dashboard" name="test_agent_change_status" time="0.103" /><testcase classname="tests.test_agent_supervisor_dashboard" name="test_supervisor_tickets_by_agent" time="0.093" /><testcase classname="tests.test_agent_supervisor_dashboard" name="test_dashboard_kpis" time="0.107" /><testcase classname="tests.test_agent_supervisor_dashboard" name="test_dashboard_requires_supervisor" time="0.065" /><testcase classname="tests.test_api_e2e" name="test_health_envelope" time="0.209" /><testcase classname="tests.test_api_e2e" name="test_login_root_dev_success" time="0.324" /><testcase classname="tests.test_api_e2e" name="test_login_superadmin_success" time="0.365" /><testcase classname="tests.test_api_e2e" name="test_login_wrong_password_returns_401_auth_required" time="0.353" /><testcase classname="tests.test_api_e2e" name="test_login_unknown_email_returns_401_same_message" time="0.108" /><testcase classname="tests.test_api_e2e" name="test_login_missing_fields_returns_422_validation_failed" time="0.097" /><testcase classname="tests.test_api_e2e" name="test_me_with_bearer" time="0.440" /><testcase classname="tests.test_api_e2e" name="test_me_without_auth_401" time="0.112" /><testcase classname="tests.test_api_e2e" name="test_logout_works" time="0.227" /><testcase classname="tests.test_api_e2e" name="test_cae_endpoints_authorized[/api/admin/cae/unmapped]" time="0.103" /><testcase classname="tests.test_api_e2e" name="test_cae_endpoints_authorized[/api/admin/cae/catalog]" time="0.105" /><testcase classname="tests.test_api_e2e" name="test_cae_endpoints_authorized[/api/admin/cae/audit-log]" time="0.129" /><testcase classname="tests.test_api_e2e" name="test_cae_endpoints_unauth_401[/api/admin/cae/unmapped]" time="0.096" /><testcase classname="tests.test_api_e2e" name="test_cae_endpoints_unauth_401[/api/admin/cae/catalog]" time="0.103" /><testcase classname="tests.test_api_e2e" name="test_cae_endpoints_unauth_401[/api/admin/cae/audit-log]" time="0.147" /><testcase classname="tests.test_api_e2e" name="test_redirect_target" time="0.102" /><testcase classname="tests.test_api_e2e" name="test_bruteforce_lockout_returns_429" time="0.018" /><testcase classname="tests.test_catalog_and_automation" name="test_motivo_create_and_validation" time="0.038" /><testcase classname="tests.test_catalog_and_automation" name="test_solucion_requires_existing_motivo" time="0.025" /><testcase classname="tests.test_catalog_and_automation" name="test_automation_default_deny_and_restricted_block" time="0.096" /><testcase classname="tests.test_catalog_and_automation" name="test_solucion_no_automatable_blocks" time="0.083" /><testcase classname="tests.test_catalog_and_automation" name="test_supervisor_cannot_toggle_permissions" time="0.026" /><testcase classname="tests.test_claims" name="test_promote_ticket_to_claim_creates_claim_and_timeline" time="0.150" /><testcase classname="tests.test_claims" name="test_promote_rejects_non_terminal_ticket" time="0.141" /><testcase classname="tests.test_claims" name="test_promote_twice_blocked_by_unique_active" time="0.165" /><testcase classname="tests.test_claims" name="test_promote_cross_tenant_returns_404" time="0.147" /><testcase classname="tests.test_claims" name="test_transition_matrix_blocks_skipping_steps" time="0.153" /><testcase classname="tests.test_claims" name="test_expediente_autoadvances_then_send_requires_full_kit" time="0.178" /><testcase classname="tests.test_claims" name="test_terminal_claim_silently_ignores_updates" time="0.162" /><testcase classname="tests.test_claims" name="test_list_and_detail_endpoints" time="0.164" /><testcase classname="tests.test_claims" name="test_ticket_detail_includes_active_claim" time="0.142" /><testcase classname="tests.test_claims_public" name="test_health_via_ingress" time="0.123" /><testcase classname="tests.test_claims_public" name="test_login_agent_seed" time="0.374" /><testcase classname="tests.test_claims_public" name="test_list_reclamos_agent_via_public" time="0.503" /><testcase classname="tests.test_claims_public" name="test_list_reclamos_filtered_by_estado" time="0.448" /><testcase classname="tests.test_claims_public" name="test_reclamos_requires_auth" time="0.111" /><testcase classname="tests.test_claims_public" name="test_promote_nonexistent_ticket_returns_404" time="0.442" /><testcase classname="tests.test_claims_public" name="test_claim_detail_404_for_unknown_id" time="0.436" /><testcase classname="tests.test_claims_public" name="test_dictamen_ingest_is_public_but_rejects_no_body" time="0.232" /><testcase classname="tests.test_health" name="test_health_returns_envelope" time="0.006" /><testcase classname="tests.test_ingest" name="test_webhook_signed_creates_guia" time="0.051" /><testcase classname="tests.test_ingest" name="test_webhook_bad_signature_rejected" time="0.041" /><testcase classname="tests.test_ingest" name="test_webhook_update_then_terminal_then_blocked" time="0.061" /><testcase classname="tests.test_ingest" name="test_layout_csv_upload" time="0.059" /><testcase classname="tests.test_ingest" name="test_layout_rejects_non_csv" time="0.043" /><testcase classname="tests.test_ingest" name="test_admin_pull_returns_metadata_no_secrets" time="0.042" /><testcase classname="tests.test_multi_tenant_isolation" name="test_repository_cannot_read_other_tenant" time="0.023" /><testcase classname="tests.test_multi_tenant_isolation" name="test_repository_cannot_update_other_tenant" time="0.023" /><testcase classname="tests.test_multi_tenant_isolation" name="test_repository_cannot_delete_other_tenant" time="0.023" /><testcase classname="tests.test_multi_tenant_isolation" name="test_zero_crosses_recorded" time="0.021" /><testcase classname="tests.test_notifications" name="test_wa_deeplink_valid_phone" time="0.001" /><testcase classname="tests.test_notifications" name="test_wa_deeplink_invalid_phone" time="0.000" /><testcase classname="tests.test_notifications" name="test_send_email_mock_when_key_empty" time="0.001" /><testcase classname="tests.test_notifications" name="test_automation_blocked_when_no_permission" time="0.073" /><testcase classname="tests.test_notifications" name="test_automation_executes_email_when_allowed" time="0.100" /><testcase classname="tests.test_notifications" name="test_automation_whatsapp_returns_deeplink" time="0.104" /><testcase classname="tests.test_notifications" name="test_automation_motivo_restricted_blocks" time="0.087" /><testcase classname="tests.test_notifications" name="test_admin_notifications_test_endpoint" time="0.081" /><testcase classname="tests.test_notifications" name="test_admin_notifications_config_hides_secret" time="0.079" /><testcase classname="tests.test_notifications" name="test_agent_automate_endpoint_executes" time="0.100" /><testcase classname="tests.test_notifications_public" name="test_config_returns_resend_state" time="0.476" /><testcase classname="tests.test_notifications_public" name="test_config_rbac_blocks_agent" time="0.444" /><testcase classname="tests.test_notifications_public" name="test_test_endpoint_rbac_blocks_agent" time="0.127" /><testcase classname="tests.test_notifications_public" name="test_test_endpoint_returns_resend_failure_for_non_owner" time="0.362" /><testcase classname="tests.test_notifications_public" name="test_test_endpoint_real_send_to_owner" time="0.286" /><testcase classname="tests.test_scheduler" name="test_scan_sla_finds_breach_and_records_event" time="0.060" /><testcase classname="tests.test_scheduler" name="test_scan_sla_ignores_waiting_and_terminal" time="0.050" /><testcase classname="tests.test_scheduler" name="test_scan_inactive_agents_marks_one" time="0.061" /><testcase classname="tests.test_scheduler" name="test_daily_summary_metrics_and_email_mock" time="0.058" /><testcase classname="tests.test_scheduler" name="test_daily_summary_no_recipient" time="0.047" /><testcase classname="tests.test_scheduler" name="test_admin_cron_status_disabled" time="0.047" /><testcase classname="tests.test_scheduler" name="test_admin_cron_run_sla" time="0.073" /><testcase classname="tests.test_scheduler" name="test_admin_cron_run_daily_summary" time="0.051" /><testcase classname="tests.test_scheduler" name="test_admin_cron_rbac_blocks_agent" time="0.043" /><testcase classname="tests.test_terminal_state" name="test_update_status_rejects_terminal" time="0.025" /><testcase classname="tests.test_terminal_state" name="test_update_status_promotes_to_terminal" time="0.024" /><testcase classname="tests.test_workflow_and_cae" name="test_adapter_mock_returns_known_raw_code" time="0.001" /><testcase classname="tests.test_workflow_and_cae" name="test_normalizer_hits_catalog" time="0.071" /><testcase classname="tests.test_workflow_and_cae" name="test_normalizer_miss_registers_unmapped" time="0.083" /><testcase classname="tests.test_workflow_and_cae" name="test_ingest_with_incident_creates_assigned_ticket" time="0.106" /><testcase classname="tests.test_workflow_and_cae" name="test_ingest_then_delivered_resolves_open_ticket" time="0.123" /><testcase classname="tests.test_workflow_and_cae" name="test_sandbox_hit_and_miss" time="0.078" /><testcase classname="tests.test_workflow_and_cae" name="test_promote_unmapped_creates_catalog_row_and_drops_unmapped" time="0.091" /><testcase classname="tests.test_workflow_and_cae" name="test_admin_tickets_list_and_detail" time="0.101" /></testsuite></testsuites>