<?xml version="1.0" encoding="utf-8"?><testsuites name="pytest tests"><testsuite name="pytest" errors="0" failures="0" skipped="0" tests="23" time="4.433" timestamp="2026-05-09T04:47:05.535549+00:00" hostname="agent-env-4a74385b-fd5d-45cd-8b60-247b221bda81"><testcase classname="tests.test_sprint_a_claims" name="test_notify_client_sends_to_cxc_contact" time="0.184" /><testcase classname="tests.test_sprint_a_claims" name="test_notify_client_falls_back_to_ops_email" time="0.177" /><testcase classname="tests.test_sprint_a_claims" name="test_notify_client_blocked_when_no_email" time="0.171" /><testcase classname="tests.test_sprint_a_claims" name="test_notify_client_blocked_in_terminal_state" time="0.196" /><testcase classname="tests.test_sprint_a_claims" name="test_enviar_carrier_motivo_restricted_does_not_apply_to_claim_flow" time="0.196" /><testcase classname="tests.test_sprint_a_claims" name="test_enviar_carrier_blocked_without_automation_permission" time="0.174" /><testcase classname="tests.test_sprint_a_claims" name="test_enviar_carrier_proceeds_with_full_kit_and_permission" time="0.192" /><testcase classname="tests.test_sprint_a_claims" name="test_scan_claim_sla_detects_aged_promovido" time="0.172" /><testcase classname="tests.test_sprint_a_claims" name="test_scan_claim_sla_respects_sla_config_override" time="0.195" /><testcase classname="tests.test_sprint_a_claims" name="test_admin_cron_run_claim_sla_endpoint" time="0.183" /><testcase classname="tests.test_sprint_a_claims" name="test_promote_pushes_inbox_to_coordinator" time="0.195" /><testcase classname="tests.test_sprint_a_claims" name="test_inbox_mark_read" time="0.199" /><testcase classname="tests.test_sprint_a_claims" name="test_dashboard_claims_open_kpis" time="0.189" /><testcase classname="tests.test_sprint_a_claims" name="test_dashboard_report_must_have_includes_claims_section" time="0.184" /><testcase classname="tests.test_claims" name="test_promote_ticket_to_claim_creates_claim_and_timeline" time="0.160" /><testcase classname="tests.test_claims" name="test_promote_rejects_non_terminal_ticket" time="0.134" /><testcase classname="tests.test_claims" name="test_promote_twice_blocked_by_unique_active" time="0.157" /><testcase classname="tests.test_claims" name="test_promote_cross_tenant_returns_404" time="0.141" /><testcase classname="tests.test_claims" name="test_transition_matrix_blocks_skipping_steps" time="0.165" /><testcase classname="tests.test_claims" name="test_expediente_autoadvances_then_send_requires_full_kit" time="0.171" /><testcase classname="tests.test_claims" name="test_terminal_claim_silently_ignores_updates" time="0.165" /><testcase classname="tests.test_claims" name="test_list_and_detail_endpoints" time="0.167" /><testcase classname="tests.test_claims" name="test_ticket_detail_includes_active_claim" time="0.168" /></testsuite></testsuites>