<?xml version="1.0" encoding="utf-8"?><testsuites name="pytest tests"><testsuite name="pytest" errors="0" failures="0" skipped="12" tests="44" time="2.048" timestamp="2026-04-26T01:31:22.236767+00:00" hostname="agent-env-2cff496f-fda7-4b6d-92fe-6228c37d15d3"><testcase classname="tests.test_iter55_routal_integrations" name="test_encrypt_decrypt_round_trip" time="0.011" /><testcase classname="tests.test_iter55_routal_integrations" name="test_decrypt_garbage_returns_empty" time="0.002" /><testcase classname="tests.test_iter55_routal_integrations" name="test_public_summary_hides_secrets" time="0.002" /><testcase classname="tests.test_iter55_routal_integrations" name="test_hmac_verify_valid" time="0.623" /><testcase classname="tests.test_iter55_routal_integrations" name="test_hmac_verify_invalid" time="0.000" /><testcase classname="tests.test_iter55_routal_integrations" name="test_upsert_merges_credentials" time="0.005" /><testcase classname="tests.test_iter55_routal_integrations" name="test_handler_filters_by_client_id" time="0.003" /><testcase classname="tests.test_iter56_selection" name="test_algorithm_phase_1_pure" time="0.001" /><testcase classname="tests.test_iter56_selection" name="test_algorithm_phase_1_partial_plus_phase_2" time="0.000" /><testcase classname="tests.test_iter56_selection" name="test_algorithm_phase_2_pure" time="0.000" /><testcase classname="tests.test_iter56_selection" name="test_algorithm_fits_entirely" time="0.000" /><testcase classname="tests.test_iter56_selection" name="test_algorithm_deterministic_seeded" time="0.000" /><testcase classname="tests.test_iter56_selection" name="test_client_config_upsert_defaults" time="0.002" /><testcase classname="tests.test_iter56_selection" name="test_client_config_validates_time" time="0.002" /><testcase classname="tests.test_iter56_selection" name="test_client_config_validates_max_daily" time="0.002" /><testcase classname="tests.test_iter56_selection" name="test_client_config_partial_update_preserves_fields" time="0.002" /><testcase classname="tests.test_iter58_pii" name="test_encrypt_round_trip" time="0.002" /><testcase classname="tests.test_iter58_pii" name="test_encrypt_idempotent" time="0.002" /><testcase classname="tests.test_iter58_pii" name="test_decrypt_legacy_plain_passthrough" time="0.002" /><testcase classname="tests.test_iter58_pii" name="test_encrypt_handles_none_empty" time="0.001" /><testcase classname="tests.test_iter58_pii" name="test_decrypt_corrupted_token" time="0.002" /><testcase classname="tests.test_iter58_pii" name="test_mask_name" time="0.000" /><testcase classname="tests.test_iter58_pii" name="test_mask_phone" time="0.000" /><testcase classname="tests.test_iter58_pii" name="test_mask_address" time="0.000" /><testcase classname="tests.test_iter58_pii" name="test_apply_visibility_developer_sees_plain" time="0.002" /><testcase classname="tests.test_iter58_pii" name="test_apply_visibility_agent_sees_masked" time="0.002" /><testcase classname="tests.test_iter58_pii" name="test_apply_visibility_proveedor_sees_masked" time="0.002" /><testcase classname="tests.test_iter58_pii" name="test_legacy_plain_data_still_works" time="0.001" /><testcase classname="tests.test_iter58_pii" name="test_bulk_visibility" time="0.029" /><testcase classname="tests.test_iter58_pii" name="test_no_role_defaults_to_plain" time="0.002" /><testcase classname="tests.test_iter58_pii" name="test_encrypt_pkg_pii_only_target_fields" time="0.002" /><testcase classname="tests.test_iter58_pii" name="test_encrypt_pkg_pii_skips_empty" time="0.002" /><testcase classname="tests.test_iter58_pii_e2e" name="test_packages_encrypted_in_mongo" time="1.266"><skipped type="pytest.skip" message="no client/provider seeded">/app/backend/tests/test_iter58_pii_e2e.py:132: no client/provider seeded</skipped></testcase><testcase classname="tests.test_iter58_pii_e2e" name="test_developer_sees_plain" time="0.000"><skipped type="pytest.skip" message="no client/provider seeded">/app/backend/tests/test_iter58_pii_e2e.py:148: no client/provider seeded</skipped></testcase><testcase classname="tests.test_iter58_pii_e2e" name="test_coordinator_sees_plain" time="0.000"><skipped type="pytest.skip" message="no client/provider seeded">/app/backend/tests/test_iter58_pii_e2e.py:162: no client/provider seeded</skipped></testcase><testcase classname="tests.test_iter58_pii_e2e" name="test_agent_sees_masked" time="0.000"><skipped type="pytest.skip" message="no client/provider seeded">/app/backend/tests/test_iter58_pii_e2e.py:174: no client/provider seeded</skipped></testcase><testcase classname="tests.test_iter58_pii_e2e" name="test_proveedor_sees_masked" time="0.000"><skipped type="pytest.skip" message="no client/provider seeded">/app/backend/tests/test_iter58_pii_e2e.py:193: no client/provider seeded</skipped></testcase><testcase classname="tests.test_iter58_pii_e2e" name="test_legacy_plain_doc" time="0.000"><skipped type="pytest.skip" message="no client/provider seeded">/app/backend/tests/test_iter58_pii_e2e.py:211: no client/provider seeded</skipped></testcase><testcase classname="tests.test_iter58_pii_e2e" name="test_tracking_number_still_searchable" time="0.000"><skipped type="pytest.skip" message="no client/provider seeded">/app/backend/tests/test_iter58_pii_e2e.py:251: no client/provider seeded</skipped></testcase><testcase classname="tests.test_iter58_pii_e2e" name="test_double_encrypt_idempotent" time="0.000"><skipped type="pytest.skip" message="no client/provider seeded">/app/backend/tests/test_iter58_pii_e2e.py:264: no client/provider seeded</skipped></testcase><testcase classname="tests.test_iter58_pii_e2e" name="test_reports_packages_developer_plain" time="0.000"><skipped type="pytest.skip" message="no client/provider seeded">/app/backend/tests/test_iter58_pii_e2e.py:286: no client/provider seeded</skipped></testcase><testcase classname="tests.test_iter58_pii_e2e" name="test_reports_packages_agent_masked" time="0.000"><skipped type="pytest.skip" message="no client/provider seeded">/app/backend/tests/test_iter58_pii_e2e.py:302: no client/provider seeded</skipped></testcase><testcase classname="tests.test_iter58_pii_e2e" name="test_quality_packages_developer_plain" time="0.000"><skipped type="pytest.skip" message="no client/provider seeded">/app/backend/tests/test_iter58_pii_e2e.py:318: no client/provider seeded</skipped></testcase><testcase classname="tests.test_iter58_pii_e2e" name="test_quality_packages_agent_masked" time="0.000"><skipped type="pytest.skip" message="no client/provider seeded">/app/backend/tests/test_iter58_pii_e2e.py:332: no client/provider seeded</skipped></testcase></testsuite></testsuites>