<?xml version="1.0" encoding="utf-8"?><testsuites name="pytest tests"><testsuite name="pytest" errors="0" failures="0" skipped="2" tests="12" time="3.299" timestamp="2026-04-26T01:31:05.255868+00:00" hostname="agent-env-2cff496f-fda7-4b6d-92fe-6228c37d15d3"><testcase classname="tests.test_iter58_pii_e2e" name="test_packages_encrypted_in_mongo" time="1.555" /><testcase classname="tests.test_iter58_pii_e2e" name="test_developer_sees_plain" time="0.117" /><testcase classname="tests.test_iter58_pii_e2e" name="test_coordinator_sees_plain" time="0.119" /><testcase classname="tests.test_iter58_pii_e2e" name="test_agent_sees_masked" time="0.122" /><testcase classname="tests.test_iter58_pii_e2e" name="test_proveedor_sees_masked" time="0.122" /><testcase classname="tests.test_iter58_pii_e2e" name="test_legacy_plain_doc" time="0.222" /><testcase classname="tests.test_iter58_pii_e2e" name="test_tracking_number_still_searchable" time="0.001" /><testcase classname="tests.test_iter58_pii_e2e" name="test_double_encrypt_idempotent" time="0.135" /><testcase classname="tests.test_iter58_pii_e2e" name="test_reports_packages_developer_plain" time="0.297" /><testcase classname="tests.test_iter58_pii_e2e" name="test_reports_packages_agent_masked" time="0.303" /><testcase classname="tests.test_iter58_pii_e2e" name="test_quality_packages_developer_plain" time="0.129"><skipped type="pytest.skip" message="no iter58 pkgs in quality response">/app/backend/tests/test_iter58_pii_e2e.py:328: no iter58 pkgs in quality response</skipped></testcase><testcase classname="tests.test_iter58_pii_e2e" name="test_quality_packages_agent_masked" time="0.112"><skipped type="pytest.skip" message="agent has no visibility on iter58 quality packages">/app/backend/tests/test_iter58_pii_e2e.py:342: agent has no visibility on iter58 quality packages</skipped></testcase></testsuite></testsuites>