<?xml version="1.0" encoding="utf-8"?><testsuites name="pytest tests"><testsuite name="pytest" errors="0" failures="0" skipped="0" tests="17" time="3.524" timestamp="2026-04-26T00:41:00.624077+00:00" hostname="agent-env-2cff496f-fda7-4b6d-92fe-6228c37d15d3"><testcase classname="tests.test_iter56_sel01_e2e" name="test_cubbo_bootstrap" time="0.945" /><testcase classname="tests.test_iter56_sel01_e2e" name="test_list_client_configs_includes_cubbo" time="0.053" /><testcase classname="tests.test_iter56_sel01_e2e" name="test_legacy_client_auto_create_on_first_read" time="0.111" /><testcase classname="tests.test_iter56_sel01_e2e" name="test_patch_validation_bad_scheduler_time" time="0.054" /><testcase classname="tests.test_iter56_sel01_e2e" name="test_patch_validation_max_daily_999" time="0.058" /><testcase classname="tests.test_iter56_sel01_e2e" name="test_patch_validation_max_daily_zero" time="0.052" /><testcase classname="tests.test_iter56_sel01_e2e" name="test_patch_preserves_unspecified_fields" time="0.112" /><testcase classname="tests.test_iter56_sel01_e2e" name="test_rbac_agent_forbidden" time="0.575" /><testcase classname="tests.test_iter56_sel01_e2e" name="test_rbac_proveedor_forbidden" time="0.357" /><testcase classname="tests.test_iter56_sel01_e2e" name="test_rbac_coordinator_can_run_but_not_config" time="0.460" /><testcase classname="tests.test_iter56_sel01_e2e" name="test_rbac_developer_ok" time="0.053" /><testcase classname="tests.test_iter56_sel01_e2e" name="test_audit_history_requires_client_id" time="0.059" /><testcase classname="tests.test_iter56_sel01_e2e" name="test_audit_history_with_client_id" time="0.055" /><testcase classname="tests.test_iter56_sel01_e2e" name="test_selection_run_no_plans" time="0.054" /><testcase classname="tests.test_iter56_sel01_e2e" name="test_selection_run_e2e_all_selected_phase1" time="0.317" /><testcase classname="tests.test_iter56_sel01_e2e" name="test_selection_phase1_pure_truncation" time="0.075" /><testcase classname="tests.test_iter56_sel01_e2e" name="test_restore_cubbo_canonical" time="0.068" /></testsuite></testsuites>