<?xml version="1.0" encoding="utf-8"?><testsuites name="pytest tests"><testsuite name="pytest" errors="0" failures="0" skipped="0" tests="8" time="38.353" timestamp="2026-04-25T17:35:10.985076+00:00" hostname="agent-env-2cff496f-fda7-4b6d-92fe-6228c37d15d3"><testcase classname="backend.tests.test_iter53_p02_p08.TestHealthEndpoint" name="test_health_no_auth_required" time="0.276" /><testcase classname="backend.tests.test_iter53_p02_p08.TestHealthEndpoint" name="test_health_response_under_500ms" time="0.113" /><testcase classname="backend.tests.test_iter53_p02_p08.TestHealthEndpoint" name="test_health_payload_structure" time="0.103" /><testcase classname="backend.tests.test_iter53_p02_p08.TestHealthEndpoint" name="test_health_database_collections_accessible" time="0.111" /><testcase classname="backend.tests.test_iter53_p02_p08.TestHealthEndpoint" name="test_health_storage_warning_persistence" time="0.114" /><testcase classname="backend.tests.test_iter53_p02_p08.TestHealthEndpoint" name="test_health_circuit_breakers_is_dict" time="0.112" /><testcase classname="backend.tests.test_iter53_p02_p08.TestGlobalRateLimit" name="test_health_excluded_from_rate_limit" time="2.696" /><testcase classname="backend.tests.test_iter53_p02_p08.TestGlobalRateLimit" name="test_global_rate_limit_returns_429" time="34.770" /></testsuite></testsuites>