<?xml version="1.0" encoding="utf-8"?><testsuites name="pytest tests"><testsuite name="pytest" errors="0" failures="0" skipped="0" tests="10" time="1.360" timestamp="2026-04-25T17:54:08.232606+00:00" hostname="agent-env-2cff496f-fda7-4b6d-92fe-6228c37d15d3"><testcase classname="tests.test_iter54_smart_autopause" name="test_autopause_disabled_does_not_trigger" time="0.097" /><testcase classname="tests.test_iter54_smart_autopause" name="test_autopause_below_threshold_does_not_trigger" time="0.003" /><testcase classname="tests.test_iter54_smart_autopause" name="test_autopause_above_threshold_triggers" time="0.003" /><testcase classname="tests.test_iter54_smart_autopause" name="test_autopause_below_min_events_does_not_trigger" time="0.003" /><testcase classname="tests.test_iter54_smart_autopause" name="test_autopause_count_fallback_when_no_cost" time="0.003" /><testcase classname="tests.test_iter54_api_e2e" name="test_get_config_includes_new_keys" time="0.608" /><testcase classname="tests.test_iter54_api_e2e" name="test_put_persists_changes" time="0.123" /><testcase classname="tests.test_iter54_api_e2e" name="test_put_clamps_out_of_bounds" time="0.124" /><testcase classname="tests.test_iter54_api_e2e" name="test_put_can_disable_autopause" time="0.126" /><testcase classname="tests.test_iter54_api_e2e" name="test_health_still_ok" time="0.193" /></testsuite></testsuites>