<?xml version="1.0" encoding="utf-8"?><testsuites name="pytest tests"><testsuite name="pytest" errors="0" failures="0" skipped="0" tests="9" time="3.379" timestamp="2026-05-10T21:53:21.631379+00:00" hostname="agent-env-4a74385b-fd5d-45cd-8b60-247b221bda81"><testcase classname="tests.test_iter19_user_audit_log.TestAuditLogMutations" name="test_create_emits_audit" time="0.317" /><testcase classname="tests.test_iter19_user_audit_log.TestAuditLogMutations" name="test_update_emits_audit_with_diff" time="0.084" /><testcase classname="tests.test_iter19_user_audit_log.TestAuditLogMutations" name="test_reset_password_emits_audit" time="0.312" /><testcase classname="tests.test_iter19_user_audit_log.TestAuditLogMutations" name="test_delete_emits_audit" time="0.084" /><testcase classname="tests.test_iter19_user_audit_log.TestAuditLogQuery" name="test_returns_count_by_action" time="0.767" /><testcase classname="tests.test_iter19_user_audit_log.TestAuditLogQuery" name="test_filter_by_action" time="0.313" /><testcase classname="tests.test_iter19_user_audit_log.TestAuditLogQuery" name="test_filter_by_target_email" time="0.535" /><testcase classname="tests.test_iter19_user_audit_log.TestAuditLogQuery" name="test_rbac_root_only" time="0.076" /><testcase classname="tests.test_iter19_user_audit_log.TestAuditLogQuery" name="test_tenant_isolation" time="0.082" /></testsuite></testsuites>