<?xml version="1.0" encoding="utf-8"?><testsuites name="pytest tests"><testsuite name="pytest" errors="0" failures="0" skipped="0" tests="58" time="7.696" timestamp="2026-05-11T17:01:36.548262+00:00" hostname="agent-env-4a74385b-fd5d-45cd-8b60-247b221bda81"><testcase classname="tests.test_carriers_health" name="test_health_mock_carrier_returns_is_mock_true" time="0.123" /><testcase classname="tests.test_carriers_health" name="test_health_can_use_code_instead_of_id" time="0.115" /><testcase classname="tests.test_carriers_health" name="test_health_unknown_carrier_returns_404" time="0.112" /><testcase classname="tests.test_carriers_health" name="test_health_routal_with_mocked_http" time="0.113" /><testcase classname="tests.test_carriers_health" name="test_agent_blocked" time="0.117" /><testcase classname="tests.test_carriers_health" name="test_cross_tenant_isolation" time="0.114" /><testcase classname="tests.test_carriers_health" name="test_track_routal_with_mocked_http" time="0.112" /><testcase classname="tests.test_carriers_health" name="test_track_invalid_tracking_id_returns_422" time="0.111" /><testcase classname="tests.test_workflow_and_cae" name="test_adapter_mock_returns_known_raw_code" time="0.059" /><testcase classname="tests.test_workflow_and_cae" name="test_normalizer_hits_catalog" time="0.126" /><testcase classname="tests.test_workflow_and_cae" name="test_normalizer_miss_registers_unmapped" time="0.139" /><testcase classname="tests.test_workflow_and_cae" name="test_ingest_with_incident_creates_assigned_ticket" time="0.166" /><testcase classname="tests.test_workflow_and_cae" name="test_ingest_then_delivered_resolves_open_ticket" time="0.176" /><testcase classname="tests.test_workflow_and_cae" name="test_sandbox_hit_and_miss" time="0.135" /><testcase classname="tests.test_workflow_and_cae" name="test_promote_unmapped_creates_catalog_row_and_drops_unmapped" time="0.158" /><testcase classname="tests.test_workflow_and_cae" name="test_admin_tickets_list_and_detail" time="0.175" /><testcase classname="tests.test_scheduler" name="test_scan_sla_finds_breach_and_records_event" time="0.130" /><testcase classname="tests.test_scheduler" name="test_scan_sla_ignores_waiting_and_terminal" time="0.119" /><testcase classname="tests.test_scheduler" name="test_scan_inactive_agents_marks_one" time="0.121" /><testcase classname="tests.test_scheduler" name="test_daily_summary_metrics_and_email_mock" time="0.118" /><testcase classname="tests.test_scheduler" name="test_daily_summary_no_recipient" time="0.102" /><testcase classname="tests.test_scheduler" name="test_admin_cron_status_disabled" time="0.105" /><testcase classname="tests.test_scheduler" name="test_admin_cron_run_sla" time="0.134" /><testcase classname="tests.test_scheduler" name="test_admin_cron_run_daily_summary" time="0.115" /><testcase classname="tests.test_scheduler" name="test_admin_cron_rbac_blocks_agent" time="0.111" /><testcase classname="tests.test_ingest" name="test_webhook_signed_creates_guia" time="0.123" /><testcase classname="tests.test_ingest" name="test_webhook_bad_signature_rejected" time="0.104" /><testcase classname="tests.test_ingest" name="test_webhook_update_then_terminal_then_blocked" time="0.127" /><testcase classname="tests.test_ingest" name="test_layout_csv_upload" time="0.120" /><testcase classname="tests.test_ingest" name="test_layout_rejects_non_csv" time="0.106" /><testcase classname="tests.test_ingest" name="test_admin_pull_returns_metadata_no_secrets" time="0.109" /><testcase classname="tests.test_admin_hierarchy" name="test_project_crud_and_isolation" time="0.105" /><testcase classname="tests.test_admin_hierarchy" name="test_client_credentials_encrypted_and_redacted" time="0.123" /><testcase classname="tests.test_admin_hierarchy" name="test_client_requires_existing_project_in_same_tenant" time="0.101" /><testcase classname="tests.test_admin_hierarchy" name="test_subclient_lifecycle" time="0.125" /><testcase classname="tests.test_admin_hierarchy" name="test_carrier_crud" time="0.096" /><testcase classname="tests.test_admin_hierarchy" name="test_admin_endpoints_reject_lower_roles" time="0.089" /><testcase classname="tests.test_admin_hierarchy" name="test_tenants_admin_requires_root_dev" time="0.092" /><testcase classname="tests.test_p2_features.TestFilter" name="test_no_filter_passes" time="0.066" /><testcase classname="tests.test_p2_features.TestFilter" name="test_legacy_dict_root_match" time="0.068" /><testcase classname="tests.test_p2_features.TestFilter" name="test_jsonpath_existence" time="0.084" /><testcase classname="tests.test_p2_features.TestFilter" name="test_jsonpath_value_match" time="0.084" /><testcase classname="tests.test_p2_features.TestFilter" name="test_jsonpath_invalid_expression_drops" time="0.077" /><testcase classname="tests.test_p2_features.TestBurstMode" name="test_paused_subscription_keeps_event_in_queue" time="0.195" /><testcase classname="tests.test_p2_features.TestBurstMode" name="test_resume_endpoint_clears_paused" time="0.198" /><testcase classname="tests.test_p2_features.TestReadme" name="test_basic_generation" time="0.063" /><testcase classname="tests.test_p2_features.TestReadme" name="test_pii_callout" time="0.063" /><testcase classname="tests.test_p2_features.TestReadmeEndpoint" name="test_returns_markdown" time="0.212" /><testcase classname="tests.test_p2_features.TestEchoPublic" name="test_echo_no_auth_required" time="0.080" /><testcase classname="tests.test_p2_features.TestEchoPublic" name="test_echo_invalid_signature_still_2xx_but_flagged" time="0.071" /><testcase classname="tests.test_p2_features.TestEchoPublic" name="test_echo_chaos_fail_rate_100_returns_500" time="0.070" /><testcase classname="tests.test_p2_features.TestEchoPublic" name="test_echo_status_override" time="0.068" /><testcase classname="tests.test_p2_features.TestEchoPublic" name="test_received_list" time="0.075" /><testcase classname="tests.test_p2_features.TestAuditorAttestation" name="test_csv_download_appends_attestation" time="0.133" /><testcase classname="tests.test_p2_features.TestAuditorAttestation" name="test_review_attestation_endpoint" time="0.128" /><testcase classname="tests.test_p2_features.TestAuditorAttestation" name="test_review_requires_comment" time="0.093" /><testcase classname="tests.test_p2_features.TestRoutalPulling" name="test_pull_routal_calls_adapter_and_ingests" time="0.242" /><testcase classname="tests.test_p2_features.TestRoutalPulling" name="test_pull_routal_skips_when_no_config" time="0.195" /></testsuite></testsuites>