<?xml version="1.0" encoding="utf-8"?><testsuites name="pytest tests"><testsuite name="pytest" errors="0" failures="0" skipped="0" tests="11" time="1.474" timestamp="2026-05-10T22:57:27.589056+00:00" hostname="agent-env-4a74385b-fd5d-45cd-8b60-247b221bda81"><testcase classname="tests.test_iter21_users_onboarding.TestOnboardingStatus" name="test_default_not_completed_agent" time="0.076" /><testcase classname="tests.test_iter21_users_onboarding.TestOnboardingStatus" name="test_suggested_tour_admin" time="0.065" /><testcase classname="tests.test_iter21_users_onboarding.TestOnboardingStatus" name="test_suggested_tour_root_dev" time="0.064" /><testcase classname="tests.test_iter21_users_onboarding.TestOnboardingStatus" name="test_suggested_tour_client_viewer_falls_back_to_agent" time="0.064" /><testcase classname="tests.test_iter21_users_onboarding.TestOnboardingStatus" name="test_status_requires_auth" time="0.042" /><testcase classname="tests.test_iter21_users_onboarding.TestOnboardingComplete" name="test_complete_persists" time="0.065" /><testcase classname="tests.test_iter21_users_onboarding.TestOnboardingComplete" name="test_complete_is_idempotent" time="0.067" /><testcase classname="tests.test_iter21_users_onboarding.TestOnboardingComplete" name="test_complete_requires_auth" time="0.043" /><testcase classname="tests.test_iter21_users_onboarding.TestOnboardingReset" name="test_reset_clears_flag" time="0.067" /><testcase classname="tests.test_iter21_users_onboarding.TestOnboardingReset" name="test_reset_unsets_timestamp" time="0.071" /><testcase classname="tests.test_iter21_users_onboarding.TestOnboardingIsolation" name="test_user_isolation" time="0.069" /></testsuite></testsuites>