<?xml version="1.0" encoding="utf-8"?><testsuites name="pytest tests"><testsuite name="pytest" errors="0" failures="0" skipped="0" tests="19" time="3.005" timestamp="2026-05-11T18:11:21.084148+00:00" hostname="agent-env-4a74385b-fd5d-45cd-8b60-247b221bda81"><testcase classname="tests.test_iter25_platform_carriers.TestPlatformRepo" name="test_upsert_encrypts_secrets" time="0.128" /><testcase classname="tests.test_iter25_platform_carriers.TestPlatformRepo" name="test_upsert_fedex_handles_client_secret" time="0.079" /><testcase classname="tests.test_iter25_platform_carriers.TestPlatformRepo" name="test_partial_update_preserves_secrets" time="0.078" /><testcase classname="tests.test_iter25_platform_carriers.TestPlatformRepo" name="test_grant_and_revoke_tenant_access" time="0.115" /><testcase classname="tests.test_iter25_platform_carriers.TestResolverHierarchy" name="test_client_level_wins_when_set" time="0.117" /><testcase classname="tests.test_iter25_platform_carriers.TestResolverHierarchy" name="test_tenant_level_carrier_wins_when_no_client_override" time="0.127" /><testcase classname="tests.test_iter25_platform_carriers.TestResolverHierarchy" name="test_platform_inherits_when_open_access" time="0.113" /><testcase classname="tests.test_iter25_platform_carriers.TestResolverHierarchy" name="test_platform_blocked_when_tenant_not_in_whitelist" time="0.115" /><testcase classname="tests.test_iter25_platform_carriers.TestResolverHierarchy" name="test_platform_filters_project_ids_by_tenant" time="0.112" /><testcase classname="tests.test_iter25_platform_carriers.TestResolverHierarchy" name="test_disabled_tenant_entry_blocks_inheritance" time="0.112" /><testcase classname="tests.test_iter25_platform_carriers.TestResolverHierarchy" name="test_no_match_returns_none" time="0.099" /><testcase classname="tests.test_iter25_platform_carriers.TestRESTEndpoints" name="test_root_dev_can_put_and_get" time="0.117" /><testcase classname="tests.test_iter25_platform_carriers.TestRESTEndpoints" name="test_admin_role_forbidden" time="0.103" /><testcase classname="tests.test_iter25_platform_carriers.TestRESTEndpoints" name="test_no_auth_401" time="0.058" /><testcase classname="tests.test_iter25_platform_carriers.TestRESTEndpoints" name="test_grant_revoke_access" time="0.124" /><testcase classname="tests.test_iter25_platform_carriers.TestRESTEndpoints" name="test_grant_on_missing_carrier_404" time="0.109" /><testcase classname="tests.test_iter25_platform_carriers.TestRESTEndpoints" name="test_list_endpoint" time="0.126" /><testcase classname="tests.test_iter25_platform_carriers.TestCancelWithResolver" name="test_cancel_uses_platform_creds_when_no_client_cfg" time="0.164" /><testcase classname="tests.test_iter25_platform_carriers.TestCancelWithResolver" name="test_cancel_400_when_no_resolved_creds" time="0.132" /></testsuite></testsuites>