<?xml version="1.0" encoding="utf-8"?><testsuites name="pytest tests"><testsuite name="pytest" errors="0" failures="1" skipped="0" tests="12" time="3.646" timestamp="2026-04-25T18:58:15.095994+00:00" hostname="agent-env-2cff496f-fda7-4b6d-92fe-6228c37d15d3"><testcase classname="tests.test_iter55_e2e_integrations" name="test_health" time="0.266" /><testcase classname="tests.test_iter55_e2e_integrations" name="test_rbac_agent_forbidden" time="0.580" /><testcase classname="tests.test_iter55_e2e_integrations" name="test_rbac_coordinator_forbidden" time="0.554" /><testcase classname="tests.test_iter55_e2e_integrations" name="test_rbac_developer_allowed" time="0.454" /><testcase classname="tests.test_iter55_e2e_integrations" name="test_upsert_and_persistence" time="0.384" /><testcase classname="tests.test_iter55_e2e_integrations" name="test_test_endpoint_graceful" time="0.349" /><testcase classname="tests.test_iter55_e2e_integrations" name="test_status_patch_active" time="0.119" /><testcase classname="tests.test_iter55_e2e_integrations" name="test_webhook_status_endpoint" time="0.153" /><testcase classname="tests.test_iter55_e2e_integrations" name="test_webhook_invalid_hmac_rejected" time="0.112" /><testcase classname="tests.test_iter55_e2e_integrations" name="test_webhook_valid_hmac_accepted" time="0.131" /><testcase classname="tests.test_iter55_e2e_integrations" name="test_webhook_idempotency" time="0.227" /><testcase classname="tests.test_iter55_e2e_integrations" name="test_zz_delete_integration" time="0.224"><failure message="assert 200 == 404&#10; +  where 200 = &lt;Response [200]&gt;.status_code">tests/test_iter55_e2e_integrations.py:256: in test_zz_delete_integration
    assert g.status_code == 404
E   assert 200 == 404
E    +  where 200 = &lt;Response [200]&gt;.status_code</failure></testcase></testsuite></testsuites>