<?xml version="1.0" encoding="utf-8"?><testsuites name="pytest tests"><testsuite name="pytest" errors="0" failures="0" skipped="0" tests="9" time="1.670" timestamp="2026-05-08T23:13:27.778755+00:00" hostname="agent-env-4a74385b-fd5d-45cd-8b60-247b221bda81"><testcase classname="tests.test_claims" name="test_promote_ticket_to_claim_creates_claim_and_timeline" time="0.156" /><testcase classname="tests.test_claims" name="test_promote_rejects_non_terminal_ticket" time="0.140" /><testcase classname="tests.test_claims" name="test_promote_twice_blocked_by_unique_active" time="0.153" /><testcase classname="tests.test_claims" name="test_promote_cross_tenant_returns_404" time="0.135" /><testcase classname="tests.test_claims" name="test_transition_matrix_blocks_skipping_steps" time="0.150" /><testcase classname="tests.test_claims" name="test_expediente_autoadvances_then_send_requires_full_kit" time="0.169" /><testcase classname="tests.test_claims" name="test_terminal_claim_silently_ignores_updates" time="0.164" /><testcase classname="tests.test_claims" name="test_list_and_detail_endpoints" time="0.163" /><testcase classname="tests.test_claims" name="test_ticket_detail_includes_active_claim" time="0.158" /></testsuite></testsuites>