<?xml version="1.0" encoding="utf-8"?><testsuites name="pytest tests"><testsuite name="pytest" errors="0" failures="0" skipped="0" tests="5" time="1.783" timestamp="2026-05-08T23:44:05.996857+00:00" hostname="agent-env-4a74385b-fd5d-45cd-8b60-247b221bda81"><testcase classname="tests.test_notifications_public" name="test_config_returns_resend_state" time="0.490" /><testcase classname="tests.test_notifications_public" name="test_config_rbac_blocks_agent" time="0.462" /><testcase classname="tests.test_notifications_public" name="test_test_endpoint_rbac_blocks_agent" time="0.113" /><testcase classname="tests.test_notifications_public" name="test_test_endpoint_returns_resend_failure_for_non_owner" time="0.363" /><testcase classname="tests.test_notifications_public" name="test_test_endpoint_real_send_to_owner" time="0.292" /></testsuite></testsuites>