<?xml version="1.0" encoding="utf-8"?><testsuites name="pytest tests"><testsuite name="pytest" errors="0" failures="0" skipped="0" tests="8" time="2.788" timestamp="2026-05-08T23:14:03.877647+00:00" hostname="agent-env-4a74385b-fd5d-45cd-8b60-247b221bda81"><testcase classname="tests.test_claims_public" name="test_health_via_ingress" time="0.163" /><testcase classname="tests.test_claims_public" name="test_login_agent_seed" time="0.367" /><testcase classname="tests.test_claims_public" name="test_list_reclamos_agent_via_public" time="0.455" /><testcase classname="tests.test_claims_public" name="test_list_reclamos_filtered_by_estado" time="0.483" /><testcase classname="tests.test_claims_public" name="test_reclamos_requires_auth" time="0.131" /><testcase classname="tests.test_claims_public" name="test_promote_nonexistent_ticket_returns_404" time="0.501" /><testcase classname="tests.test_claims_public" name="test_claim_detail_404_for_unknown_id" time="0.473" /><testcase classname="tests.test_claims_public" name="test_dictamen_ingest_is_public_but_rejects_no_body" time="0.155" /></testsuite></testsuites>