<?xml version="1.0" encoding="utf-8"?><testsuites name="pytest tests"><testsuite name="pytest" errors="0" failures="0" skipped="0" tests="17" time="1.323" timestamp="2026-05-09T05:16:53.097960+00:00" hostname="agent-env-4a74385b-fd5d-45cd-8b60-247b221bda81"><testcase classname="tests.test_ai_v2.TestPIIMasking" name="test_email_phone_address_basic" time="0.001" /><testcase classname="tests.test_ai_v2.TestPIIMasking" name="test_deterministic_same_entity_same_token" time="0.000" /><testcase classname="tests.test_ai_v2.TestPIIMasking" name="test_two_distinct_entities_distinct_tokens" time="0.000" /><testcase classname="tests.test_ai_v2.TestPIIMasking" name="test_unmask_restores_internal" time="0.000" /><testcase classname="tests.test_ai_v2.TestPIIMasking" name="test_unknown_token_in_output_is_left_literal" time="0.000" /><testcase classname="tests.test_ai_v2.TestPIIMasking" name="test_no_pii_returns_original" time="0.000" /><testcase classname="tests.test_ai_v2.TestPIIMasking" name="test_mask_dict_harvests_known_fields" time="0.000" /><testcase classname="tests.test_ai_v2.TestPIIMasking" name="test_rfc_curp_detected" time="0.000" /><testcase classname="tests.test_ai_v2.TestAICostCap" name="test_consumption_below_cap_invoke_proceeds" time="0.103" /><testcase classname="tests.test_ai_v2.TestAICostCap" name="test_consumption_at_cap_returns_capped" time="0.098" /><testcase classname="tests.test_ai_v2.TestAICostCap" name="test_estimation_exceeds_cap_blocks_pre_call" time="0.096" /><testcase classname="tests.test_ai_v2.TestAIOptOut" name="test_active_client_invokes_then_optout_blocks" time="0.098" /><testcase classname="tests.test_ai_v2.TestAIOptOut" name="test_optout_endpoint_writes_log" time="0.107" /><testcase classname="tests.test_ai_v2.TestAIOptInExplicit" name="test_invoke_blocked_without_opt_in" time="0.102" /><testcase classname="tests.test_ai_v2.TestAIOptInExplicit" name="test_invoke_blocked_when_feature_not_enabled" time="0.105" /><testcase classname="tests.test_ai_v2.TestR42Draft" name="test_client_final_feature_returns_draft_true" time="0.103" /><testcase classname="tests.test_ai_v2.TestR42Draft" name="test_agent_internal_feature_returns_draft_false" time="0.099" /></testsuite></testsuites>