<?xml version="1.0" encoding="utf-8"?><testsuites name="pytest tests"><testsuite name="pytest" errors="0" failures="0" skipped="0" tests="21" time="1.919" timestamp="2026-05-09T06:41:11.586113+00:00" hostname="agent-env-4a74385b-fd5d-45cd-8b60-247b221bda81"><testcase classname="tests.test_prompts_21_22_23.TestZenviaSend" name="test_send_text_no_api_key_returns_mocked" time="0.002" /><testcase classname="tests.test_prompts_21_22_23.TestZenviaSend" name="test_send_text_invalid_e164" time="0.001" /><testcase classname="tests.test_prompts_21_22_23.TestZenviaSend" name="test_send_endpoint_persists_outbound" time="0.062" /><testcase classname="tests.test_prompts_21_22_23.TestZenviaInboundWebhook" name="test_verify_signature_valid" time="0.000" /><testcase classname="tests.test_prompts_21_22_23.TestZenviaInboundWebhook" name="test_verify_signature_invalid" time="0.000" /><testcase classname="tests.test_prompts_21_22_23.TestZenviaInboundWebhook" name="test_parse_inbound_normalizes_payload" time="0.000" /><testcase classname="tests.test_prompts_21_22_23.TestZenviaInboundWebhook" name="test_inbound_endpoint_signature_required" time="0.003" /><testcase classname="tests.test_prompts_21_22_23.TestZenviaInboundWebhook" name="test_inbound_endpoint_persists_message_with_ticket_link" time="0.065" /><testcase classname="tests.test_prompts_21_22_23.TestZenviaConversation" name="test_get_conversation_for_ticket" time="0.055" /><testcase classname="tests.test_prompts_21_22_23.TestHeatmap" name="test_buckets_groups_by_grid" time="0.061" /><testcase classname="tests.test_prompts_21_22_23.TestHeatmap" name="test_heatmap_endpoint" time="0.047" /><testcase classname="tests.test_prompts_21_22_23.TestHeatmap" name="test_geocode_uses_cache_on_second_call" time="0.014" /><testcase classname="tests.test_prompts_21_22_23.TestBulkActions" name="test_bulk_close" time="0.061" /><testcase classname="tests.test_prompts_21_22_23.TestBulkActions" name="test_bulk_close_skips_terminal" time="0.066" /><testcase classname="tests.test_prompts_21_22_23.TestBulkActions" name="test_bulk_assign" time="0.064" /><testcase classname="tests.test_prompts_21_22_23.TestBulkActions" name="test_bulk_add_comment_creates_events" time="0.062" /><testcase classname="tests.test_prompts_21_22_23.TestBulkActions" name="test_bulk_change_status" time="0.060" /><testcase classname="tests.test_prompts_21_22_23.TestBulkActions" name="test_bulk_export_pdf_returns_zip" time="0.271" /><testcase classname="tests.test_prompts_21_22_23.TestBulkActions" name="test_bulk_skipped_ids_other_tenant" time="0.067" /><testcase classname="tests.test_prompts_21_22_23.TestPdfExport" name="test_export_single_ticket" time="0.133" /><testcase classname="tests.test_prompts_21_22_23.TestPdfExport" name="test_export_404_other_tenant" time="0.053" /></testsuite></testsuites>