<?xml version="1.0" encoding="utf-8"?><testsuites name="pytest tests"><testsuite name="pytest" errors="0" failures="0" skipped="0" tests="14" time="1.480" timestamp="2026-05-06T23:34:24.684939+00:00" hostname="agent-env-2cff496f-fda7-4b6d-92fe-6228c37d15d3"><testcase classname="tests.test_iter86_additive_quota" name="test_1_auto_backfill_skips_empty_routes" time="0.088" /><testcase classname="tests.test_iter86_additive_quota" name="test_2_manual_backfill_skips_empty_routes" time="0.001" /><testcase classname="tests.test_iter86_additive_quota" name="test_3_additive_quota_scenario_A" time="0.031" /><testcase classname="tests.test_iter86_additive_quota" name="test_4_additive_quota_scenario_B" time="0.035" /><testcase classname="tests.test_iter86_additive_quota" name="test_5_additive_quota_scenario_C" time="0.021" /><testcase classname="tests.test_iter86_additive_quota" name="test_6_preserve_phase_and_journey_id" time="0.018" /><testcase classname="tests.test_iter86_additive_quota" name="test_7_idempotent_rerun_no_new_plans" time="0.018" /><testcase classname="tests.test_iter86_additive_quota" name="test_8_max_daily_zero" time="0.020" /><testcase classname="tests.test_iter86_additive_quota" name="test_9_saturated_extra_driver_unselected" time="0.020" /><testcase classname="tests.test_iter86_additive_quota" name="test_10a_regression_routal_inactive" time="0.002" /><testcase classname="tests.test_iter86_additive_quota" name="test_10b_regression_maybe_backfill_skip_when_pending" time="0.008" /><testcase classname="tests.test_iter86_additive_quota" name="test_11a_health_routal_sync" time="0.360" /><testcase classname="tests.test_iter86_additive_quota" name="test_11b_scheduler_started_no_import_errors" time="0.012" /><testcase classname="tests.test_iter86_additive_quota" name="test_11c_admin_routes_report_regression" time="0.650" /></testsuite></testsuites>