<?xml version="1.0" encoding="utf-8"?><testsuites name="pytest tests"><testsuite name="pytest" errors="0" failures="0" skipped="0" tests="19" time="4.414" timestamp="2026-04-26T01:09:18.513328+00:00" hostname="agent-env-2cff496f-fda7-4b6d-92fe-6228c37d15d3"><testcase classname="backend.tests.test_iter57_kosmo_manual_seed.TestKosmoHealth" name="test_kosmo_test_shape_and_no_api_key_required" time="0.675" /><testcase classname="backend.tests.test_iter57_kosmo_manual_seed.TestManualHealth" name="test_manual_test_shape" time="0.248" /><testcase classname="backend.tests.test_iter57_kosmo_manual_seed.TestRoutalRegression" name="test_routal_still_works" time="0.258" /><testcase classname="backend.tests.test_iter57_kosmo_manual_seed.TestRBACTestEndpoint" name="test_coordinator_403" time="0.454" /><testcase classname="backend.tests.test_iter57_kosmo_manual_seed.TestRBACTestEndpoint" name="test_agent_403" time="0.466" /><testcase classname="backend.tests.test_iter57_kosmo_manual_seed.TestRBACTestEndpoint" name="test_proveedor_403" time="0.358" /><testcase classname="backend.tests.test_iter57_kosmo_manual_seed.TestManualSeed" name="test_seed_force_false_no_overwrite" time="0.240" /><testcase classname="backend.tests.test_iter57_kosmo_manual_seed.TestManualSeed" name="test_seed_force_true_updates" time="0.129" /><testcase classname="backend.tests.test_iter57_kosmo_manual_seed.TestManualSeed" name="test_seed_rbac_agent_403" time="0.109" /><testcase classname="backend.tests.test_iter57_kosmo_manual_seed.TestManualSeed" name="test_seed_rbac_proveedor_403" time="0.114" /><testcase classname="backend.tests.test_iter57_kosmo_manual_seed.TestManualSeed" name="test_seed_rbac_coordinator_200" time="0.123" /><testcase classname="backend.tests.test_iter57_kosmo_manual_seed.TestManualsList" name="test_list_has_at_least_14_with_6_sections" time="0.109" /><testcase classname="backend.tests.test_iter57_kosmo_manual_seed.TestManualsList" name="test_get_manual_by_slug_has_content_blocks[integraciones-saas]" time="0.286" /><testcase classname="backend.tests.test_iter57_kosmo_manual_seed.TestManualsList" name="test_get_manual_by_slug_has_content_blocks[auditorias-sel01]" time="0.117" /><testcase classname="backend.tests.test_iter57_kosmo_manual_seed.TestManualsList" name="test_get_manual_by_slug_has_content_blocks[lumi-asistente]" time="0.111" /><testcase classname="backend.tests.test_iter57_kosmo_manual_seed.TestManualsList" name="test_get_manual_by_slug_has_content_blocks[admin-ia-motor]" time="0.102" /><testcase classname="backend.tests.test_iter57_kosmo_manual_seed.TestManualsList" name="test_get_manual_by_slug_has_content_blocks[diccionario-tecnico]" time="0.111" /><testcase classname="backend.tests.test_iter57_kosmo_manual_seed.TestManualsList" name="test_get_manual_by_slug_has_content_blocks[webhooks-plug-play]" time="0.109" /><testcase classname="backend.tests.test_iter57_kosmo_manual_seed.TestManualsList" name="test_get_manual_by_slug_has_content_blocks[quality-criteria-v2]" time="0.213" /></testsuite></testsuites>