<?xml version="1.0" encoding="utf-8"?><testsuites name="pytest tests"><testsuite name="pytest" errors="0" failures="0" skipped="0" tests="9" time="1.668" timestamp="2026-05-06T23:20:18.851047+00:00" hostname="agent-env-2cff496f-fda7-4b6d-92fe-6228c37d15d3"><testcase classname="tests.test_iter85_selection_backfill" name="test_1_backfill_routal_inactive" time="0.062" /><testcase classname="tests.test_iter85_selection_backfill" name="test_2_maybe_backfill_skipped_when_pending" time="0.007" /><testcase classname="tests.test_iter85_selection_backfill" name="test_3_maybe_backfill_inactive_integration" time="0.006" /><testcase classname="tests.test_iter85_selection_backfill" name="test_4_maybe_backfill_with_mocked_routal" time="0.010" /><testcase classname="tests.test_iter85_selection_backfill" name="test_5_run_daily_selection_with_staged_plans" time="0.031" /><testcase classname="tests.test_iter85_selection_backfill" name="test_6_scheduler_loop_started_in_logs" time="0.004" /><testcase classname="tests.test_iter85_selection_backfill" name="test_7a_routes_report_regression" time="0.541" /><testcase classname="tests.test_iter85_selection_backfill" name="test_7b_health_routal_sync_regression" time="0.204" /><testcase classname="tests.test_iter85_selection_backfill" name="test_8_manual_run_endpoint_does_not_auto_backfill" time="0.653" /></testsuite></testsuites>