<?xml version="1.0" encoding="utf-8"?><testsuites name="pytest tests"><testsuite name="pytest" errors="0" failures="0" skipped="2" tests="444" time="110.245" timestamp="2026-05-11T17:34:44.130569+00:00" hostname="agent-env-4a74385b-fd5d-45cd-8b60-247b221bda81"><testcase classname="tests.test_admin_hierarchy" name="test_project_crud_and_isolation" time="0.126" /><testcase classname="tests.test_admin_hierarchy" name="test_client_credentials_encrypted_and_redacted" time="0.126" /><testcase classname="tests.test_admin_hierarchy" name="test_client_requires_existing_project_in_same_tenant" time="0.109" /><testcase classname="tests.test_admin_hierarchy" name="test_subclient_lifecycle" time="0.144" /><testcase classname="tests.test_admin_hierarchy" name="test_carrier_crud" time="0.110" /><testcase classname="tests.test_admin_hierarchy" name="test_admin_endpoints_reject_lower_roles" time="0.103" /><testcase classname="tests.test_admin_hierarchy" name="test_tenants_admin_requires_root_dev" time="0.102" /><testcase classname="tests.test_agent_supervisor_dashboard" name="test_agent_queue_and_take" time="0.203" /><testcase classname="tests.test_agent_supervisor_dashboard" name="test_agent_change_status" time="0.186" /><testcase classname="tests.test_agent_supervisor_dashboard" name="test_supervisor_tickets_by_agent" time="0.184" /><testcase classname="tests.test_agent_supervisor_dashboard" name="test_dashboard_kpis" time="0.201" /><testcase classname="tests.test_agent_supervisor_dashboard" name="test_dashboard_requires_supervisor" time="0.151" /><testcase classname="tests.test_ai_load.TestAILoad" name="test_1k_concurrent_invocations_no_race_conditions" time="2.229" /><testcase classname="tests.test_ai_load.TestAILoad" name="test_1k_concurrent_with_cache_hits" time="1.551" /><testcase classname="tests.test_ai_load.TestAILoad" name="test_concurrent_invocations_log_append_only" time="0.687" /><testcase classname="tests.test_ai_p1.TestCircuitBreaker" name="test_closed_allows_calls" time="0.083" /><testcase classname="tests.test_ai_p1.TestCircuitBreaker" name="test_opens_after_threshold_failures" time="0.077" /><testcase classname="tests.test_ai_p1.TestCircuitBreaker" name="test_half_open_recovery_on_success" time="0.158" /><testcase classname="tests.test_ai_p1.TestCircuitBreaker" name="test_gateway_uses_breaker" time="0.176" /><testcase classname="tests.test_ai_p1.TestPromptCache" name="test_hit_after_put" time="0.076" /><testcase classname="tests.test_ai_p1.TestPromptCache" name="test_cross_tenant_miss" time="0.080" /><testcase classname="tests.test_ai_p1.TestPromptCache" name="test_ttl_expiry" time="0.157" /><testcase classname="tests.test_ai_p1.TestPromptCache" name="test_gateway_serves_from_cache_on_second_call" time="0.170" /><testcase classname="tests.test_ai_p1.TestStreamingSSE" name="test_invoke_stream_emits_chunks_and_done" time="0.272" /><testcase classname="tests.test_ai_p1.TestApproveAndWebhook" name="test_approve_marks_invocation" time="0.175" /><testcase classname="tests.test_ai_p1.TestApproveAndWebhook" name="test_approve_double_blocks" time="0.172" /><testcase classname="tests.test_ai_p1.TestApproveAndWebhook" name="test_webhook_outbound_signature_and_marking" time="0.159" /><testcase classname="tests.test_ai_p1.TestDailySummaryAISection" name="test_metrics_aggregates_today_invocations" time="0.155" /><testcase classname="tests.test_ai_p1.TestDailySummaryAISection" name="test_render_summary_includes_ai_block_when_invocations" time="0.076" /><testcase classname="tests.test_ai_p1.TestDailySummaryAISection" name="test_render_summary_omits_ai_block_when_zero" time="0.075" /><testcase classname="tests.test_ai_p2.TestBenchmark" name="test_dry_run_returns_estimates_for_all_models" time="0.143" /><testcase classname="tests.test_ai_p2.TestBenchmark" name="test_endpoint_run_dry_run" time="0.155" /><testcase classname="tests.test_ai_p2.TestBenchmark" name="test_endpoint_admin_forbidden" time="0.140" /><testcase classname="tests.test_ai_p2.TestBenchmark" name="test_list_benchmarks" time="0.152" /><testcase classname="tests.test_ai_p2.TestAuditExport" name="test_csv_signature_validates" time="0.151" /><testcase classname="tests.test_ai_p2.TestAuditExport" name="test_csv_filters_by_date_and_status" time="0.147" /><testcase classname="tests.test_ai_p2.TestAuditExport" name="test_endpoint_csv_download" time="0.158" /><testcase classname="tests.test_ai_p2.TestAuditExport" name="test_endpoint_admin_forbidden" time="0.135" /><testcase classname="tests.test_ai_p2.TestAuditExport" name="test_endpoint_preview_returns_signature_and_sample" time="0.136" /><testcase classname="tests.test_ai_v2.TestPIIMasking" name="test_email_phone_address_basic" time="0.074" /><testcase classname="tests.test_ai_v2.TestPIIMasking" name="test_deterministic_same_entity_same_token" time="0.072" /><testcase classname="tests.test_ai_v2.TestPIIMasking" name="test_two_distinct_entities_distinct_tokens" time="0.073" /><testcase classname="tests.test_ai_v2.TestPIIMasking" name="test_unmask_restores_internal" time="0.075" /><testcase classname="tests.test_ai_v2.TestPIIMasking" name="test_unknown_token_in_output_is_left_literal" time="0.077" /><testcase classname="tests.test_ai_v2.TestPIIMasking" name="test_no_pii_returns_original" time="0.074" /><testcase classname="tests.test_ai_v2.TestPIIMasking" name="test_mask_dict_harvests_known_fields" time="0.071" /><testcase classname="tests.test_ai_v2.TestPIIMasking" name="test_rfc_curp_detected" time="0.074" /><testcase classname="tests.test_ai_v2.TestAICostCap" name="test_consumption_below_cap_invoke_proceeds" time="0.187" /><testcase classname="tests.test_ai_v2.TestAICostCap" name="test_consumption_at_cap_returns_capped" time="0.186" /><testcase classname="tests.test_ai_v2.TestAICostCap" name="test_estimation_exceeds_cap_blocks_pre_call" time="0.181" /><testcase classname="tests.test_ai_v2.TestAIOptOut" name="test_active_client_invokes_then_optout_blocks" time="0.196" /><testcase classname="tests.test_ai_v2.TestAIOptOut" name="test_optout_endpoint_writes_log" time="0.201" /><testcase classname="tests.test_ai_v2.TestAIOptInExplicit" name="test_invoke_blocked_without_opt_in" time="0.186" /><testcase classname="tests.test_ai_v2.TestAIOptInExplicit" name="test_invoke_blocked_when_feature_not_enabled" time="0.176" /><testcase classname="tests.test_ai_v2.TestR42Draft" name="test_client_final_feature_returns_draft_true" time="0.178" /><testcase classname="tests.test_ai_v2.TestR42Draft" name="test_agent_internal_feature_returns_draft_false" time="0.182" /><testcase classname="tests.test_ai_v2.TestR38SingleEntry" name="test_no_llm_imports_outside_services_ai" time="0.078" /><testcase classname="tests.test_api_e2e" name="test_health_envelope" time="0.269" /><testcase classname="tests.test_api_e2e" name="test_login_root_dev_success" time="0.428" /><testcase classname="tests.test_api_e2e" name="test_login_superadmin_success" time="0.433" /><testcase classname="tests.test_api_e2e" name="test_login_wrong_password_returns_401_auth_required" time="0.392" /><testcase classname="tests.test_api_e2e" name="test_login_unknown_email_returns_401_same_message" time="0.208" /><testcase classname="tests.test_api_e2e" name="test_login_missing_fields_returns_422_validation_failed" time="0.189" /><testcase classname="tests.test_api_e2e" name="test_me_with_bearer" time="0.524" /><testcase classname="tests.test_api_e2e" name="test_me_without_auth_401" time="0.182" /><testcase classname="tests.test_api_e2e" name="test_logout_works" time="0.322" /><testcase classname="tests.test_api_e2e" name="test_cae_endpoints_authorized[/api/admin/cae/unmapped]" time="0.232" /><testcase classname="tests.test_api_e2e" name="test_cae_endpoints_authorized[/api/admin/cae/catalog]" time="0.208" /><testcase classname="tests.test_api_e2e" name="test_cae_endpoints_authorized[/api/admin/cae/audit-log]" time="0.189" /><testcase classname="tests.test_api_e2e" name="test_cae_endpoints_unauth_401[/api/admin/cae/unmapped]" time="0.181" /><testcase classname="tests.test_api_e2e" name="test_cae_endpoints_unauth_401[/api/admin/cae/catalog]" time="0.196" /><testcase classname="tests.test_api_e2e" name="test_cae_endpoints_unauth_401[/api/admin/cae/audit-log]" time="0.203" /><testcase classname="tests.test_api_e2e" name="test_redirect_target" time="0.198" /><testcase classname="tests.test_api_e2e" name="test_bruteforce_lockout_returns_429" time="0.088" /><testcase classname="tests.test_carriers_health" name="test_health_mock_carrier_returns_is_mock_true" time="0.131" /><testcase classname="tests.test_carriers_health" name="test_health_can_use_code_instead_of_id" time="0.129" /><testcase classname="tests.test_carriers_health" name="test_health_unknown_carrier_returns_404" time="0.130" /><testcase classname="tests.test_carriers_health" name="test_health_routal_with_mocked_http" time="0.137" /><testcase classname="tests.test_carriers_health" name="test_agent_blocked" time="0.130" /><testcase classname="tests.test_carriers_health" name="test_cross_tenant_isolation" time="0.132" /><testcase classname="tests.test_carriers_health" name="test_track_routal_with_mocked_http" time="0.133" /><testcase classname="tests.test_carriers_health" name="test_track_invalid_tracking_id_returns_422" time="0.132" /><testcase classname="tests.test_catalog_and_automation" name="test_motivo_create_and_validation" time="0.114" /><testcase classname="tests.test_catalog_and_automation" name="test_solucion_requires_existing_motivo" time="0.099" /><testcase classname="tests.test_catalog_and_automation" name="test_automation_default_deny_and_restricted_block" time="0.177" /><testcase classname="tests.test_catalog_and_automation" name="test_solucion_no_automatable_blocks" time="0.166" /><testcase classname="tests.test_catalog_and_automation" name="test_supervisor_cannot_toggle_permissions" time="0.108" /><testcase classname="tests.test_claims" name="test_promote_ticket_to_claim_creates_claim_and_timeline" time="0.267" /><testcase classname="tests.test_claims" name="test_promote_rejects_non_terminal_ticket" time="0.245" /><testcase classname="tests.test_claims" name="test_promote_twice_blocked_by_unique_active" time="0.319" /><testcase classname="tests.test_claims" name="test_promote_cross_tenant_returns_404" time="0.258" /><testcase classname="tests.test_claims" name="test_transition_matrix_blocks_skipping_steps" time="5.594" /><testcase classname="tests.test_claims" name="test_expediente_autoadvances_then_send_requires_full_kit" time="0.268" /><testcase classname="tests.test_claims" name="test_terminal_claim_silently_ignores_updates" time="0.255" /><testcase classname="tests.test_claims" name="test_list_and_detail_endpoints" time="0.262" /><testcase classname="tests.test_claims" name="test_ticket_detail_includes_active_claim" time="0.254" /><testcase classname="tests.test_claims_public" name="test_health_via_ingress" time="0.347" /><testcase classname="tests.test_claims_public" name="test_login_agent_seed" time="0.428" /><testcase classname="tests.test_claims_public" name="test_list_reclamos_agent_via_public" time="0.534" /><testcase classname="tests.test_claims_public" name="test_list_reclamos_filtered_by_estado" time="0.533" /><testcase classname="tests.test_claims_public" name="test_reclamos_requires_auth" time="0.179" /><testcase classname="tests.test_claims_public" name="test_promote_nonexistent_ticket_returns_404" time="0.526" /><testcase classname="tests.test_claims_public" name="test_claim_detail_404_for_unknown_id" time="0.544" /><testcase classname="tests.test_claims_public" name="test_dictamen_ingest_is_public_but_rejects_no_body" time="0.199" /><testcase classname="tests.test_client_auditor.TestRoleRegistration" name="test_role_present_in_rank" time="0.063" /><testcase classname="tests.test_client_auditor.TestRoleRegistration" name="test_default_landing_is_auditor_panel" time="0.066" /><testcase classname="tests.test_client_auditor.TestAuditorReadAccess" name="test_can_preview_audit_csv" time="0.136" /><testcase classname="tests.test_client_auditor.TestAuditorReadAccess" name="test_can_download_signed_csv" time="0.145" /><testcase classname="tests.test_client_auditor.TestAuditorReadAccess" name="test_can_list_invocation_log" time="0.134" /><testcase classname="tests.test_client_auditor.TestAuditorReadAccess" name="test_can_view_consumption_dashboard" time="0.136" /><testcase classname="tests.test_client_auditor.TestAuditorWriteDenied" name="test_cannot_create_feature" time="0.132" /><testcase classname="tests.test_client_auditor.TestAuditorWriteDenied" name="test_cannot_upsert_client_config" time="0.133" /><testcase classname="tests.test_client_auditor.TestAuditorWriteDenied" name="test_cannot_run_benchmark" time="0.143" /><testcase classname="tests.test_client_auditor.TestAuditorWriteDenied" name="test_cannot_invoke_ai" time="0.145" /><testcase classname="tests.test_client_auditor.TestAuditorOperationalDenied" name="test_cannot_list_admin_tickets" time="0.142" /><testcase classname="tests.test_client_auditor.TestAuditorOperationalDenied" name="test_cannot_access_agent_queue" time="0.141" /><testcase classname="tests.test_client_auditor.TestAuditorOperationalDenied" name="test_cannot_list_projects" time="0.139" /><testcase classname="tests.test_client_auditor.TestAuditorOperationalDenied" name="test_cannot_list_motivos" time="0.140" /><testcase classname="tests.test_client_auditor.TestAuditorCrossTenant" name="test_audit_csv_only_sees_own_tenant" time="0.157" /><testcase classname="tests.test_client_auditor.TestAuditorLogin" name="test_login_returns_redirect_to_auditor_panel" time="0.585" /><testcase classname="tests.test_cron_live_api" name="test_cron_status_running" time="0.614" /><testcase classname="tests.test_cron_live_api" name="test_cron_status_rbac_blocks_agent" time="0.551" /><testcase classname="tests.test_cron_live_api" name="test_cron_run_sla" time="0.197" /><testcase classname="tests.test_cron_live_api" name="test_cron_run_inactivity" time="0.227" /><testcase classname="tests.test_cron_live_api" name="test_cron_run_pulling" time="0.192" /><testcase classname="tests.test_cron_live_api" name="test_cron_run_daily_summary" time="0.434" /><testcase classname="tests.test_cron_live_api" name="test_cron_run_unknown_job" time="0.178" /><testcase classname="tests.test_evidences" name="test_upload_to_ticket_persists_file_and_timeline" time="0.169" /><testcase classname="tests.test_evidences" name="test_upload_to_claim_records_event" time="0.164" /><testcase classname="tests.test_evidences" name="test_upload_terminal_claim_blocked" time="0.143" /><testcase classname="tests.test_evidences" name="test_upload_requires_anchor" time="0.142" /><testcase classname="tests.test_evidences" name="test_upload_rejects_bad_mime" time="0.146" /><testcase classname="tests.test_evidences" name="test_list_and_serve_file" time="0.173" /><testcase classname="tests.test_evidences" name="test_delete_uploader_only_or_admin" time="0.184" /><testcase classname="tests.test_evidences" name="test_delete_blocked_when_in_active_expediente" time="0.177" /><testcase classname="tests.test_evidences_cross_tenant" name="test_cross_tenant_evidence_invisible" time="0.190" /><testcase classname="tests.test_health" name="test_health_returns_envelope" time="0.077" /><testcase classname="tests.test_inbox_public.TestInboxEndpoints" name="test_unread_count_envelope" time="0.580" /><testcase classname="tests.test_inbox_public.TestInboxEndpoints" name="test_list_inbox_envelope" time="0.185" /><testcase classname="tests.test_inbox_public.TestInboxEndpoints" name="test_inbox_requires_auth" time="0.201" /><testcase classname="tests.test_inbox_public.TestInboxEndpoints" name="test_mark_read_unknown_id_returns_404" time="0.182" /><testcase classname="tests.test_inbox_public.TestInboxEndpoints" name="test_mark_all_read_returns_updated_count" time="0.203" /><testcase classname="tests.test_inbox_public.TestClaimsOpenKPI" name="test_claims_open_envelope" time="0.180" /><testcase classname="tests.test_inbox_public.TestClaimsOpenKPI" name="test_claims_open_requires_supervisor" time="0.542" /><testcase classname="tests.test_inbox_public.TestNotifyClientValidation" name="test_notify_client_unknown_id_returns_404" time="0.546" /><testcase classname="tests.test_ingest" name="test_webhook_signed_creates_guia" time="0.131" /><testcase classname="tests.test_ingest" name="test_webhook_bad_signature_rejected" time="0.120" /><testcase classname="tests.test_ingest" name="test_webhook_update_then_terminal_then_blocked" time="0.144" /><testcase classname="tests.test_ingest" name="test_layout_csv_upload" time="0.139" /><testcase classname="tests.test_ingest" name="test_layout_rejects_non_csv" time="0.126" /><testcase classname="tests.test_ingest" name="test_admin_pull_returns_metadata_no_secrets" time="0.117" /><testcase classname="tests.test_iter14_security_savedfilters_claimspdf.TestSecurityAudit" name="test_root_dev_access" time="0.577" /><testcase classname="tests.test_iter14_security_savedfilters_claimspdf.TestSecurityAudit" name="test_admin_forbidden" time="0.541" /><testcase classname="tests.test_iter14_security_savedfilters_claimspdf.TestSecurityAudit" name="test_agent_forbidden" time="0.579" /><testcase classname="tests.test_iter14_security_savedfilters_claimspdf.TestSecurityAudit" name="test_unauthenticated" time="0.237" /><testcase classname="tests.test_iter14_security_savedfilters_claimspdf.TestSavedFilters" name="test_agent_crud_and_isolation" time="0.837" /><testcase classname="tests.test_iter14_security_savedfilters_claimspdf.TestSavedFilters" name="test_client_auditor_forbidden" time="0.604" /><testcase classname="tests.test_iter14_security_savedfilters_claimspdf.TestSavedFilters" name="test_unauthenticated" time="0.181" /><testcase classname="tests.test_iter14_security_savedfilters_claimspdf.TestClaimsExport" name="test_pdf_404_for_unknown_claim" time="0.191" /><testcase classname="tests.test_iter14_security_savedfilters_claimspdf.TestClaimsExport" name="test_pdf_individual_admin" time="0.301"><skipped type="pytest.skip" message="No claims exist in tenant — cannot exercise PDF export">/app/tests/test_iter14_security_savedfilters_claimspdf.py:164: No claims exist in tenant — cannot exercise PDF export</skipped></testcase><testcase classname="tests.test_iter14_security_savedfilters_claimspdf.TestClaimsExport" name="test_pdf_agent_forbidden" time="0.410" /><testcase classname="tests.test_iter14_security_savedfilters_claimspdf.TestClaimsExport" name="test_bulk_zip_404_when_invalid_ids" time="0.198" /><testcase classname="tests.test_iter14_security_savedfilters_claimspdf.TestClaimsExport" name="test_bulk_zip_admin" time="0.313"><skipped type="pytest.skip" message="No claims exist in tenant">/app/tests/test_iter14_security_savedfilters_claimspdf.py:186: No claims exist in tenant</skipped></testcase><testcase classname="tests.test_iter14_security_savedfilters_claimspdf.TestClaimsExport" name="test_bulk_zip_agent_forbidden" time="0.203" /><testcase classname="tests.test_iter14_security_savedfilters_claimspdf.TestWebhooksMeta" name="test_openapi_registers_endpoints" time="0.199" /><testcase classname="tests.test_iter14_security_savedfilters_claimspdf.TestWebhooksMeta" name="test_reset_circuit_404_for_unknown" time="0.212" /><testcase classname="tests.test_iter14_security_savedfilters_claimspdf.TestWebhooksMeta" name="test_reset_circuit_agent_forbidden" time="0.178" /><testcase classname="tests.test_iter15_email_templates_costtrend_seed.TestEmailTemplates" name="test_list_empty" time="0.098" /><testcase classname="tests.test_iter15_email_templates_costtrend_seed.TestEmailTemplates" name="test_upsert_then_list" time="0.113" /><testcase classname="tests.test_iter15_email_templates_costtrend_seed.TestEmailTemplates" name="test_upsert_invalid_key" time="0.096" /><testcase classname="tests.test_iter15_email_templates_costtrend_seed.TestEmailTemplates" name="test_preview_substitutes_variables" time="0.091" /><testcase classname="tests.test_iter15_email_templates_costtrend_seed.TestEmailTemplates" name="test_delete_template" time="0.110" /><testcase classname="tests.test_iter15_email_templates_costtrend_seed.TestEmailTemplates" name="test_agent_forbidden" time="0.097" /><testcase classname="tests.test_iter15_email_templates_costtrend_seed.TestCostTrend" name="test_returns_empty_structure_with_no_data" time="0.102" /><testcase classname="tests.test_iter15_email_templates_costtrend_seed.TestCostTrend" name="test_aggregates_invocation_log" time="0.113" /><testcase classname="tests.test_iter15_email_templates_costtrend_seed.TestCostTrend" name="test_filter_by_client" time="0.109" /><testcase classname="tests.test_iter15_email_templates_costtrend_seed.TestDemoClaimsSeed" name="test_seeds_3_claims_idempotent" time="0.172" /><testcase classname="tests.test_iter15_email_templates_costtrend_seed.TestDemoClaimsSeed" name="test_admin_forbidden" time="0.098" /><testcase classname="tests.test_iter17_agent_panel.TestTicketDetail" name="test_ticket_detail_shape" time="0.728" /><testcase classname="tests.test_iter17_agent_panel.TestTicketDetail" name="test_ticket_detail_not_found" time="0.184" /><testcase classname="tests.test_iter17_agent_panel.TestComment" name="test_comment_internal_creates_action_event" time="0.198" /><testcase classname="tests.test_iter17_agent_panel.TestComment" name="test_comment_external_creates_comm_event" time="0.187" /><testcase classname="tests.test_iter17_agent_panel.TestComment" name="test_comment_validation_empty_body" time="0.215" /><testcase classname="tests.test_iter17_agent_panel.TestComment" name="test_comment_validation_too_long" time="0.184" /><testcase classname="tests.test_iter17_agent_panel.TestComment" name="test_comment_appears_in_timeline" time="0.472" /><testcase classname="tests.test_iter17_agent_panel.TestBulkTake" name="test_bulk_take_payload_empty_422" time="0.208" /><testcase classname="tests.test_iter17_agent_panel.TestBulkTake" name="test_bulk_take_not_found" time="0.208" /><testcase classname="tests.test_iter17_agent_panel.TestBulkTake" name="test_bulk_take_success" time="0.206" /><testcase classname="tests.test_iter17_agent_panel.TestBulkStatus" name="test_bulk_status_validation" time="0.188" /><testcase classname="tests.test_iter17_agent_panel.TestBulkStatus" name="test_bulk_status_not_found" time="0.185" /><testcase classname="tests.test_iter17_agent_panel.TestBulkStatus" name="test_bulk_status_success_owner" time="0.324" /><testcase classname="tests.test_iter17_agent_panel.TestRegressions" name="test_queue_endpoint" time="0.204" /><testcase classname="tests.test_iter17_agent_panel.TestRegressions" name="test_saved_filters_list" time="0.189" /><testcase classname="tests.test_iter17_agent_panel.TestRegressions" name="test_reclamos_list" time="0.563" /><testcase classname="tests.test_iter17_agent_panel.TestRegressions" name="test_admin_security_panel" time="0.214" /><testcase classname="tests.test_iter17_agent_panel.TestRegressions" name="test_admin_ai_cost_trend" time="0.235" /><testcase classname="tests.test_iter18_admin_users.TestRbac" name="test_admin_forbidden" time="0.104" /><testcase classname="tests.test_iter18_admin_users.TestRbac" name="test_agent_forbidden" time="0.105" /><testcase classname="tests.test_iter18_admin_users.TestRbac" name="test_superadmin_ok" time="0.111" /><testcase classname="tests.test_iter18_admin_users.TestList" name="test_returns_tenant_users" time="0.110" /><testcase classname="tests.test_iter18_admin_users.TestList" name="test_filter_by_role" time="0.112" /><testcase classname="tests.test_iter18_admin_users.TestList" name="test_filter_by_search" time="0.110" /><testcase classname="tests.test_iter18_admin_users.TestList" name="test_tenant_isolation" time="0.118" /><testcase classname="tests.test_iter18_admin_users.TestCreate" name="test_creates_with_temp_password" time="0.347" /><testcase classname="tests.test_iter18_admin_users.TestCreate" name="test_email_uniqueness" time="0.112" /><testcase classname="tests.test_iter18_admin_users.TestCreate" name="test_invalid_email" time="0.113" /><testcase classname="tests.test_iter18_admin_users.TestCreate" name="test_client_viewer_requires_client_id" time="0.114" /><testcase classname="tests.test_iter18_admin_users.TestCreate" name="test_cannot_create_root_dev" time="0.106" /><testcase classname="tests.test_iter18_admin_users.TestUpdate" name="test_patch_role" time="0.117" /><testcase classname="tests.test_iter18_admin_users.TestUpdate" name="test_cannot_modify_root_dev" time="0.104" /><testcase classname="tests.test_iter18_admin_users.TestUpdate" name="test_cannot_self_degrade" time="0.109" /><testcase classname="tests.test_iter18_admin_users.TestUpdate" name="test_email_uniqueness_on_update" time="0.112" /><testcase classname="tests.test_iter18_admin_users.TestResetPassword" name="test_generates_new_temp" time="0.342" /><testcase classname="tests.test_iter18_admin_users.TestResetPassword" name="test_cannot_reset_root_dev" time="0.105" /><testcase classname="tests.test_iter18_admin_users.TestDelete" name="test_soft_delete" time="0.116" /><testcase classname="tests.test_iter18_admin_users.TestDelete" name="test_cannot_self_delete" time="0.103" /><testcase classname="tests.test_iter18_admin_users.TestDelete" name="test_cannot_delete_root_dev" time="0.109" /><testcase classname="tests.test_iter18_admin_users.TestDelete" name="test_cannot_delete_last_superadmin" time="0.108" /><testcase classname="tests.test_iter19_user_audit_log.TestAuditLogMutations" name="test_create_emits_audit" time="0.327" /><testcase classname="tests.test_iter19_user_audit_log.TestAuditLogMutations" name="test_update_emits_audit_with_diff" time="0.104" /><testcase classname="tests.test_iter19_user_audit_log.TestAuditLogMutations" name="test_reset_password_emits_audit" time="0.321" /><testcase classname="tests.test_iter19_user_audit_log.TestAuditLogMutations" name="test_delete_emits_audit" time="0.105" /><testcase classname="tests.test_iter19_user_audit_log.TestAuditLogQuery" name="test_returns_count_by_action" time="0.796" /><testcase classname="tests.test_iter19_user_audit_log.TestAuditLogQuery" name="test_filter_by_action" time="0.336" /><testcase classname="tests.test_iter19_user_audit_log.TestAuditLogQuery" name="test_filter_by_target_email" time="0.563" /><testcase classname="tests.test_iter19_user_audit_log.TestAuditLogQuery" name="test_rbac_root_only" time="0.103" /><testcase classname="tests.test_iter19_user_audit_log.TestAuditLogQuery" name="test_tenant_isolation" time="0.108" /><testcase classname="tests.test_iter21_users_onboarding.TestOnboardingStatus" name="test_default_not_completed_agent" time="0.100" /><testcase classname="tests.test_iter21_users_onboarding.TestOnboardingStatus" name="test_suggested_tour_admin" time="0.100" /><testcase classname="tests.test_iter21_users_onboarding.TestOnboardingStatus" name="test_suggested_tour_root_dev" time="0.098" /><testcase classname="tests.test_iter21_users_onboarding.TestOnboardingStatus" name="test_suggested_tour_client_viewer_falls_back_to_agent" time="0.100" /><testcase classname="tests.test_iter21_users_onboarding.TestOnboardingStatus" name="test_status_requires_auth" time="0.071" /><testcase classname="tests.test_iter21_users_onboarding.TestOnboardingComplete" name="test_complete_persists" time="0.097" /><testcase classname="tests.test_iter21_users_onboarding.TestOnboardingComplete" name="test_complete_is_idempotent" time="0.100" /><testcase classname="tests.test_iter21_users_onboarding.TestOnboardingComplete" name="test_complete_requires_auth" time="0.074" /><testcase classname="tests.test_iter21_users_onboarding.TestOnboardingReset" name="test_reset_clears_flag" time="0.108" /><testcase classname="tests.test_iter21_users_onboarding.TestOnboardingReset" name="test_reset_unsets_timestamp" time="0.102" /><testcase classname="tests.test_iter21_users_onboarding.TestOnboardingIsolation" name="test_user_isolation" time="0.100" /><testcase classname="tests.test_iter22_routal_multiproject.TestAdapterConstructor" name="test_constructor_with_args" time="0.071" /><testcase classname="tests.test_iter22_routal_multiproject.TestAdapterConstructor" name="test_constructor_dedupes_empty_projects" time="0.076" /><testcase classname="tests.test_iter22_routal_multiproject.TestAdapterConstructor" name="test_constructor_falls_back_to_env" time="0.076" /><testcase classname="tests.test_iter22_routal_multiproject.TestAdapterConstructor" name="test_constructor_no_env_no_args" time="0.071" /><testcase classname="tests.test_iter22_routal_multiproject.TestRepoCarrierConfig" name="test_set_and_get_encrypts_api_key" time="0.110" /><testcase classname="tests.test_iter22_routal_multiproject.TestRepoCarrierConfig" name="test_set_appends_default_to_project_ids" time="0.106" /><testcase classname="tests.test_iter22_routal_multiproject.TestRepoCarrierConfig" name="test_partial_update_preserves_key" time="0.110" /><testcase classname="tests.test_iter22_routal_multiproject.TestRepoCarrierConfig" name="test_disabled_returns_none" time="0.112" /><testcase classname="tests.test_iter22_routal_multiproject.TestRepoCarrierConfig" name="test_delete" time="0.111" /><testcase classname="tests.test_iter22_routal_multiproject.TestRESTEndpoints" name="test_get_empty_returns_unconfigured" time="0.113" /><testcase classname="tests.test_iter22_routal_multiproject.TestRESTEndpoints" name="test_put_creates_config" time="0.122" /><testcase classname="tests.test_iter22_routal_multiproject.TestRESTEndpoints" name="test_put_invalid_project_ids_rejected" time="0.121" /><testcase classname="tests.test_iter22_routal_multiproject.TestRESTEndpoints" name="test_delete" time="0.129" /><testcase classname="tests.test_iter22_routal_multiproject.TestRESTEndpoints" name="test_cross_tenant_404" time="0.126" /><testcase classname="tests.test_iter22_routal_multiproject.TestRESTEndpoints" name="test_agent_role_forbidden" time="0.119" /><testcase classname="tests.test_iter22_routal_multiproject.TestSchedulerMultiProject" name="test_pull_iterates_all_projects" time="0.353" /><testcase classname="tests.test_iter22_routal_multiproject.TestSendInstructionProjectScoped" name="test_send_uses_payload_project_id" time="0.109" /><testcase classname="tests.test_iter22_routal_multiproject.TestSendInstructionProjectScoped" name="test_send_falls_back_to_default_project" time="0.101" /><testcase classname="tests.test_iter22_routal_multiproject.TestSendInstructionProjectScoped" name="test_send_rejects_unknown_status" time="0.074" /><testcase classname="tests.test_iter23_guia_cancel.TestCancelHappyPath" name="test_uses_carrier_meta_project_id_by_default" time="5.800" /><testcase classname="tests.test_iter23_guia_cancel.TestCancelHappyPath" name="test_payload_project_id_overrides_carrier_meta" time="0.150" /><testcase classname="tests.test_iter23_guia_cancel.TestCancelHappyPath" name="test_appends_timeline_event_on_ticket" time="0.144" /><testcase classname="tests.test_iter23_guia_cancel.TestCancelHappyPath" name="test_persists_outbound_audit_on_guia" time="0.148" /><testcase classname="tests.test_iter23_guia_cancel.TestCancelFailures" name="test_carrier_failure_marks_guia_failed" time="0.162" /><testcase classname="tests.test_iter23_guia_cancel.TestCancelFailures" name="test_client_without_carrier_config_400" time="0.144" /><testcase classname="tests.test_iter23_guia_cancel.TestCancelSecurity" name="test_cross_tenant_guia_404" time="0.138" /><testcase classname="tests.test_iter23_guia_cancel.TestCancelSecurity" name="test_no_auth_401" time="0.134" /><testcase classname="tests.test_iter23_guia_cancel.TestCancelSecurity" name="test_viewer_role_forbidden" time="0.138" /><testcase classname="tests.test_iter23_guia_cancel.TestCancelEdges" name="test_unknown_guia_404" time="0.143" /><testcase classname="tests.test_iter23_guia_cancel.TestCancelEdges" name="test_no_linked_ticket_still_succeeds" time="0.151" /><testcase classname="tests.test_iter24_dhl_fedex.TestDHLAdapter" name="test_constructor_falls_back_to_mock_when_no_key" time="0.075" /><testcase classname="tests.test_iter24_dhl_fedex.TestDHLAdapter" name="test_constructor_real_mode_when_key_set" time="0.072" /><testcase classname="tests.test_iter24_dhl_fedex.TestDHLAdapter" name="test_constructor_accepts_project_ids_ignores_them" time="0.076" /><testcase classname="tests.test_iter24_dhl_fedex.TestDHLAdapter" name="test_validate_config_pings_dhl" time="0.096" /><testcase classname="tests.test_iter24_dhl_fedex.TestDHLAdapter" name="test_validate_config_handles_auth_failure" time="0.098" /><testcase classname="tests.test_iter24_dhl_fedex.TestDHLAdapter" name="test_get_raw_status_parses_real_response" time="0.101" /><testcase classname="tests.test_iter24_dhl_fedex.TestDHLAdapter" name="test_get_raw_status_404_returns_unknown" time="0.098" /><testcase classname="tests.test_iter24_dhl_fedex.TestDHLAdapter" name="test_get_raw_status_unknown_statuscode_normalizes" time="0.100" /><testcase classname="tests.test_iter24_dhl_fedex.TestDHLAdapter" name="test_get_raw_status_network_error" time="0.097" /><testcase classname="tests.test_iter24_dhl_fedex.TestDHLAdapter" name="test_get_raw_status_mock_when_no_key" time="0.077" /><testcase classname="tests.test_iter24_dhl_fedex.TestDHLAdapter" name="test_send_instruction_returns_501" time="0.080" /><testcase classname="tests.test_iter24_dhl_fedex.TestFedExAdapter" name="test_constructor_falls_back_to_mock_when_no_creds" time="0.083" /><testcase classname="tests.test_iter24_dhl_fedex.TestFedExAdapter" name="test_constructor_real_mode_needs_BOTH_creds" time="0.080" /><testcase classname="tests.test_iter24_dhl_fedex.TestFedExAdapter" name="test_constructor_accepts_account_number" time="0.080" /><testcase classname="tests.test_iter24_dhl_fedex.TestFedExAdapter" name="test_validate_config_oauth_success" time="0.099" /><testcase classname="tests.test_iter24_dhl_fedex.TestFedExAdapter" name="test_validate_config_oauth_failure" time="0.098" /><testcase classname="tests.test_iter24_dhl_fedex.TestFedExAdapter" name="test_token_is_cached_across_calls" time="0.161" /><testcase classname="tests.test_iter24_dhl_fedex.TestFedExAdapter" name="test_get_raw_status_parses_real_response" time="0.121" /><testcase classname="tests.test_iter24_dhl_fedex.TestFedExAdapter" name="test_unknown_code_normalizes_to_IT" time="0.123" /><testcase classname="tests.test_iter24_dhl_fedex.TestFedExAdapter" name="test_track_auth_failure_returns_unknown" time="0.098" /><testcase classname="tests.test_iter24_dhl_fedex.TestFedExAdapter" name="test_get_raw_status_mock_when_no_creds" time="0.077" /><testcase classname="tests.test_iter24_dhl_fedex.TestFedExAdapter" name="test_send_instruction_returns_501" time="0.075" /><testcase classname="tests.test_iter24_dhl_fedex.TestRegistryWiring" name="test_dhl_and_fedex_registered_as_real_classes" time="0.076" /><testcase classname="tests.test_multi_tenant_isolation" name="test_repository_cannot_read_other_tenant" time="0.106" /><testcase classname="tests.test_multi_tenant_isolation" name="test_repository_cannot_update_other_tenant" time="0.105" /><testcase classname="tests.test_multi_tenant_isolation" name="test_repository_cannot_delete_other_tenant" time="0.100" /><testcase classname="tests.test_multi_tenant_isolation" name="test_zero_crosses_recorded" time="0.102" /><testcase classname="tests.test_notifications" name="test_wa_deeplink_valid_phone" time="0.079" /><testcase classname="tests.test_notifications" name="test_wa_deeplink_invalid_phone" time="0.084" /><testcase classname="tests.test_notifications" name="test_send_email_mock_when_key_empty" time="0.082" /><testcase classname="tests.test_notifications" name="test_automation_blocked_when_no_permission" time="0.168" /><testcase classname="tests.test_notifications" name="test_automation_executes_email_when_allowed" time="0.181" /><testcase classname="tests.test_notifications" name="test_automation_whatsapp_returns_deeplink" time="0.182" /><testcase classname="tests.test_notifications" name="test_automation_motivo_restricted_blocks" time="0.168" /><testcase classname="tests.test_notifications" name="test_admin_notifications_test_endpoint" time="0.160" /><testcase classname="tests.test_notifications" name="test_admin_notifications_config_hides_secret" time="0.162" /><testcase classname="tests.test_notifications" name="test_agent_automate_endpoint_executes" time="0.191" /><testcase classname="tests.test_notifications_public" name="test_config_returns_resend_state" time="0.642" /><testcase classname="tests.test_notifications_public" name="test_config_rbac_blocks_agent" time="0.612" /><testcase classname="tests.test_notifications_public" name="test_test_endpoint_rbac_blocks_agent" time="0.216" /><testcase classname="tests.test_notifications_public" name="test_test_endpoint_returns_resend_failure_for_non_owner" time="0.459" /><testcase classname="tests.test_notifications_public" name="test_test_endpoint_real_send_to_owner" time="0.385" /><testcase classname="tests.test_p2_features.TestFilter" name="test_no_filter_passes" time="0.080" /><testcase classname="tests.test_p2_features.TestFilter" name="test_legacy_dict_root_match" time="0.075" /><testcase classname="tests.test_p2_features.TestFilter" name="test_jsonpath_existence" time="0.098" /><testcase classname="tests.test_p2_features.TestFilter" name="test_jsonpath_value_match" time="0.097" /><testcase classname="tests.test_p2_features.TestFilter" name="test_jsonpath_invalid_expression_drops" time="0.084" /><testcase classname="tests.test_p2_features.TestBurstMode" name="test_paused_subscription_keeps_event_in_queue" time="0.205" /><testcase classname="tests.test_p2_features.TestBurstMode" name="test_resume_endpoint_clears_paused" time="0.210" /><testcase classname="tests.test_p2_features.TestReadme" name="test_basic_generation" time="0.082" /><testcase classname="tests.test_p2_features.TestReadme" name="test_pii_callout" time="0.077" /><testcase classname="tests.test_p2_features.TestReadmeEndpoint" name="test_returns_markdown" time="0.221" /><testcase classname="tests.test_p2_features.TestEchoPublic" name="test_echo_no_auth_required" time="0.097" /><testcase classname="tests.test_p2_features.TestEchoPublic" name="test_echo_invalid_signature_still_2xx_but_flagged" time="0.088" /><testcase classname="tests.test_p2_features.TestEchoPublic" name="test_echo_chaos_fail_rate_100_returns_500" time="0.085" /><testcase classname="tests.test_p2_features.TestEchoPublic" name="test_echo_status_override" time="0.086" /><testcase classname="tests.test_p2_features.TestEchoPublic" name="test_received_list" time="0.091" /><testcase classname="tests.test_p2_features.TestAuditorAttestation" name="test_csv_download_appends_attestation" time="0.143" /><testcase classname="tests.test_p2_features.TestAuditorAttestation" name="test_review_attestation_endpoint" time="0.144" /><testcase classname="tests.test_p2_features.TestAuditorAttestation" name="test_review_requires_comment" time="0.108" /><testcase classname="tests.test_p2_features.TestRoutalPulling" name="test_pull_routal_calls_adapter_and_ingests" time="0.238" /><testcase classname="tests.test_p2_features.TestRoutalPulling" name="test_pull_routal_skips_when_no_config" time="0.204" /><testcase classname="tests.test_prompts_21_22_23.TestZenviaSend" name="test_send_text_no_api_key_returns_mocked" time="0.084" /><testcase classname="tests.test_prompts_21_22_23.TestZenviaSend" name="test_send_text_invalid_e164" time="0.080" /><testcase classname="tests.test_prompts_21_22_23.TestZenviaSend" name="test_send_endpoint_persists_outbound" time="0.136" /><testcase classname="tests.test_prompts_21_22_23.TestZenviaInboundWebhook" name="test_verify_signature_valid" time="0.085" /><testcase classname="tests.test_prompts_21_22_23.TestZenviaInboundWebhook" name="test_verify_signature_invalid" time="0.084" /><testcase classname="tests.test_prompts_21_22_23.TestZenviaInboundWebhook" name="test_parse_inbound_normalizes_payload" time="0.081" /><testcase classname="tests.test_prompts_21_22_23.TestZenviaInboundWebhook" name="test_inbound_endpoint_signature_required" time="0.082" /><testcase classname="tests.test_prompts_21_22_23.TestZenviaInboundWebhook" name="test_inbound_endpoint_persists_message_with_ticket_link" time="0.144" /><testcase classname="tests.test_prompts_21_22_23.TestZenviaConversation" name="test_get_conversation_for_ticket" time="0.135" /><testcase classname="tests.test_prompts_21_22_23.TestHeatmap" name="test_buckets_groups_by_grid" time="0.141" /><testcase classname="tests.test_prompts_21_22_23.TestHeatmap" name="test_heatmap_endpoint" time="0.125" /><testcase classname="tests.test_prompts_21_22_23.TestHeatmap" name="test_geocode_uses_cache_on_second_call" time="0.088" /><testcase classname="tests.test_prompts_21_22_23.TestBulkActions" name="test_bulk_close" time="0.151" /><testcase classname="tests.test_prompts_21_22_23.TestBulkActions" name="test_bulk_close_skips_terminal" time="0.151" /><testcase classname="tests.test_prompts_21_22_23.TestBulkActions" name="test_bulk_assign" time="0.147" /><testcase classname="tests.test_prompts_21_22_23.TestBulkActions" name="test_bulk_add_comment_creates_events" time="0.140" /><testcase classname="tests.test_prompts_21_22_23.TestBulkActions" name="test_bulk_change_status" time="0.144" /><testcase classname="tests.test_prompts_21_22_23.TestBulkActions" name="test_bulk_export_pdf_returns_zip" time="0.326" /><testcase classname="tests.test_prompts_21_22_23.TestBulkActions" name="test_bulk_skipped_ids_other_tenant" time="0.144" /><testcase classname="tests.test_prompts_21_22_23.TestPdfExport" name="test_export_single_ticket" time="0.235" /><testcase classname="tests.test_prompts_21_22_23.TestPdfExport" name="test_export_404_other_tenant" time="0.142" /><testcase classname="tests.test_scheduler" name="test_scan_sla_finds_breach_and_records_event" time="0.148" /><testcase classname="tests.test_scheduler" name="test_scan_sla_ignores_waiting_and_terminal" time="0.139" /><testcase classname="tests.test_scheduler" name="test_scan_inactive_agents_marks_one" time="0.145" /><testcase classname="tests.test_scheduler" name="test_daily_summary_metrics_and_email_mock" time="0.151" /><testcase classname="tests.test_scheduler" name="test_daily_summary_no_recipient" time="0.141" /><testcase classname="tests.test_scheduler" name="test_admin_cron_status_disabled" time="0.144" /><testcase classname="tests.test_scheduler" name="test_admin_cron_run_sla" time="0.173" /><testcase classname="tests.test_scheduler" name="test_admin_cron_run_daily_summary" time="0.140" /><testcase classname="tests.test_scheduler" name="test_admin_cron_rbac_blocks_agent" time="0.133" /><testcase classname="tests.test_security_and_savedfilters_and_claimspdf.TestSecurityAudit" name="test_returns_summary_for_root_dev" time="0.119" /><testcase classname="tests.test_security_and_savedfilters_and_claimspdf.TestSecurityAudit" name="test_admin_forbidden" time="0.122" /><testcase classname="tests.test_security_and_savedfilters_and_claimspdf.TestSecurityAudit" name="test_agent_forbidden" time="0.116" /><testcase classname="tests.test_security_and_savedfilters_and_claimspdf.TestSavedFilters" name="test_create_list_delete_flow" time="0.142" /><testcase classname="tests.test_security_and_savedfilters_and_claimspdf.TestSavedFilters" name="test_user_isolation" time="0.141" /><testcase classname="tests.test_security_and_savedfilters_and_claimspdf.TestSavedFilters" name="test_delete_unknown_returns_404" time="0.123" /><testcase classname="tests.test_security_and_savedfilters_and_claimspdf.TestSavedFilters" name="test_client_viewer_forbidden" time="0.125" /><testcase classname="tests.test_security_and_savedfilters_and_claimspdf.TestClaimsPdf" name="test_individual_claim_pdf" time="0.248" /><testcase classname="tests.test_security_and_savedfilters_and_claimspdf.TestClaimsPdf" name="test_individual_claim_pdf_not_found" time="0.119" /><testcase classname="tests.test_security_and_savedfilters_and_claimspdf.TestClaimsPdf" name="test_individual_claim_pdf_agent_forbidden" time="0.141" /><testcase classname="tests.test_security_and_savedfilters_and_claimspdf.TestClaimsPdf" name="test_bulk_export_zip" time="0.357" /><testcase classname="tests.test_security_and_savedfilters_and_claimspdf.TestClaimsPdf" name="test_bulk_export_empty_returns_404" time="0.128" /><testcase classname="tests.test_sprint_a_claims" name="test_notify_client_sends_to_cxc_contact" time="0.291" /><testcase classname="tests.test_sprint_a_claims" name="test_notify_client_falls_back_to_ops_email" time="0.290" /><testcase classname="tests.test_sprint_a_claims" name="test_notify_client_blocked_when_no_email" time="0.289" /><testcase classname="tests.test_sprint_a_claims" name="test_notify_client_blocked_in_terminal_state" time="0.287" /><testcase classname="tests.test_sprint_a_claims" name="test_enviar_carrier_motivo_restricted_does_not_apply_to_claim_flow" time="0.309" /><testcase classname="tests.test_sprint_a_claims" name="test_enviar_carrier_blocked_without_automation_permission" time="0.281" /><testcase classname="tests.test_sprint_a_claims" name="test_enviar_carrier_proceeds_with_full_kit_and_permission" time="5.614" /><testcase classname="tests.test_sprint_a_claims" name="test_scan_claim_sla_detects_aged_promovido" time="0.279" /><testcase classname="tests.test_sprint_a_claims" name="test_scan_claim_sla_respects_sla_config_override" time="0.289" /><testcase classname="tests.test_sprint_a_claims" name="test_admin_cron_run_claim_sla_endpoint" time="0.275" /><testcase classname="tests.test_sprint_a_claims" name="test_promote_pushes_inbox_to_coordinator" time="0.310" /><testcase classname="tests.test_sprint_a_claims" name="test_inbox_mark_read" time="0.286" /><testcase classname="tests.test_sprint_a_claims" name="test_dashboard_claims_open_kpis" time="0.275" /><testcase classname="tests.test_sprint_a_claims" name="test_dashboard_report_must_have_includes_claims_section" time="0.289" /><testcase classname="tests.test_terminal_state" name="test_update_status_rejects_terminal" time="0.102" /><testcase classname="tests.test_terminal_state" name="test_update_status_promotes_to_terminal" time="0.100" /><testcase classname="tests.test_webhooks_circuit_breaker.TestFailureRate" name="test_no_attempts_returns_zero" time="0.219" /><testcase classname="tests.test_webhooks_circuit_breaker.TestFailureRate" name="test_50_50_returns_50pct" time="0.212" /><testcase classname="tests.test_webhooks_circuit_breaker.TestEvaluateAndTrip" name="test_below_min_samples_does_not_trip" time="0.203" /><testcase classname="tests.test_webhooks_circuit_breaker.TestEvaluateAndTrip" name="test_below_threshold_does_not_trip" time="0.210" /><testcase classname="tests.test_webhooks_circuit_breaker.TestEvaluateAndTrip" name="test_above_threshold_trips" time="0.212" /><testcase classname="tests.test_webhooks_circuit_breaker.TestEvaluateAndTrip" name="test_already_open_in_cooldown_does_not_re_trip" time="0.210" /><testcase classname="tests.test_webhooks_circuit_breaker.TestResetAfterSuccess" name="test_no_op_when_circuit_not_open" time="0.205" /><testcase classname="tests.test_webhooks_circuit_breaker.TestResetAfterSuccess" name="test_does_not_close_during_cooldown" time="0.217" /><testcase classname="tests.test_webhooks_circuit_breaker.TestResetAfterSuccess" name="test_closes_after_cooldown_expires" time="0.212" /><testcase classname="tests.test_webhooks_circuit_breaker.TestResetCircuitEndpoint" name="test_admin_can_force_close" time="0.217" /><testcase classname="tests.test_webhooks_circuit_breaker.TestHealthCircuitMetrics" name="test_health_includes_circuit_metrics_1h" time="0.231" /><testcase classname="tests.test_webhooks_circuit_breaker.TestEmailRecipient" name="test_uses_ops_contact_email_first" time="0.229" /><testcase classname="tests.test_webhooks_circuit_breaker.TestEmailRecipient" name="test_fallback_to_admin_when_no_ops_email" time="0.230" /><testcase classname="tests.test_webhooks_circuit_breaker.TestConfig" name="test_defaults_match_prompt_spec" time="0.086" /><testcase classname="tests.test_webhooks_outbound.TestCatalogSeeded" name="test_5_global_events_present" time="0.451" /><testcase classname="tests.test_webhooks_outbound.TestCatalogSeeded" name="test_payload_schema_well_formed" time="0.437" /><testcase classname="tests.test_webhooks_outbound.TestHmacSigning" name="test_sign_is_stable" time="0.081" /><testcase classname="tests.test_webhooks_outbound.TestHmacSigning" name="test_verify_round_trip" time="0.082" /><testcase classname="tests.test_webhooks_outbound.TestHmacSigning" name="test_encrypt_decrypt_roundtrip" time="0.080" /><testcase classname="tests.test_webhooks_outbound.TestUrlValidator" name="test_static_blocks_bad_urls[http://example.com/hook]" time="0.084" /><testcase classname="tests.test_webhooks_outbound.TestUrlValidator" name="test_static_blocks_bad_urls[https://localhost/hook]" time="0.080" /><testcase classname="tests.test_webhooks_outbound.TestUrlValidator" name="test_static_blocks_bad_urls[https://127.0.0.1/hook]" time="0.075" /><testcase classname="tests.test_webhooks_outbound.TestUrlValidator" name="test_static_blocks_bad_urls[https://192.168.1.10/hook]" time="0.078" /><testcase classname="tests.test_webhooks_outbound.TestUrlValidator" name="test_static_blocks_bad_urls[https://10.0.0.5/hook]" time="0.081" /><testcase classname="tests.test_webhooks_outbound.TestUrlValidator" name="test_static_blocks_bad_urls[https://169.254.169.254/latest/meta]" time="0.078" /><testcase classname="tests.test_webhooks_outbound.TestUrlValidator" name="test_static_blocks_bad_urls[https://example.com:8080/hook]" time="0.078" /><testcase classname="tests.test_webhooks_outbound.TestUrlValidator" name="test_static_blocks_bad_urls[ftp://example.com/hook]" time="0.071" /><testcase classname="tests.test_webhooks_outbound.TestUrlValidator" name="test_static_blocks_bad_urls[https:///hook]" time="0.078" /><testcase classname="tests.test_webhooks_outbound.TestUrlValidator" name="test_static_blocks_bad_urls[]" time="0.076" /><testcase classname="tests.test_webhooks_outbound.TestUrlValidator" name="test_static_accepts_https_443" time="0.075" /><testcase classname="tests.test_webhooks_outbound.TestUrlValidator" name="test_static_accepts_high_port_with_flag" time="0.084" /><testcase classname="tests.test_webhooks_outbound.TestIdempotency" name="test_same_event_within_60s_reuses_id" time="0.436" /><testcase classname="tests.test_webhooks_outbound.TestIdempotency" name="test_different_source_id_creates_new_event" time="0.438" /><testcase classname="tests.test_webhooks_outbound.TestRetryAndDlq" name="test_5xx_reschedules_with_backoff" time="0.441" /><testcase classname="tests.test_webhooks_outbound.TestRetryAndDlq" name="test_after_max_attempts_goes_to_dlq" time="0.457" /><testcase classname="tests.test_webhooks_outbound.TestRetryAndDlq" name="test_2xx_marks_delivered_and_removes_from_queue" time="0.438" /><testcase classname="tests.test_webhooks_outbound.TestAppendOnly" name="test_repo_only_exposes_append_and_query" time="0.078" /><testcase classname="tests.test_webhooks_outbound.TestSingleDispatcher" name="test_no_other_egress_calls" time="0.086" /><testcase classname="tests.test_webhooks_outbound.TestSubscriptionEndpoints" name="test_create_subscription_returns_secret_once" time="0.453" /><testcase classname="tests.test_webhooks_outbound.TestSubscriptionEndpoints" name="test_create_subscription_blocks_private_url" time="0.437" /><testcase classname="tests.test_webhooks_outbound.TestSubscriptionEndpoints" name="test_include_pii_requires_consent" time="0.433" /><testcase classname="tests.test_webhooks_outbound.TestSubscriptionEndpoints" name="test_unknown_event_code_rejected" time="0.437" /><testcase classname="tests.test_webhooks_outbound.TestSubscriptionEndpoints" name="test_rotate_secret" time="0.441" /><testcase classname="tests.test_webhooks_outbound.TestSampleAndDeliveries" name="test_sample_payload" time="0.429" /><testcase classname="tests.test_webhooks_outbound.TestSampleAndDeliveries" name="test_deliveries_filter" time="0.433" /><testcase classname="tests.test_webhooks_outbound.TestDlqReplay" name="test_replay_dlq_reenqueues" time="0.434" /><testcase classname="tests.test_webhooks_outbound.TestBackoffCurve" name="test_backoff_minutes_progression" time="0.080" /><testcase classname="tests.test_webhooks_outbound.TestE2ETicketEvents" name="test_ticket_creation_emits_webhook" time="0.465" /><testcase classname="tests.test_workflow_and_cae" name="test_adapter_mock_returns_known_raw_code" time="0.084" /><testcase classname="tests.test_workflow_and_cae" name="test_normalizer_hits_catalog" time="0.155" /><testcase classname="tests.test_workflow_and_cae" name="test_normalizer_miss_registers_unmapped" time="0.164" /><testcase classname="tests.test_workflow_and_cae" name="test_ingest_with_incident_creates_assigned_ticket" time="5.012" /><testcase classname="tests.test_workflow_and_cae" name="test_ingest_then_delivered_resolves_open_ticket" time="0.190" /><testcase classname="tests.test_workflow_and_cae" name="test_sandbox_hit_and_miss" time="0.153" /><testcase classname="tests.test_workflow_and_cae" name="test_promote_unmapped_creates_catalog_row_and_drops_unmapped" time="0.180" /><testcase classname="tests.test_workflow_and_cae" name="test_admin_tickets_list_and_detail" time="0.199" /></testsuite></testsuites>