<?xml version="1.0" encoding="utf-8"?><testsuites name="pytest tests"><testsuite name="pytest" errors="0" failures="0" skipped="0" tests="22" time="2.982" timestamp="2026-05-10T21:28:00.606396+00:00" hostname="agent-env-4a74385b-fd5d-45cd-8b60-247b221bda81"><testcase classname="tests.test_iter18_admin_users.TestRbac" name="test_admin_forbidden" time="0.087" /><testcase classname="tests.test_iter18_admin_users.TestRbac" name="test_agent_forbidden" time="0.075" /><testcase classname="tests.test_iter18_admin_users.TestRbac" name="test_superadmin_ok" time="0.075" /><testcase classname="tests.test_iter18_admin_users.TestList" name="test_returns_tenant_users" time="0.079" /><testcase classname="tests.test_iter18_admin_users.TestList" name="test_filter_by_role" time="0.076" /><testcase classname="tests.test_iter18_admin_users.TestList" name="test_filter_by_search" time="0.076" /><testcase classname="tests.test_iter18_admin_users.TestList" name="test_tenant_isolation" time="0.076" /><testcase classname="tests.test_iter18_admin_users.TestCreate" name="test_creates_with_temp_password" time="0.302" /><testcase classname="tests.test_iter18_admin_users.TestCreate" name="test_email_uniqueness" time="0.078" /><testcase classname="tests.test_iter18_admin_users.TestCreate" name="test_invalid_email" time="0.080" /><testcase classname="tests.test_iter18_admin_users.TestCreate" name="test_client_viewer_requires_client_id" time="0.079" /><testcase classname="tests.test_iter18_admin_users.TestCreate" name="test_cannot_create_root_dev" time="0.077" /><testcase classname="tests.test_iter18_admin_users.TestUpdate" name="test_patch_role" time="0.081" /><testcase classname="tests.test_iter18_admin_users.TestUpdate" name="test_cannot_modify_root_dev" time="0.087" /><testcase classname="tests.test_iter18_admin_users.TestUpdate" name="test_cannot_self_degrade" time="0.085" /><testcase classname="tests.test_iter18_admin_users.TestUpdate" name="test_email_uniqueness_on_update" time="0.083" /><testcase classname="tests.test_iter18_admin_users.TestResetPassword" name="test_generates_new_temp" time="0.304" /><testcase classname="tests.test_iter18_admin_users.TestResetPassword" name="test_cannot_reset_root_dev" time="0.079" /><testcase classname="tests.test_iter18_admin_users.TestDelete" name="test_soft_delete" time="0.079" /><testcase classname="tests.test_iter18_admin_users.TestDelete" name="test_cannot_self_delete" time="0.078" /><testcase classname="tests.test_iter18_admin_users.TestDelete" name="test_cannot_delete_root_dev" time="0.079" /><testcase classname="tests.test_iter18_admin_users.TestDelete" name="test_cannot_delete_last_superadmin" time="0.077" /></testsuite></testsuites>