<?xml version="1.0" encoding="utf-8"?><testsuites name="pytest tests"><testsuite name="pytest" errors="0" failures="0" skipped="0" tests="64" time="7.110" timestamp="2026-05-08T23:13:34.385622+00:00" hostname="agent-env-4a74385b-fd5d-45cd-8b60-247b221bda81"><testcase classname="tests.test_admin_hierarchy" name="test_project_crud_and_isolation" time="0.047" /><testcase classname="tests.test_admin_hierarchy" name="test_client_credentials_encrypted_and_redacted" time="0.050" /><testcase classname="tests.test_admin_hierarchy" name="test_client_requires_existing_project_in_same_tenant" time="0.036" /><testcase classname="tests.test_admin_hierarchy" name="test_subclient_lifecycle" time="0.078" /><testcase classname="tests.test_admin_hierarchy" name="test_carrier_crud" time="0.034" /><testcase classname="tests.test_admin_hierarchy" name="test_admin_endpoints_reject_lower_roles" time="0.026" /><testcase classname="tests.test_admin_hierarchy" name="test_tenants_admin_requires_root_dev" time="0.029" /><testcase classname="tests.test_agent_supervisor_dashboard" name="test_agent_queue_and_take" time="0.103" /><testcase classname="tests.test_agent_supervisor_dashboard" name="test_agent_change_status" time="0.091" /><testcase classname="tests.test_agent_supervisor_dashboard" name="test_supervisor_tickets_by_agent" time="0.092" /><testcase classname="tests.test_agent_supervisor_dashboard" name="test_dashboard_kpis" time="0.102" /><testcase classname="tests.test_agent_supervisor_dashboard" name="test_dashboard_requires_supervisor" time="0.060" /><testcase classname="tests.test_api_e2e" name="test_health_envelope" time="0.155" /><testcase classname="tests.test_api_e2e" name="test_login_root_dev_success" time="0.336" /><testcase classname="tests.test_api_e2e" name="test_login_superadmin_success" time="0.368" /><testcase classname="tests.test_api_e2e" name="test_login_wrong_password_returns_401_auth_required" time="0.345" /><testcase classname="tests.test_api_e2e" name="test_login_unknown_email_returns_401_same_message" time="0.131" /><testcase classname="tests.test_api_e2e" name="test_login_missing_fields_returns_422_validation_failed" time="0.116" /><testcase classname="tests.test_api_e2e" name="test_me_with_bearer" time="0.488" /><testcase classname="tests.test_api_e2e" name="test_me_without_auth_401" time="0.117" /><testcase classname="tests.test_api_e2e" name="test_logout_works" time="0.254" /><testcase classname="tests.test_api_e2e" name="test_cae_endpoints_authorized[/api/admin/cae/unmapped]" time="0.126" /><testcase classname="tests.test_api_e2e" name="test_cae_endpoints_authorized[/api/admin/cae/catalog]" time="0.127" /><testcase classname="tests.test_api_e2e" name="test_cae_endpoints_authorized[/api/admin/cae/audit-log]" time="0.105" /><testcase classname="tests.test_api_e2e" name="test_cae_endpoints_unauth_401[/api/admin/cae/unmapped]" time="0.126" /><testcase classname="tests.test_api_e2e" name="test_cae_endpoints_unauth_401[/api/admin/cae/catalog]" time="0.150" /><testcase classname="tests.test_api_e2e" name="test_cae_endpoints_unauth_401[/api/admin/cae/audit-log]" time="0.117" /><testcase classname="tests.test_api_e2e" name="test_redirect_target" time="0.128" /><testcase classname="tests.test_api_e2e" name="test_bruteforce_lockout_returns_429" time="0.017" /><testcase classname="tests.test_catalog_and_automation" name="test_motivo_create_and_validation" time="0.041" /><testcase classname="tests.test_catalog_and_automation" name="test_solucion_requires_existing_motivo" time="0.027" /><testcase classname="tests.test_catalog_and_automation" name="test_automation_default_deny_and_restricted_block" time="0.092" /><testcase classname="tests.test_catalog_and_automation" name="test_solucion_no_automatable_blocks" time="0.083" /><testcase classname="tests.test_catalog_and_automation" name="test_supervisor_cannot_toggle_permissions" time="0.025" /><testcase classname="tests.test_claims" name="test_promote_ticket_to_claim_creates_claim_and_timeline" time="0.145" /><testcase classname="tests.test_claims" name="test_promote_rejects_non_terminal_ticket" time="0.139" /><testcase classname="tests.test_claims" name="test_promote_twice_blocked_by_unique_active" time="0.156" /><testcase classname="tests.test_claims" name="test_promote_cross_tenant_returns_404" time="0.141" /><testcase classname="tests.test_claims" name="test_transition_matrix_blocks_skipping_steps" time="0.158" /><testcase classname="tests.test_claims" name="test_expediente_autoadvances_then_send_requires_full_kit" time="0.161" /><testcase classname="tests.test_claims" name="test_terminal_claim_silently_ignores_updates" time="0.162" /><testcase classname="tests.test_claims" name="test_list_and_detail_endpoints" time="0.162" /><testcase classname="tests.test_claims" name="test_ticket_detail_includes_active_claim" time="0.169" /><testcase classname="tests.test_health" name="test_health_returns_envelope" time="0.006" /><testcase classname="tests.test_ingest" name="test_webhook_signed_creates_guia" time="0.061" /><testcase classname="tests.test_ingest" name="test_webhook_bad_signature_rejected" time="0.050" /><testcase classname="tests.test_ingest" name="test_webhook_update_then_terminal_then_blocked" time="0.072" /><testcase classname="tests.test_ingest" name="test_layout_csv_upload" time="0.067" /><testcase classname="tests.test_ingest" name="test_layout_rejects_non_csv" time="0.049" /><testcase classname="tests.test_ingest" name="test_admin_pull_returns_metadata_no_secrets" time="0.045" /><testcase classname="tests.test_multi_tenant_isolation" name="test_repository_cannot_read_other_tenant" time="0.024" /><testcase classname="tests.test_multi_tenant_isolation" name="test_repository_cannot_update_other_tenant" time="0.025" /><testcase classname="tests.test_multi_tenant_isolation" name="test_repository_cannot_delete_other_tenant" time="0.026" /><testcase classname="tests.test_multi_tenant_isolation" name="test_zero_crosses_recorded" time="0.023" /><testcase classname="tests.test_terminal_state" name="test_update_status_rejects_terminal" time="0.025" /><testcase classname="tests.test_terminal_state" name="test_update_status_promotes_to_terminal" time="0.024" /><testcase classname="tests.test_workflow_and_cae" name="test_adapter_mock_returns_known_raw_code" time="0.001" /><testcase classname="tests.test_workflow_and_cae" name="test_normalizer_hits_catalog" time="0.069" /><testcase classname="tests.test_workflow_and_cae" name="test_normalizer_miss_registers_unmapped" time="0.080" /><testcase classname="tests.test_workflow_and_cae" name="test_ingest_with_incident_creates_assigned_ticket" time="0.101" /><testcase classname="tests.test_workflow_and_cae" name="test_ingest_then_delivered_resolves_open_ticket" time="0.109" /><testcase classname="tests.test_workflow_and_cae" name="test_sandbox_hit_and_miss" time="0.072" /><testcase classname="tests.test_workflow_and_cae" name="test_promote_unmapped_creates_catalog_row_and_drops_unmapped" time="0.088" /><testcase classname="tests.test_workflow_and_cae" name="test_admin_tickets_list_and_detail" time="0.105" /></testsuite></testsuites>