<?xml version="1.0" encoding="utf-8"?><testsuites name="pytest tests"><testsuite name="pytest" errors="0" failures="0" skipped="0" tests="10" time="0.995" timestamp="2026-05-08T23:43:18.953429+00:00" hostname="agent-env-4a74385b-fd5d-45cd-8b60-247b221bda81"><testcase classname="tests.test_notifications" name="test_wa_deeplink_valid_phone" time="0.001" /><testcase classname="tests.test_notifications" name="test_wa_deeplink_invalid_phone" time="0.000" /><testcase classname="tests.test_notifications" name="test_send_email_mock_when_key_empty" time="0.001" /><testcase classname="tests.test_notifications" name="test_automation_blocked_when_no_permission" time="0.083" /><testcase classname="tests.test_notifications" name="test_automation_executes_email_when_allowed" time="0.094" /><testcase classname="tests.test_notifications" name="test_automation_whatsapp_returns_deeplink" time="0.093" /><testcase classname="tests.test_notifications" name="test_automation_motivo_restricted_blocks" time="0.083" /><testcase classname="tests.test_notifications" name="test_admin_notifications_test_endpoint" time="0.095" /><testcase classname="tests.test_notifications" name="test_admin_notifications_config_hides_secret" time="0.080" /><testcase classname="tests.test_notifications" name="test_agent_automate_endpoint_executes" time="0.107" /></testsuite></testsuites>