<?xml version="1.0" encoding="utf-8"?><testsuites name="pytest tests"><testsuite name="pytest" errors="0" failures="0" skipped="0" tests="21" time="29.504" timestamp="2026-05-05T19:13:47.036824+00:00" hostname="agent-env-2cff496f-fda7-4b6d-92fe-6228c37d15d3"><testcase classname="tests.test_iter83_legacy_journey_filter.TestRoutesReportLegacyFilter" name="test_routes_report_hides_legacy_when_no_orphan_incidents" time="0.650" /><testcase classname="tests.test_iter83_legacy_journey_filter.TestRoutesReportLegacyFilter" name="test_routes_report_keeps_legacy_when_orphan_incidents_remain" time="0.077" /><testcase classname="tests.test_iter83_legacy_journey_filter.TestRoutesReportLegacyFilter" name="test_routes_report_zero_remaining_is_hidden" time="0.075" /><testcase classname="tests.test_iter83_legacy_journey_filter.TestJourneysSearchDefensiveFilter" name="test_search_finds_seeded_journey_and_hides_legacy" time="0.076" /><testcase classname="tests.test_iter83_legacy_journey_filter.TestJourneysSearchDefensiveFilter" name="test_search_no_500_on_unrelated_query" time="0.076" /><testcase classname="tests.test_iter83_legacy_journey_filter.TestRoutesReportRegression" name="test_filter_by_driver" time="0.103" /><testcase classname="tests.test_iter83_legacy_journey_filter.TestRoutesReportRegression" name="test_filter_by_status" time="0.115" /><testcase classname="tests.test_iter83_legacy_journey_filter.TestRoutesReportRegression" name="test_export_liquidacion_returns_excel" time="0.170" /><testcase classname="tests.test_iter83_legacy_journey_filter.TestRoutesReportRegression" name="test_routes_report_export" time="0.167" /><testcase classname="tests.test_iter83_legacy_journey_filter.TestAnalyticsRegression" name="test_analytics_heatmap_get" time="0.081" /><testcase classname="tests.test_iter83_legacy_journey_filter.TestAnalyticsRegression" name="test_analytics_heatmap_export" time="0.082" /><testcase classname="tests.test_iter83_legacy_journey_filter.TestAnalyticsRegression" name="test_reports_quality" time="0.088" /><testcase classname="tests.test_iter83_legacy_journey_filter.TestAnalyticsRegression" name="test_reports_quality_export" time="0.089" /><testcase classname="tests.test_iter83_legacy_journey_filter.TestAnalyticsRegression" name="test_export_incidents" time="0.074" /><testcase classname="tests.test_iter83_legacy_journey_filter.TestAnalyticsRegression" name="test_reports_kpis" time="0.084" /><testcase classname="tests.test_iter83_legacy_journey_filter.TestAnalyticsRegression" name="test_reports_heatmap" time="0.085" /><testcase classname="tests.test_iter83_legacy_journey_filter.TestAnalyticsRegression" name="test_reports_attempts" time="0.086" /><testcase classname="tests.test_iter83_legacy_journey_filter.TestAnalyticsRegression" name="test_reports_sla" time="0.113" /><testcase classname="tests.test_iter83_legacy_journey_filter.TestAnalyticsRegression" name="test_reports_generate_ai" time="26.790" /><testcase classname="tests.test_iter83_legacy_journey_filter.TestPerfCacheRegression" name="test_clients_cache" time="0.180" /><testcase classname="tests.test_iter83_legacy_journey_filter.TestPerfCacheRegression" name="test_providers_cache" time="0.103" /></testsuite></testsuites>