<?xml version="1.0" encoding="utf-8"?><testsuites name="pytest tests"><testsuite name="pytest" errors="0" failures="0" skipped="0" tests="19" time="2.706" timestamp="2026-05-11T17:01:28.370559+00:00" hostname="agent-env-4a74385b-fd5d-45cd-8b60-247b221bda81"><testcase classname="tests.test_iter22_routal_multiproject.TestAdapterConstructor" name="test_constructor_with_args" time="0.072" /><testcase classname="tests.test_iter22_routal_multiproject.TestAdapterConstructor" name="test_constructor_dedupes_empty_projects" time="0.063" /><testcase classname="tests.test_iter22_routal_multiproject.TestAdapterConstructor" name="test_constructor_falls_back_to_env" time="0.060" /><testcase classname="tests.test_iter22_routal_multiproject.TestAdapterConstructor" name="test_constructor_no_env_no_args" time="0.061" /><testcase classname="tests.test_iter22_routal_multiproject.TestRepoCarrierConfig" name="test_set_and_get_encrypts_api_key" time="0.111" /><testcase classname="tests.test_iter22_routal_multiproject.TestRepoCarrierConfig" name="test_set_appends_default_to_project_ids" time="0.108" /><testcase classname="tests.test_iter22_routal_multiproject.TestRepoCarrierConfig" name="test_partial_update_preserves_key" time="0.111" /><testcase classname="tests.test_iter22_routal_multiproject.TestRepoCarrierConfig" name="test_disabled_returns_none" time="0.112" /><testcase classname="tests.test_iter22_routal_multiproject.TestRepoCarrierConfig" name="test_delete" time="0.116" /><testcase classname="tests.test_iter22_routal_multiproject.TestRESTEndpoints" name="test_get_empty_returns_unconfigured" time="0.120" /><testcase classname="tests.test_iter22_routal_multiproject.TestRESTEndpoints" name="test_put_creates_config" time="0.121" /><testcase classname="tests.test_iter22_routal_multiproject.TestRESTEndpoints" name="test_put_invalid_project_ids_rejected" time="0.116" /><testcase classname="tests.test_iter22_routal_multiproject.TestRESTEndpoints" name="test_delete" time="0.116" /><testcase classname="tests.test_iter22_routal_multiproject.TestRESTEndpoints" name="test_cross_tenant_404" time="0.112" /><testcase classname="tests.test_iter22_routal_multiproject.TestRESTEndpoints" name="test_agent_role_forbidden" time="0.111" /><testcase classname="tests.test_iter22_routal_multiproject.TestSchedulerMultiProject" name="test_pull_iterates_all_projects" time="0.144" /><testcase classname="tests.test_iter22_routal_multiproject.TestSendInstructionProjectScoped" name="test_send_uses_payload_project_id" time="0.095" /><testcase classname="tests.test_iter22_routal_multiproject.TestSendInstructionProjectScoped" name="test_send_falls_back_to_default_project" time="0.082" /><testcase classname="tests.test_iter22_routal_multiproject.TestSendInstructionProjectScoped" name="test_send_rejects_unknown_status" time="0.062" /></testsuite></testsuites>