<?xml version="1.0" encoding="utf-8"?><testsuites name="pytest tests"><testsuite name="pytest" errors="0" failures="0" skipped="0" tests="33" time="2.234" timestamp="2026-05-09T05:39:10.607683+00:00" hostname="agent-env-4a74385b-fd5d-45cd-8b60-247b221bda81"><testcase classname="tests.test_ai_v2.TestPIIMasking" name="test_email_phone_address_basic" time="0.001" /><testcase classname="tests.test_ai_v2.TestPIIMasking" name="test_deterministic_same_entity_same_token" time="0.000" /><testcase classname="tests.test_ai_v2.TestPIIMasking" name="test_two_distinct_entities_distinct_tokens" time="0.000" /><testcase classname="tests.test_ai_v2.TestPIIMasking" name="test_unmask_restores_internal" time="0.000" /><testcase classname="tests.test_ai_v2.TestPIIMasking" name="test_unknown_token_in_output_is_left_literal" time="0.000" /><testcase classname="tests.test_ai_v2.TestPIIMasking" name="test_no_pii_returns_original" time="0.000" /><testcase classname="tests.test_ai_v2.TestPIIMasking" name="test_mask_dict_harvests_known_fields" time="0.000" /><testcase classname="tests.test_ai_v2.TestPIIMasking" name="test_rfc_curp_detected" time="0.000" /><testcase classname="tests.test_ai_v2.TestAICostCap" name="test_consumption_below_cap_invoke_proceeds" time="0.107" /><testcase classname="tests.test_ai_v2.TestAICostCap" name="test_consumption_at_cap_returns_capped" time="0.105" /><testcase classname="tests.test_ai_v2.TestAICostCap" name="test_estimation_exceeds_cap_blocks_pre_call" time="0.105" /><testcase classname="tests.test_ai_v2.TestAIOptOut" name="test_active_client_invokes_then_optout_blocks" time="0.105" /><testcase classname="tests.test_ai_v2.TestAIOptOut" name="test_optout_endpoint_writes_log" time="0.108" /><testcase classname="tests.test_ai_v2.TestAIOptInExplicit" name="test_invoke_blocked_without_opt_in" time="0.095" /><testcase classname="tests.test_ai_v2.TestAIOptInExplicit" name="test_invoke_blocked_when_feature_not_enabled" time="0.105" /><testcase classname="tests.test_ai_v2.TestR42Draft" name="test_client_final_feature_returns_draft_true" time="0.104" /><testcase classname="tests.test_ai_v2.TestR42Draft" name="test_agent_internal_feature_returns_draft_false" time="0.103" /><testcase classname="tests.test_ai_v2.TestR38SingleEntry" name="test_no_llm_imports_outside_services_ai" time="0.005" /><testcase classname="tests.test_ai_p1.TestCircuitBreaker" name="test_closed_allows_calls" time="0.001" /><testcase classname="tests.test_ai_p1.TestCircuitBreaker" name="test_opens_after_threshold_failures" time="0.001" /><testcase classname="tests.test_ai_p1.TestCircuitBreaker" name="test_half_open_recovery_on_success" time="0.081" /><testcase classname="tests.test_ai_p1.TestCircuitBreaker" name="test_gateway_uses_breaker" time="0.086" /><testcase classname="tests.test_ai_p1.TestPromptCache" name="test_hit_after_put" time="0.001" /><testcase classname="tests.test_ai_p1.TestPromptCache" name="test_cross_tenant_miss" time="0.000" /><testcase classname="tests.test_ai_p1.TestPromptCache" name="test_ttl_expiry" time="0.081" /><testcase classname="tests.test_ai_p1.TestPromptCache" name="test_gateway_serves_from_cache_on_second_call" time="0.086" /><testcase classname="tests.test_ai_p1.TestStreamingSSE" name="test_invoke_stream_emits_chunks_and_done" time="0.186" /><testcase classname="tests.test_ai_p1.TestApproveAndWebhook" name="test_approve_marks_invocation" time="0.089" /><testcase classname="tests.test_ai_p1.TestApproveAndWebhook" name="test_approve_double_blocks" time="0.098" /><testcase classname="tests.test_ai_p1.TestApproveAndWebhook" name="test_webhook_outbound_signature_and_marking" time="0.077" /><testcase classname="tests.test_ai_p1.TestDailySummaryAISection" name="test_metrics_aggregates_today_invocations" time="0.079" /><testcase classname="tests.test_ai_p1.TestDailySummaryAISection" name="test_render_summary_includes_ai_block_when_invocations" time="0.000" /><testcase classname="tests.test_ai_p1.TestDailySummaryAISection" name="test_render_summary_omits_ai_block_when_zero" time="0.000" /></testsuite></testsuites>