<?xml version="1.0" encoding="utf-8"?><testsuites name="pytest tests"><testsuite name="pytest" errors="0" failures="0" skipped="0" tests="11" time="1.154" timestamp="2026-05-10T19:20:20.569507+00:00" hostname="agent-env-4a74385b-fd5d-45cd-8b60-247b221bda81"><testcase classname="tests.test_iter15_email_templates_costtrend_seed.TestEmailTemplates" name="test_list_empty" time="0.029" /><testcase classname="tests.test_iter15_email_templates_costtrend_seed.TestEmailTemplates" name="test_upsert_then_list" time="0.039" /><testcase classname="tests.test_iter15_email_templates_costtrend_seed.TestEmailTemplates" name="test_upsert_invalid_key" time="0.023" /><testcase classname="tests.test_iter15_email_templates_costtrend_seed.TestEmailTemplates" name="test_preview_substitutes_variables" time="0.024" /><testcase classname="tests.test_iter15_email_templates_costtrend_seed.TestEmailTemplates" name="test_delete_template" time="0.035" /><testcase classname="tests.test_iter15_email_templates_costtrend_seed.TestEmailTemplates" name="test_agent_forbidden" time="0.044" /><testcase classname="tests.test_iter15_email_templates_costtrend_seed.TestCostTrend" name="test_returns_empty_structure_with_no_data" time="0.023" /><testcase classname="tests.test_iter15_email_templates_costtrend_seed.TestCostTrend" name="test_aggregates_invocation_log" time="0.032" /><testcase classname="tests.test_iter15_email_templates_costtrend_seed.TestCostTrend" name="test_filter_by_client" time="0.032" /><testcase classname="tests.test_iter15_email_templates_costtrend_seed.TestDemoClaimsSeed" name="test_seeds_3_claims_idempotent" time="0.082" /><testcase classname="tests.test_iter15_email_templates_costtrend_seed.TestDemoClaimsSeed" name="test_admin_forbidden" time="0.023" /></testsuite></testsuites>