<?xml version="1.0" encoding="utf-8"?><testsuites name="pytest tests"><testsuite name="pytest" errors="0" failures="0" skipped="0" tests="8" time="2.481" timestamp="2026-05-09T03:51:08.377841+00:00" hostname="agent-env-4a74385b-fd5d-45cd-8b60-247b221bda81"><testcase classname="tests.test_routal_live" name="test_health_pingable_true_with_real_creds" time="0.773" /><testcase classname="tests.test_routal_live" name="test_plans_returns_real_data" time="0.342" /><testcase classname="tests.test_routal_live" name="test_track_real_tracking_id_returns_delivered" time="0.311" /><testcase classname="tests.test_routal_live" name="test_track_unknown_id_returns_unknown" time="0.248" /><testcase classname="tests.test_routal_live" name="test_rbac_agent_blocked_health" time="0.429" /><testcase classname="tests.test_routal_live" name="test_rbac_agent_blocked_plans" time="0.096" /><testcase classname="tests.test_routal_live" name="test_rbac_agent_blocked_track" time="0.113" /><testcase classname="tests.test_routal_live" name="test_unauthenticated_returns_401" time="0.105" /></testsuite></testsuites>