<?xml version="1.0" encoding="utf-8"?><testsuites name="pytest tests"><testsuite name="pytest" errors="0" failures="0" skipped="0" tests="17" time="3.626" timestamp="2026-05-05T18:21:21.887581+00:00" hostname="agent-env-2cff496f-fda7-4b6d-92fe-6228c37d15d3"><testcase classname="tests.test_iter59_perf_p0_p1.TestFixA_BackendBootsWithPool" name="test_backend_healthy_auth_me" time="0.625" /><testcase classname="tests.test_iter59_perf_p0_p1.TestFixA_BackendBootsWithPool" name="test_login_fast" time="0.368" /><testcase classname="tests.test_iter59_perf_p0_p1.TestFixB_JourneysContract" name="test_journeys_response_shape" time="0.072" /><testcase classname="tests.test_iter59_perf_p0_p1.TestFixB_JourneysContract" name="test_journeys_pagination" time="0.171" /><testcase classname="tests.test_iter59_perf_p0_p1.TestFixB_JourneysContract" name="test_journeys_filters" time="0.057" /><testcase classname="tests.test_iter59_perf_p0_p1.TestFixB_JourneysContract" name="test_journeys_fulltext_q" time="0.066" /><testcase classname="tests.test_iter59_perf_p0_p1.TestFixB_JourneysContract" name="test_journey_detail" time="0.142" /><testcase classname="tests.test_iter59_perf_p0_p1.TestFixC_CacheInvalidation" name="test_clients_cache_warmup" time="0.132" /><testcase classname="tests.test_iter59_perf_p0_p1.TestFixC_CacheInvalidation" name="test_providers_cache_warmup" time="0.104" /><testcase classname="tests.test_iter59_perf_p0_p1.TestFixC_CacheInvalidation" name="test_client_create_invalidates_cache" time="0.302" /><testcase classname="tests.test_iter59_perf_p0_p1.TestFixC_CacheInvalidation" name="test_provider_update_invalidates_cache" time="0.305" /><testcase classname="tests.test_iter59_perf_p0_p1.TestFixD_IncidentCounts" name="test_counts_non_negative_ints" time="0.061" /><testcase classname="tests.test_iter59_perf_p0_p1.TestFixE_Indexes" name="test_journey_indexes_present" time="0.077" /><testcase classname="tests.test_iter59_perf_p0_p1.TestRegression_Dashboard" name="test_dashboard_stats" time="0.056" /><testcase classname="tests.test_iter59_perf_p0_p1.TestRegression_Dashboard" name="test_dashboard_stats_cached_fast" time="0.109" /><testcase classname="tests.test_iter59_perf_p0_p1.TestRegression_Dashboard" name="test_dashboard_incidents_breakdown" time="0.053" /><testcase classname="tests.test_iter59_perf_p0_p1.TestConcurrency_Journeys" name="test_10_parallel_requests_under_3s_total" time="0.785" /></testsuite></testsuites>