<?xml version="1.0" encoding="utf-8"?><testsuites name="pytest tests"><testsuite name="pytest" errors="0" failures="0" skipped="0" tests="9" time="0.625" timestamp="2026-05-09T03:50:29.019564+00:00" hostname="agent-env-4a74385b-fd5d-45cd-8b60-247b221bda81"><testcase classname="tests.test_routal" name="test_routal_native_codes_complete" time="0.026" /><testcase classname="tests.test_routal" name="test_stop_to_event_maps_payload" time="0.000" /><testcase classname="tests.test_routal" name="test_normalizer_routal_completed_to_delivered" time="0.048" /><testcase classname="tests.test_routal" name="test_normalizer_routal_incomplete_requires_action" time="0.045" /><testcase classname="tests.test_routal" name="test_search_stop_raises_when_no_api_key" time="0.001" /><testcase classname="tests.test_routal" name="test_get_raw_status_returns_unknown_when_stop_not_found" time="0.001" /><testcase classname="tests.test_routal" name="test_admin_health_pingable_false_when_no_creds" time="0.047" /><testcase classname="tests.test_routal" name="test_admin_routal_rbac_blocks_agent" time="0.047" /><testcase classname="tests.test_routal" name="test_admin_routal_track_returns_normalized" time="0.046" /></testsuite></testsuites>