<?xml version="1.0" encoding="utf-8"?><testsuites name="pytest tests"><testsuite name="pytest" errors="0" failures="0" skipped="0" tests="34" time="6.456" timestamp="2026-05-09T07:37:27.047879+00:00" hostname="agent-env-4a74385b-fd5d-45cd-8b60-247b221bda81"><testcase classname="tests.test_webhooks_outbound.TestCatalogSeeded" name="test_5_global_events_present" time="0.345" /><testcase classname="tests.test_webhooks_outbound.TestCatalogSeeded" name="test_payload_schema_well_formed" time="0.341" /><testcase classname="tests.test_webhooks_outbound.TestHmacSigning" name="test_sign_is_stable" time="0.000" /><testcase classname="tests.test_webhooks_outbound.TestHmacSigning" name="test_verify_round_trip" time="0.000" /><testcase classname="tests.test_webhooks_outbound.TestHmacSigning" name="test_encrypt_decrypt_roundtrip" time="0.001" /><testcase classname="tests.test_webhooks_outbound.TestUrlValidator" name="test_static_blocks_bad_urls[http://example.com/hook]" time="0.000" /><testcase classname="tests.test_webhooks_outbound.TestUrlValidator" name="test_static_blocks_bad_urls[https://localhost/hook]" time="0.000" /><testcase classname="tests.test_webhooks_outbound.TestUrlValidator" name="test_static_blocks_bad_urls[https://127.0.0.1/hook]" time="0.000" /><testcase classname="tests.test_webhooks_outbound.TestUrlValidator" name="test_static_blocks_bad_urls[https://192.168.1.10/hook]" time="0.000" /><testcase classname="tests.test_webhooks_outbound.TestUrlValidator" name="test_static_blocks_bad_urls[https://10.0.0.5/hook]" time="0.000" /><testcase classname="tests.test_webhooks_outbound.TestUrlValidator" name="test_static_blocks_bad_urls[https://169.254.169.254/latest/meta]" time="0.000" /><testcase classname="tests.test_webhooks_outbound.TestUrlValidator" name="test_static_blocks_bad_urls[https://example.com:8080/hook]" time="0.000" /><testcase classname="tests.test_webhooks_outbound.TestUrlValidator" name="test_static_blocks_bad_urls[ftp://example.com/hook]" time="0.000" /><testcase classname="tests.test_webhooks_outbound.TestUrlValidator" name="test_static_blocks_bad_urls[https:///hook]" time="0.000" /><testcase classname="tests.test_webhooks_outbound.TestUrlValidator" name="test_static_blocks_bad_urls[]" time="0.000" /><testcase classname="tests.test_webhooks_outbound.TestUrlValidator" name="test_static_accepts_https_443" time="0.000" /><testcase classname="tests.test_webhooks_outbound.TestUrlValidator" name="test_static_accepts_high_port_with_flag" time="0.000" /><testcase classname="tests.test_webhooks_outbound.TestIdempotency" name="test_same_event_within_60s_reuses_id" time="0.348" /><testcase classname="tests.test_webhooks_outbound.TestIdempotency" name="test_different_source_id_creates_new_event" time="0.346" /><testcase classname="tests.test_webhooks_outbound.TestRetryAndDlq" name="test_5xx_reschedules_with_backoff" time="0.352" /><testcase classname="tests.test_webhooks_outbound.TestRetryAndDlq" name="test_after_max_attempts_goes_to_dlq" time="0.361" /><testcase classname="tests.test_webhooks_outbound.TestRetryAndDlq" name="test_2xx_marks_delivered_and_removes_from_queue" time="0.353" /><testcase classname="tests.test_webhooks_outbound.TestAppendOnly" name="test_repo_only_exposes_append_and_query" time="0.001" /><testcase classname="tests.test_webhooks_outbound.TestSingleDispatcher" name="test_no_other_egress_calls" time="0.003" /><testcase classname="tests.test_webhooks_outbound.TestSubscriptionEndpoints" name="test_create_subscription_returns_secret_once" time="0.355" /><testcase classname="tests.test_webhooks_outbound.TestSubscriptionEndpoints" name="test_create_subscription_blocks_private_url" time="0.351" /><testcase classname="tests.test_webhooks_outbound.TestSubscriptionEndpoints" name="test_include_pii_requires_consent" time="0.354" /><testcase classname="tests.test_webhooks_outbound.TestSubscriptionEndpoints" name="test_unknown_event_code_rejected" time="0.353" /><testcase classname="tests.test_webhooks_outbound.TestSubscriptionEndpoints" name="test_rotate_secret" time="0.363" /><testcase classname="tests.test_webhooks_outbound.TestSampleAndDeliveries" name="test_sample_payload" time="0.343" /><testcase classname="tests.test_webhooks_outbound.TestSampleAndDeliveries" name="test_deliveries_filter" time="0.342" /><testcase classname="tests.test_webhooks_outbound.TestDlqReplay" name="test_replay_dlq_reenqueues" time="0.373" /><testcase classname="tests.test_webhooks_outbound.TestBackoffCurve" name="test_backoff_minutes_progression" time="0.000" /><testcase classname="tests.test_webhooks_outbound.TestE2ETicketEvents" name="test_ticket_creation_emits_webhook" time="0.375" /></testsuite></testsuites>