<?xml version="1.0" encoding="utf-8"?><testsuites name="pytest tests"><testsuite name="pytest" errors="0" failures="0" skipped="0" tests="8" time="2.081" timestamp="2026-05-09T04:48:02.607822+00:00" hostname="agent-env-4a74385b-fd5d-45cd-8b60-247b221bda81"><testcase classname="tests.test_inbox_public.TestInboxEndpoints" name="test_unread_count_envelope" time="0.557" /><testcase classname="tests.test_inbox_public.TestInboxEndpoints" name="test_list_inbox_envelope" time="0.119" /><testcase classname="tests.test_inbox_public.TestInboxEndpoints" name="test_inbox_requires_auth" time="0.114" /><testcase classname="tests.test_inbox_public.TestInboxEndpoints" name="test_mark_read_unknown_id_returns_404" time="0.103" /><testcase classname="tests.test_inbox_public.TestInboxEndpoints" name="test_mark_all_read_returns_updated_count" time="0.116" /><testcase classname="tests.test_inbox_public.TestClaimsOpenKPI" name="test_claims_open_envelope" time="0.105" /><testcase classname="tests.test_inbox_public.TestClaimsOpenKPI" name="test_claims_open_requires_supervisor" time="0.432" /><testcase classname="tests.test_inbox_public.TestNotifyClientValidation" name="test_notify_client_unknown_id_returns_404" time="0.471" /></testsuite></testsuites>