<?xml version="1.0" encoding="utf-8"?><testsuites name="pytest tests"><testsuite name="pytest" errors="0" failures="0" skipped="0" tests="18" time="3.550" timestamp="2026-05-10T20:42:18.825526+00:00" hostname="agent-env-4a74385b-fd5d-45cd-8b60-247b221bda81"><testcase classname="tests.test_iter17_agent_panel.TestTicketDetail" name="test_ticket_detail_shape" time="0.589" /><testcase classname="tests.test_iter17_agent_panel.TestTicketDetail" name="test_ticket_detail_not_found" time="0.141" /><testcase classname="tests.test_iter17_agent_panel.TestComment" name="test_comment_internal_creates_action_event" time="0.144" /><testcase classname="tests.test_iter17_agent_panel.TestComment" name="test_comment_external_creates_comm_event" time="0.158" /><testcase classname="tests.test_iter17_agent_panel.TestComment" name="test_comment_validation_empty_body" time="0.134" /><testcase classname="tests.test_iter17_agent_panel.TestComment" name="test_comment_validation_too_long" time="0.163" /><testcase classname="tests.test_iter17_agent_panel.TestComment" name="test_comment_appears_in_timeline" time="0.242" /><testcase classname="tests.test_iter17_agent_panel.TestBulkTake" name="test_bulk_take_payload_empty_422" time="0.163" /><testcase classname="tests.test_iter17_agent_panel.TestBulkTake" name="test_bulk_take_not_found" time="0.129" /><testcase classname="tests.test_iter17_agent_panel.TestBulkTake" name="test_bulk_take_success" time="0.128" /><testcase classname="tests.test_iter17_agent_panel.TestBulkStatus" name="test_bulk_status_validation" time="0.133" /><testcase classname="tests.test_iter17_agent_panel.TestBulkStatus" name="test_bulk_status_not_found" time="0.126" /><testcase classname="tests.test_iter17_agent_panel.TestBulkStatus" name="test_bulk_status_success_owner" time="0.222" /><testcase classname="tests.test_iter17_agent_panel.TestRegressions" name="test_queue_endpoint" time="0.157" /><testcase classname="tests.test_iter17_agent_panel.TestRegressions" name="test_saved_filters_list" time="0.115" /><testcase classname="tests.test_iter17_agent_panel.TestRegressions" name="test_reclamos_list" time="0.441" /><testcase classname="tests.test_iter17_agent_panel.TestRegressions" name="test_admin_security_panel" time="0.167" /><testcase classname="tests.test_iter17_agent_panel.TestRegressions" name="test_admin_ai_cost_trend" time="0.123" /></testsuite></testsuites>