<?xml version="1.0" encoding="utf-8"?><testsuites name="pytest tests"><testsuite name="pytest" errors="0" failures="0" skipped="0" tests="55" time="4.648" timestamp="2026-05-09T07:04:59.669637+00:00" hostname="agent-env-4a74385b-fd5d-45cd-8b60-247b221bda81"><testcase classname="tests.test_client_auditor.TestRoleRegistration" name="test_role_present_in_rank" time="0.001" /><testcase classname="tests.test_client_auditor.TestRoleRegistration" name="test_default_landing_is_auditor_panel" time="0.000" /><testcase classname="tests.test_client_auditor.TestAuditorReadAccess" name="test_can_preview_audit_csv" time="0.078" /><testcase classname="tests.test_client_auditor.TestAuditorReadAccess" name="test_can_download_signed_csv" time="0.070" /><testcase classname="tests.test_client_auditor.TestAuditorReadAccess" name="test_can_list_invocation_log" time="0.071" /><testcase classname="tests.test_client_auditor.TestAuditorReadAccess" name="test_can_view_consumption_dashboard" time="0.070" /><testcase classname="tests.test_client_auditor.TestAuditorWriteDenied" name="test_cannot_create_feature" time="0.075" /><testcase classname="tests.test_client_auditor.TestAuditorWriteDenied" name="test_cannot_upsert_client_config" time="0.074" /><testcase classname="tests.test_client_auditor.TestAuditorWriteDenied" name="test_cannot_run_benchmark" time="0.074" /><testcase classname="tests.test_client_auditor.TestAuditorWriteDenied" name="test_cannot_invoke_ai" time="0.074" /><testcase classname="tests.test_client_auditor.TestAuditorOperationalDenied" name="test_cannot_list_admin_tickets" time="0.084" /><testcase classname="tests.test_client_auditor.TestAuditorOperationalDenied" name="test_cannot_access_agent_queue" time="0.074" /><testcase classname="tests.test_client_auditor.TestAuditorOperationalDenied" name="test_cannot_list_projects" time="0.073" /><testcase classname="tests.test_client_auditor.TestAuditorOperationalDenied" name="test_cannot_list_motivos" time="0.112" /><testcase classname="tests.test_client_auditor.TestAuditorCrossTenant" name="test_audit_csv_only_sees_own_tenant" time="0.086" /><testcase classname="tests.test_client_auditor.TestAuditorLogin" name="test_login_returns_redirect_to_auditor_panel" time="0.543" /><testcase classname="tests.test_admin_hierarchy" name="test_project_crud_and_isolation" time="0.046" /><testcase classname="tests.test_admin_hierarchy" name="test_client_credentials_encrypted_and_redacted" time="0.051" /><testcase classname="tests.test_admin_hierarchy" name="test_client_requires_existing_project_in_same_tenant" time="0.041" /><testcase classname="tests.test_admin_hierarchy" name="test_subclient_lifecycle" time="0.065" /><testcase classname="tests.test_admin_hierarchy" name="test_carrier_crud" time="0.038" /><testcase classname="tests.test_admin_hierarchy" name="test_admin_endpoints_reject_lower_roles" time="0.027" /><testcase classname="tests.test_admin_hierarchy" name="test_tenants_admin_requires_root_dev" time="0.031" /><testcase classname="tests.test_catalog_and_automation" name="test_motivo_create_and_validation" time="0.038" /><testcase classname="tests.test_catalog_and_automation" name="test_solucion_requires_existing_motivo" time="0.028" /><testcase classname="tests.test_catalog_and_automation" name="test_automation_default_deny_and_restricted_block" time="0.096" /><testcase classname="tests.test_catalog_and_automation" name="test_solucion_no_automatable_blocks" time="0.091" /><testcase classname="tests.test_catalog_and_automation" name="test_supervisor_cannot_toggle_permissions" time="0.030" /><testcase classname="tests.test_ai_v2.TestPIIMasking" name="test_email_phone_address_basic" time="0.000" /><testcase classname="tests.test_ai_v2.TestPIIMasking" name="test_deterministic_same_entity_same_token" time="0.000" /><testcase classname="tests.test_ai_v2.TestPIIMasking" name="test_two_distinct_entities_distinct_tokens" time="0.000" /><testcase classname="tests.test_ai_v2.TestPIIMasking" name="test_unmask_restores_internal" time="0.000" /><testcase classname="tests.test_ai_v2.TestPIIMasking" name="test_unknown_token_in_output_is_left_literal" time="0.000" /><testcase classname="tests.test_ai_v2.TestPIIMasking" name="test_no_pii_returns_original" time="0.000" /><testcase classname="tests.test_ai_v2.TestPIIMasking" name="test_mask_dict_harvests_known_fields" time="0.000" /><testcase classname="tests.test_ai_v2.TestPIIMasking" name="test_rfc_curp_detected" time="0.000" /><testcase classname="tests.test_ai_v2.TestAICostCap" name="test_consumption_below_cap_invoke_proceeds" time="0.130" /><testcase classname="tests.test_ai_v2.TestAICostCap" name="test_consumption_at_cap_returns_capped" time="0.117" /><testcase classname="tests.test_ai_v2.TestAICostCap" name="test_estimation_exceeds_cap_blocks_pre_call" time="0.111" /><testcase classname="tests.test_ai_v2.TestAIOptOut" name="test_active_client_invokes_then_optout_blocks" time="0.110" /><testcase classname="tests.test_ai_v2.TestAIOptOut" name="test_optout_endpoint_writes_log" time="0.113" /><testcase classname="tests.test_ai_v2.TestAIOptInExplicit" name="test_invoke_blocked_without_opt_in" time="0.122" /><testcase classname="tests.test_ai_v2.TestAIOptInExplicit" name="test_invoke_blocked_when_feature_not_enabled" time="0.112" /><testcase classname="tests.test_ai_v2.TestR42Draft" name="test_client_final_feature_returns_draft_true" time="0.113" /><testcase classname="tests.test_ai_v2.TestR42Draft" name="test_agent_internal_feature_returns_draft_false" time="0.112" /><testcase classname="tests.test_ai_v2.TestR38SingleEntry" name="test_no_llm_imports_outside_services_ai" time="0.005" /><testcase classname="tests.test_ai_p2.TestBenchmark" name="test_dry_run_returns_estimates_for_all_models" time="0.067" /><testcase classname="tests.test_ai_p2.TestBenchmark" name="test_endpoint_run_dry_run" time="0.075" /><testcase classname="tests.test_ai_p2.TestBenchmark" name="test_endpoint_admin_forbidden" time="0.063" /><testcase classname="tests.test_ai_p2.TestBenchmark" name="test_list_benchmarks" time="0.074" /><testcase classname="tests.test_ai_p2.TestAuditExport" name="test_csv_signature_validates" time="0.070" /><testcase classname="tests.test_ai_p2.TestAuditExport" name="test_csv_filters_by_date_and_status" time="0.071" /><testcase classname="tests.test_ai_p2.TestAuditExport" name="test_endpoint_csv_download" time="0.069" /><testcase classname="tests.test_ai_p2.TestAuditExport" name="test_endpoint_admin_forbidden" time="0.061" /><testcase classname="tests.test_ai_p2.TestAuditExport" name="test_endpoint_preview_returns_signature_and_sample" time="0.061" /></testsuite></testsuites>