<?xml version="1.0" encoding="utf-8"?><testsuites name="pytest tests"><testsuite name="pytest" errors="0" failures="0" skipped="2" tests="16" time="4.397" timestamp="2026-05-09T19:02:58.698571+00:00" hostname="agent-env-4a74385b-fd5d-45cd-8b60-247b221bda81"><testcase classname="tests.test_iter14_security_savedfilters_claimspdf.TestSecurityAudit" name="test_root_dev_access" time="0.525" /><testcase classname="tests.test_iter14_security_savedfilters_claimspdf.TestSecurityAudit" name="test_admin_forbidden" time="0.453" /><testcase classname="tests.test_iter14_security_savedfilters_claimspdf.TestSecurityAudit" name="test_agent_forbidden" time="0.441" /><testcase classname="tests.test_iter14_security_savedfilters_claimspdf.TestSecurityAudit" name="test_unauthenticated" time="0.127" /><testcase classname="tests.test_iter14_security_savedfilters_claimspdf.TestSavedFilters" name="test_agent_crud_and_isolation" time="0.689" /><testcase classname="tests.test_iter14_security_savedfilters_claimspdf.TestSavedFilters" name="test_client_auditor_forbidden" time="0.475" /><testcase classname="tests.test_iter14_security_savedfilters_claimspdf.TestSavedFilters" name="test_unauthenticated" time="0.116" /><testcase classname="tests.test_iter14_security_savedfilters_claimspdf.TestClaimsExport" name="test_pdf_404_for_unknown_claim" time="0.109" /><testcase classname="tests.test_iter14_security_savedfilters_claimspdf.TestClaimsExport" name="test_pdf_individual_admin" time="0.215"><skipped type="pytest.skip" message="No claims exist in tenant — cannot exercise PDF export">/app/tests/test_iter14_security_savedfilters_claimspdf.py:164: No claims exist in tenant — cannot exercise PDF export</skipped></testcase><testcase classname="tests.test_iter14_security_savedfilters_claimspdf.TestClaimsExport" name="test_pdf_agent_forbidden" time="0.338" /><testcase classname="tests.test_iter14_security_savedfilters_claimspdf.TestClaimsExport" name="test_bulk_zip_404_when_invalid_ids" time="0.110" /><testcase classname="tests.test_iter14_security_savedfilters_claimspdf.TestClaimsExport" name="test_bulk_zip_admin" time="0.239"><skipped type="pytest.skip" message="No claims exist in tenant">/app/tests/test_iter14_security_savedfilters_claimspdf.py:186: No claims exist in tenant</skipped></testcase><testcase classname="tests.test_iter14_security_savedfilters_claimspdf.TestClaimsExport" name="test_bulk_zip_agent_forbidden" time="0.131" /><testcase classname="tests.test_iter14_security_savedfilters_claimspdf.TestWebhooksMeta" name="test_openapi_registers_endpoints" time="0.130" /><testcase classname="tests.test_iter14_security_savedfilters_claimspdf.TestWebhooksMeta" name="test_reset_circuit_404_for_unknown" time="0.107" /><testcase classname="tests.test_iter14_security_savedfilters_claimspdf.TestWebhooksMeta" name="test_reset_circuit_agent_forbidden" time="0.113" /></testsuite></testsuites>