<?xml version="1.0" encoding="utf-8"?><testsuites name="pytest tests"><testsuite name="pytest" errors="0" failures="0" skipped="0" tests="34" time="4.464" timestamp="2026-05-11T17:34:33.728332+00:00" hostname="agent-env-4a74385b-fd5d-45cd-8b60-247b221bda81"><testcase classname="tests.test_iter23_guia_cancel.TestCancelHappyPath" name="test_uses_carrier_meta_project_id_by_default" time="0.157" /><testcase classname="tests.test_iter23_guia_cancel.TestCancelHappyPath" name="test_payload_project_id_overrides_carrier_meta" time="0.143" /><testcase classname="tests.test_iter23_guia_cancel.TestCancelHappyPath" name="test_appends_timeline_event_on_ticket" time="0.148" /><testcase classname="tests.test_iter23_guia_cancel.TestCancelHappyPath" name="test_persists_outbound_audit_on_guia" time="0.141" /><testcase classname="tests.test_iter23_guia_cancel.TestCancelFailures" name="test_carrier_failure_marks_guia_failed" time="0.138" /><testcase classname="tests.test_iter23_guia_cancel.TestCancelFailures" name="test_client_without_carrier_config_400" time="0.133" /><testcase classname="tests.test_iter23_guia_cancel.TestCancelSecurity" name="test_cross_tenant_guia_404" time="0.135" /><testcase classname="tests.test_iter23_guia_cancel.TestCancelSecurity" name="test_no_auth_401" time="0.130" /><testcase classname="tests.test_iter23_guia_cancel.TestCancelSecurity" name="test_viewer_role_forbidden" time="0.137" /><testcase classname="tests.test_iter23_guia_cancel.TestCancelEdges" name="test_unknown_guia_404" time="0.140" /><testcase classname="tests.test_iter23_guia_cancel.TestCancelEdges" name="test_no_linked_ticket_still_succeeds" time="0.137" /><testcase classname="tests.test_iter24_dhl_fedex.TestDHLAdapter" name="test_constructor_falls_back_to_mock_when_no_key" time="0.071" /><testcase classname="tests.test_iter24_dhl_fedex.TestDHLAdapter" name="test_constructor_real_mode_when_key_set" time="0.070" /><testcase classname="tests.test_iter24_dhl_fedex.TestDHLAdapter" name="test_constructor_accepts_project_ids_ignores_them" time="0.069" /><testcase classname="tests.test_iter24_dhl_fedex.TestDHLAdapter" name="test_validate_config_pings_dhl" time="0.103" /><testcase classname="tests.test_iter24_dhl_fedex.TestDHLAdapter" name="test_validate_config_handles_auth_failure" time="0.096" /><testcase classname="tests.test_iter24_dhl_fedex.TestDHLAdapter" name="test_get_raw_status_parses_real_response" time="0.091" /><testcase classname="tests.test_iter24_dhl_fedex.TestDHLAdapter" name="test_get_raw_status_404_returns_unknown" time="0.086" /><testcase classname="tests.test_iter24_dhl_fedex.TestDHLAdapter" name="test_get_raw_status_unknown_statuscode_normalizes" time="0.087" /><testcase classname="tests.test_iter24_dhl_fedex.TestDHLAdapter" name="test_get_raw_status_network_error" time="0.090" /><testcase classname="tests.test_iter24_dhl_fedex.TestDHLAdapter" name="test_get_raw_status_mock_when_no_key" time="0.066" /><testcase classname="tests.test_iter24_dhl_fedex.TestDHLAdapter" name="test_send_instruction_returns_501" time="0.066" /><testcase classname="tests.test_iter24_dhl_fedex.TestFedExAdapter" name="test_constructor_falls_back_to_mock_when_no_creds" time="0.070" /><testcase classname="tests.test_iter24_dhl_fedex.TestFedExAdapter" name="test_constructor_real_mode_needs_BOTH_creds" time="0.068" /><testcase classname="tests.test_iter24_dhl_fedex.TestFedExAdapter" name="test_constructor_accepts_account_number" time="0.067" /><testcase classname="tests.test_iter24_dhl_fedex.TestFedExAdapter" name="test_validate_config_oauth_success" time="0.085" /><testcase classname="tests.test_iter24_dhl_fedex.TestFedExAdapter" name="test_validate_config_oauth_failure" time="0.087" /><testcase classname="tests.test_iter24_dhl_fedex.TestFedExAdapter" name="test_token_is_cached_across_calls" time="0.153" /><testcase classname="tests.test_iter24_dhl_fedex.TestFedExAdapter" name="test_get_raw_status_parses_real_response" time="0.112" /><testcase classname="tests.test_iter24_dhl_fedex.TestFedExAdapter" name="test_unknown_code_normalizes_to_IT" time="0.112" /><testcase classname="tests.test_iter24_dhl_fedex.TestFedExAdapter" name="test_track_auth_failure_returns_unknown" time="0.093" /><testcase classname="tests.test_iter24_dhl_fedex.TestFedExAdapter" name="test_get_raw_status_mock_when_no_creds" time="0.071" /><testcase classname="tests.test_iter24_dhl_fedex.TestFedExAdapter" name="test_send_instruction_returns_501" time="0.070" /><testcase classname="tests.test_iter24_dhl_fedex.TestRegistryWiring" name="test_dhl_and_fedex_registered_as_real_classes" time="0.069" /></testsuite></testsuites>