<?xml version="1.0" encoding="utf-8"?><testsuites name="pytest tests"><testsuite name="pytest" errors="0" failures="0" skipped="0" tests="13" time="2.276" timestamp="2026-05-11T21:02:15.778612+00:00" hostname="agent-env-4a74385b-fd5d-45cd-8b60-247b221bda81"><testcase classname="tests.test_iter26_bundle_a_bulk_undo" name="test_bulk_close_requires_typed_confirmation_when_10_or_more" time="0.114" /><testcase classname="tests.test_iter26_bundle_a_bulk_undo" name="test_bulk_close_no_confirmation_under_10" time="0.120" /><testcase classname="tests.test_iter26_bundle_a_bulk_undo" name="test_bulk_close_with_confirmation_returns_transaction" time="0.124" /><testcase classname="tests.test_iter26_bundle_a_bulk_undo" name="test_bulk_undo_within_window_reverts" time="0.122" /><testcase classname="tests.test_iter26_bundle_a_bulk_undo" name="test_bulk_undo_after_window_returns_410" time="0.109" /><testcase classname="tests.test_iter26_bundle_a_bulk_undo" name="test_bulk_undo_ownership_403" time="0.118" /><testcase classname="tests.test_iter26_bundle_a_bulk_undo" name="test_bulk_undo_respects_terminal_state_r02" time="0.127" /><testcase classname="tests.test_iter26_bundle_a_notif_external_domain" name="test_test_send_whitelist_domain_no_warning" time="0.096" /><testcase classname="tests.test_iter26_bundle_a_notif_external_domain" name="test_test_send_external_domain_requires_confirmation" time="0.089" /><testcase classname="tests.test_iter26_bundle_a_notif_external_domain" name="test_test_send_external_with_confirmed_creates_audit" time="0.106" /><testcase classname="tests.test_iter26_bundle_a_notif_external_domain" name="test_tenant_test_domains_crud" time="0.108" /><testcase classname="tests.test_iter26_bundle_a_notif_external_domain" name="test_tenant_domain_isolation" time="0.091" /><testcase classname="tests.test_iter26_bundle_a_notif_external_domain" name="test_global_domain_cannot_be_added_again" time="0.079" /></testsuite></testsuites>