<?xml version="1.0" encoding="utf-8"?><testsuites name="pytest tests"><testsuite name="pytest" errors="0" failures="0" skipped="0" tests="11" time="4.195" timestamp="2026-05-12T05:34:11.770400+00:00" hostname="agent-env-4a74385b-fd5d-45cd-8b60-247b221bda81"><testcase classname="tests.test_iter34_bundle_e_e2e_public" name="test_state_admin_200" time="0.776" /><testcase classname="tests.test_iter34_bundle_e_e2e_public" name="test_state_superadmin_200" time="0.591" /><testcase classname="tests.test_iter34_bundle_e_e2e_public" name="test_state_root_dev_200" time="0.516" /><testcase classname="tests.test_iter34_bundle_e_e2e_public" name="test_state_agent_forbidden" time="0.514" /><testcase classname="tests.test_iter34_bundle_e_e2e_public" name="test_state_no_auth_unauthorized" time="0.130" /><testcase classname="tests.test_iter34_bundle_e_e2e_public" name="test_start_idempotent" time="0.276" /><testcase classname="tests.test_iter34_bundle_e_e2e_public" name="test_seed_mx_catalog_counts_and_idempotent" time="0.321" /><testcase classname="tests.test_iter34_bundle_e_e2e_public" name="test_skip_mandatory_step_welcome_rejected" time="0.130" /><testcase classname="tests.test_iter34_bundle_e_e2e_public" name="test_skip_mandatory_step_catalog_rejected" time="0.148" /><testcase classname="tests.test_iter34_bundle_e_e2e_public" name="test_advance_and_complete_flow" time="0.465" /><testcase classname="tests.test_iter34_bundle_e_e2e_public" name="test_tenant_isolation_state" time="0.257" /></testsuite></testsuites>