<?xml version="1.0" encoding="utf-8"?><testsuites name="pytest tests"><testsuite name="pytest" errors="0" failures="0" skipped="0" tests="8" time="1.113" timestamp="2026-05-09T03:27:01.757773+00:00" hostname="agent-env-4a74385b-fd5d-45cd-8b60-247b221bda81"><testcase classname="tests.test_evidences" name="test_upload_to_ticket_persists_file_and_timeline" time="0.131" /><testcase classname="tests.test_evidences" name="test_upload_to_claim_records_event" time="0.094" /><testcase classname="tests.test_evidences" name="test_upload_terminal_claim_blocked" time="0.078" /><testcase classname="tests.test_evidences" name="test_upload_requires_anchor" time="0.076" /><testcase classname="tests.test_evidences" name="test_upload_rejects_bad_mime" time="0.080" /><testcase classname="tests.test_evidences" name="test_list_and_serve_file" time="0.110" /><testcase classname="tests.test_evidences" name="test_delete_uploader_only_or_admin" time="0.098" /><testcase classname="tests.test_evidences" name="test_delete_blocked_when_in_active_expediente" time="0.091" /></testsuite></testsuites>