<?xml version="1.0" encoding="utf-8"?><testsuites name="pytest tests"><testsuite name="pytest" errors="0" failures="0" skipped="0" tests="19" time="21.227" timestamp="2026-03-25T08:39:16.196113+00:00" hostname="agent-env-2cff496f-fda7-4b6d-92fe-6228c37d15d3"><testcase classname="backend.tests.test_iteration15_features.TestHealthCheck" name="test_health_endpoint" time="0.238" /><testcase classname="backend.tests.test_iteration15_features.TestAuthentication" name="test_login_success_developer" time="0.281" /><testcase classname="backend.tests.test_iteration15_features.TestAuthentication" name="test_login_success_agent" time="0.273" /><testcase classname="backend.tests.test_iteration15_features.TestAuthentication" name="test_login_invalid_credentials" time="0.055" /><testcase classname="backend.tests.test_iteration15_features.TestAuthentication" name="test_login_wrong_password" time="0.277" /><testcase classname="backend.tests.test_iteration15_features.TestAuthentication" name="test_get_current_user" time="0.319" /><testcase classname="backend.tests.test_iteration15_features.TestJourneys" name="test_get_journeys_list" time="0.050" /><testcase classname="backend.tests.test_iteration15_features.TestJourneys" name="test_get_journeys_with_date_filter" time="0.055" /><testcase classname="backend.tests.test_iteration15_features.TestJourneys" name="test_get_journey_detail" time="0.081" /><testcase classname="backend.tests.test_iteration15_features.TestJourneys" name="test_get_journey_not_found" time="0.054" /><testcase classname="backend.tests.test_iteration15_features.TestBatchRescrape" name="test_batch_rescrape_journey" time="17.752" /><testcase classname="backend.tests.test_iteration15_features.TestBatchRescrape" name="test_batch_rescrape_invalid_journey" time="0.050" /><testcase classname="backend.tests.test_iteration15_features.TestPackageRescrape" name="test_rescrape_package_with_tracking_url" time="1.240" /><testcase classname="backend.tests.test_iteration15_features.TestPackageRescrape" name="test_rescrape_package_not_found" time="0.048" /><testcase classname="backend.tests.test_iteration15_features.TestQualityCriteria" name="test_get_quality_criteria" time="0.061" /><testcase classname="backend.tests.test_iteration15_features.TestDashboardStats" name="test_get_dashboard_stats" time="0.055" /><testcase classname="backend.tests.test_iteration15_features.TestDashboardStats" name="test_get_dashboard_stats_default_date" time="0.050" /><testcase classname="backend.tests.test_iteration15_features.TestIncidents" name="test_get_incidents_list" time="0.048" /><testcase classname="backend.tests.test_iteration15_features.TestIncidents" name="test_get_incidents_by_journey" time="0.047" /></testsuite></testsuites>