<?xml version="1.0" encoding="utf-8"?><testsuites name="pytest tests"><testsuite name="pytest" errors="0" failures="0" skipped="0" tests="10" time="31.735" timestamp="2026-04-10T22:06:07.156411+00:00" hostname="agent-env-2cff496f-fda7-4b6d-92fe-6228c37d15d3"><testcase classname="backend.tests.test_iteration39_pdf_export.TestReportsAPIForPDFExport" name="test_health_check" time="0.439" /><testcase classname="backend.tests.test_iteration39_pdf_export.TestReportsAPIForPDFExport" name="test_reports_generate_endpoint" time="0.061" /><testcase classname="backend.tests.test_iteration39_pdf_export.TestReportsAPIForPDFExport" name="test_reports_quality_endpoint" time="0.060" /><testcase classname="backend.tests.test_iteration39_pdf_export.TestReportsAPIForPDFExport" name="test_reports_attempts_endpoint" time="0.052" /><testcase classname="backend.tests.test_iteration39_pdf_export.TestReportsAPIForPDFExport" name="test_reports_sla_endpoint" time="0.059" /><testcase classname="backend.tests.test_iteration39_pdf_export.TestReportsAPIForPDFExport" name="test_reports_generate_ai_endpoint" time="30.382" /><testcase classname="backend.tests.test_iteration39_pdf_export.TestReportsAPIForPDFExport" name="test_clients_endpoint" time="0.055" /><testcase classname="backend.tests.test_iteration39_pdf_export.TestReportsAPIForPDFExport" name="test_providers_endpoint" time="0.047" /><testcase classname="backend.tests.test_iteration39_pdf_export.TestReportsAPIForPDFExport" name="test_excel_export_endpoint" time="0.309" /><testcase classname="backend.tests.test_iteration39_pdf_export.TestReportsAPIForPDFExport" name="test_reports_page_data_completeness" time="0.204" /></testsuite></testsuites>