<?xml version="1.0" encoding="utf-8"?><testsuites name="pytest tests"><testsuite name="pytest" errors="0" failures="0" skipped="1" tests="15" time="32.830" timestamp="2026-04-09T23:05:39.083039+00:00" hostname="agent-env-2cff496f-fda7-4b6d-92fe-6228c37d15d3"><testcase classname="backend.tests.test_iteration35_batch_rescrape_training.TestAuthentication" name="test_coordinator_login" time="0.473" /><testcase classname="backend.tests.test_iteration35_batch_rescrape_training.TestAuthentication" name="test_developer_login" time="0.415" /><testcase classname="backend.tests.test_iteration35_batch_rescrape_training.TestQualitySettings" name="test_get_quality_settings_returns_ia_config" time="0.507" /><testcase classname="backend.tests.test_iteration35_batch_rescrape_training.TestQualitySettings" name="test_patch_quality_settings_ia_config" time="0.409" /><testcase classname="backend.tests.test_iteration35_batch_rescrape_training.TestBatchRescrape" name="test_journey_exists" time="0.538" /><testcase classname="backend.tests.test_iteration35_batch_rescrape_training.TestBatchRescrape" name="test_batch_rescrape_scrapes_all_packages_with_tracking" time="14.928" /><testcase classname="backend.tests.test_iteration35_batch_rescrape_training.TestBatchRescrape" name="test_batch_rescrape_returns_updated_proofs_field" time="12.574" /><testcase classname="backend.tests.test_iteration35_batch_rescrape_training.TestPackageConfidence" name="test_package_with_kosmo_evidence_has_positive_confidence" time="0.544" /><testcase classname="backend.tests.test_iteration35_batch_rescrape_training.TestPackageConfidence" name="test_specific_package_kosmo_proof_count" time="0.126"><skipped type="pytest.skip" message="Package 6fzwjfH4k2fzlpgQ not found in journey">/app/backend/tests/test_iteration35_batch_rescrape_training.py:324: Package 6fzwjfH4k2fzlpgQ not found in journey</skipped></testcase><testcase classname="backend.tests.test_iteration35_batch_rescrape_training.TestReviewAndTrainingSamples" name="test_review_package_saves_adjusted_score" time="0.647" /><testcase classname="backend.tests.test_iteration35_batch_rescrape_training.TestReviewAndTrainingSamples" name="test_review_package_saves_ai_evaluation_incorrect" time="0.138" /><testcase classname="backend.tests.test_iteration35_batch_rescrape_training.TestReviewAndTrainingSamples" name="test_review_creates_training_sample" time="0.217" /><testcase classname="backend.tests.test_iteration35_batch_rescrape_training.TestTrainingSamplesCollection" name="test_quality_settings_shows_error_catalog_frequency" time="0.464" /><testcase classname="backend.tests.test_iteration35_batch_rescrape_training.TestConfidenceRecalculation" name="test_evaluate_confidence_endpoint" time="0.529" /><testcase classname="backend.tests.test_iteration35_batch_rescrape_training.TestConfidenceRecalculation" name="test_packages_have_confidence_after_rescrape" time="0.127" /></testsuite></testsuites>