<?xml version="1.0" encoding="utf-8"?><testsuites name="pytest tests"><testsuite name="pytest" errors="0" failures="1" skipped="1" tests="7" time="152.594" timestamp="2026-04-22T03:46:42.954049+00:00" hostname="agent-env-2cff496f-fda7-4b6d-92fe-6228c37d15d3"><testcase classname="backend.tests.test_iteration45_refactor_regression.TestAiEvalWorkerRefactor" name="test_get_reports_schema_works" time="0.509" /><testcase classname="backend.tests.test_iteration45_refactor_regression.TestAiEvalWorkerRefactor" name="test_api_token_endpoint" time="0.058" /><testcase classname="backend.tests.test_iteration45_refactor_regression.TestAiEvalWorkerRefactor" name="test_reports_journeys_sandbox_query" time="0.053" /><testcase classname="backend.tests.test_iteration45_refactor_regression.TestAiEvalWorkerRefactor" name="test_manual_job_no_eligible_returns_total_zero" time="0.051" /><testcase classname="backend.tests.test_iteration45_refactor_regression.TestAiEvalWorkerRefactor" name="test_manual_job_force_reevaluate_and_status_transitions" time="151.731"><skipped type="pytest.skip" message="Worker saturated with pre-existing Evaluando jobs; enqueue contract verified. (This is NOT a refactor regression — same behavior before/after P3.)">/app/backend/tests/test_iteration45_refactor_regression.py:133: Worker saturated with pre-existing Evaluando jobs; enqueue contract verified. (This is NOT a refactor regression — same behavior before/after P3.)</skipped></testcase><testcase classname="backend.tests.test_iteration45_refactor_regression.TestIncidentsCatalogRegression" name="test_incident_type_otro_requires_comentario" time="0.056" /><testcase classname="backend.tests.test_iteration45_refactor_regression.TestIncidentsCatalogRegression" name="test_incident_type_otro_with_comentario_persists" time="0.047"><failure message="AssertionError: {&quot;detail&quot;:[{&quot;type&quot;:&quot;missing&quot;,&quot;loc&quot;:[&quot;body&quot;,&quot;incident_type&quot;],&quot;msg&quot;:&quot;Field required&quot;,&quot;input&quot;:{&quot;journey_id&quot;:&quot;86a2ba7f-eecd-4533-a542-57436571ea5d&quot;,&quot;type&quot;:&quot;otro&quot;,&quot;severity&quot;:&quot;low&quot;,&quot;description&quot;:&quot;TEST_iter45 regression otro with comentario&quot;,&quot;comentario_asesor&quot;:&quot;TEST_iter45 comentario regression&quot;,&quot;occurred&#10;assert 422 in (200, 201)&#10; +  where 422 = &lt;Response [422]&gt;.status_code">backend/tests/test_iteration45_refactor_regression.py:182: in test_incident_type_otro_with_comentario_persists
    assert r.status_code in (200, 201), r.text[:300]
E   AssertionError: {"detail":[{"type":"missing","loc":["body","incident_type"],"msg":"Field required","input":{"journey_id":"86a2ba7f-eecd-4533-a542-57436571ea5d","type":"otro","severity":"low","description":"TEST_iter45 regression otro with comentario","comentario_asesor":"TEST_iter45 comentario regression","occurred
E   assert 422 in (200, 201)
E    +  where 422 = &lt;Response [422]&gt;.status_code</failure></testcase></testsuite></testsuites>