<?xml version="1.0" encoding="utf-8"?><testsuites name="pytest tests"><testsuite name="pytest" errors="0" failures="0" skipped="0" tests="7" time="3.532" timestamp="2026-03-23T22:11:51.631159+00:00" hostname="agent-env-2cff496f-fda7-4b6d-92fe-6228c37d15d3"><testcase classname="tests.test_kosmo_evidence_fix.TestKosmoEvidenceFix" name="test_sync_tracking_returns_immediately" time="0.501" /><testcase classname="tests.test_kosmo_evidence_fix.TestKosmoEvidenceFix" name="test_sync_status_endpoint" time="0.450" /><testcase classname="tests.test_kosmo_evidence_fix.TestKosmoEvidenceFix" name="test_journey_packages_have_kosmo_proof_urls" time="0.509" /><testcase classname="tests.test_kosmo_evidence_fix.TestPackageReview" name="test_review_package_saves_fields" time="0.692" /><testcase classname="tests.test_kosmo_evidence_fix.TestResolveAllIncidents" name="test_resolve_all_incidents_endpoint_exists" time="0.448" /><testcase classname="tests.test_kosmo_evidence_fix.TestDashboardDriverColumn" name="test_journeys_include_driver_name" time="0.421" /><testcase classname="tests.test_kosmo_evidence_fix.TestEvidenceScoring" name="test_packages_have_evidence_scores" time="0.450" /></testsuite></testsuites>