<?xml version="1.0" encoding="utf-8"?><testsuites name="pytest tests"><testsuite name="pytest" errors="0" failures="2" skipped="0" tests="21" time="7.034" timestamp="2026-04-07T14:57:51.551544+00:00" hostname="agent-env-2cff496f-fda7-4b6d-92fe-6228c37d15d3"><testcase classname="backend.tests.test_liquidacion_export.TestAuthEndpoints" name="test_developer_login" time="0.514" /><testcase classname="backend.tests.test_liquidacion_export.TestAuthEndpoints" name="test_agent_login" time="0.368"><failure message="AssertionError: assert 'agent' == 'agente'&#10;  &#10;  - agente&#10;  ?      -&#10;  + agent">backend/tests/test_liquidacion_export.py:65: in test_agent_login
    assert data.get("user", {}).get("role") == "agente"
E   AssertionError: assert 'agent' == 'agente'
E     
E     - agente
E     ?      -
E     + agent</failure></testcase><testcase classname="backend.tests.test_liquidacion_export.TestAuthEndpoints" name="test_proveedor_login" time="0.248" /><testcase classname="backend.tests.test_liquidacion_export.TestLiquidacionEndpointAccess" name="test_developer_can_access_liquidacion" time="0.714" /><testcase classname="backend.tests.test_liquidacion_export.TestLiquidacionEndpointAccess" name="test_agent_cannot_access_liquidacion" time="0.475" /><testcase classname="backend.tests.test_liquidacion_export.TestLiquidacionEndpointAccess" name="test_proveedor_cannot_access_liquidacion" time="0.322" /><testcase classname="backend.tests.test_liquidacion_export.TestLiquidacionEndpointAccess" name="test_unauthenticated_cannot_access" time="0.113"><failure message="AssertionError: Expected 401 for unauthenticated, got 403&#10;assert 403 == 401&#10; +  where 403 = &lt;Response [403]&gt;.status_code">backend/tests/test_liquidacion_export.py:124: in test_unauthenticated_cannot_access
    assert response.status_code == 401, f"Expected 401 for unauthenticated, got {response.status_code}"
E   AssertionError: Expected 401 for unauthenticated, got 403
E   assert 403 == 401
E    +  where 403 = &lt;Response [403]&gt;.status_code</failure></testcase><testcase classname="backend.tests.test_liquidacion_export.TestLiquidacionExcelStructure" name="test_excel_file_download" time="0.303" /><testcase classname="backend.tests.test_liquidacion_export.TestLiquidacionExcelStructure" name="test_excel_has_required_sheets" time="0.542" /><testcase classname="backend.tests.test_liquidacion_export.TestLiquidacionExcelStructure" name="test_formato_sheet_structure" time="0.288" /><testcase classname="backend.tests.test_liquidacion_export.TestLiquidacionExcelStructure" name="test_provider_sheet_structure" time="0.272" /><testcase classname="backend.tests.test_liquidacion_export.TestLiquidacionExcelStructure" name="test_provider_sheet_has_real_formulas" time="0.301" /><testcase classname="backend.tests.test_liquidacion_export.TestLiquidacionExcelStructure" name="test_provider_sheet_side_table" time="0.282" /><testcase classname="backend.tests.test_liquidacion_export.TestLiquidacionExcelStructure" name="test_incidencias_sheet_structure" time="0.348" /><testcase classname="backend.tests.test_liquidacion_export.TestLiquidacionExcelStructure" name="test_catalogo_drivers_sheet_structure" time="0.296" /><testcase classname="backend.tests.test_liquidacion_export.TestLiquidacionExcelStructure" name="test_route_summary_sheet_structure" time="0.279" /><testcase classname="backend.tests.test_liquidacion_export.TestLiquidacionExcelStructure" name="test_dates_are_clean_format" time="0.292" /><testcase classname="backend.tests.test_liquidacion_export.TestExistingExportStillWorks" name="test_routes_report_export_endpoint" time="0.170" /><testcase classname="backend.tests.test_liquidacion_export.TestLiquidacionWithFilters" name="test_export_with_provider_filter" time="0.390" /><testcase classname="backend.tests.test_liquidacion_export.TestLiquidacionWithFilters" name="test_export_with_status_filter" time="0.134" /><testcase classname="backend.tests.test_liquidacion_export.TestLiquidacionWithFilters" name="test_export_with_driver_filter" time="0.150" /></testsuite></testsuites>