<?xml version="1.0" encoding="utf-8"?><testsuites name="pytest tests"><testsuite name="pytest" errors="0" failures="1" skipped="0" tests="15" time="5.259" timestamp="2026-04-22T06:21:48.464149+00:00" hostname="agent-env-2cff496f-fda7-4b6d-92fe-6228c37d15d3"><testcase classname="backend.tests.test_iteration48_architecture.TestSnapshot" name="test_snapshot_structure_as_dev" time="0.588"><failure message="AssertionError: assert False&#10; +  where False = isinstance({'ai_evaluation_jobs': {'operations': ['count_documents', 'find', 'find_one', 'insert_one', 'update_many', 'update_one'], 'readers': ['ai_eval_worker.py', 'routes/ai_eval_routes.py'], 'write_ownership': {'owners': ['ai_eval_worker.py', 'routes/ai_eval_routes.py'], 'reason': 'multi-layer writers', 'status': 'violation'}, 'writers': ['ai_eval_worker.py', 'routes/ai_eval_routes.py']}, 'architecture_changelog': {'operations': ['find', 'insert_one'], 'readers': ['routes/architecture_routes.py'], 'write_ownership': {'owners': ['routes/architecture_routes.py'], 'status': 'single'}, 'writers': ['routes/architecture_routes.py']}, 'architecture_snapshots': {'operations': ['count_documents', 'delete_many', 'find', 'find_one', 'insert_one'], 'readers': ['routes/architecture_routes.py'], 'write_ownership': {'owners': ['routes/architecture_routes.py'], 'status': 'single'}, 'writers': ['routes/architecture_routes.py']}, 'audit_log': {'operations': ['insert_one'], 'readers': [], 'write_ownership': {'owners': ['routes/quality_criteria_routes.py'], 'status': 'single'}, 'writers': ['routes/quality_criteria_routes.py']}, ...}, list)">backend/tests/test_iteration48_architecture.py:57: in test_snapshot_structure_as_dev
    assert isinstance(data["collections"], list)
E   AssertionError: assert False
E    +  where False = isinstance({'ai_evaluation_jobs': {'operations': ['count_documents', 'find', 'find_one', 'insert_one', 'update_many', 'update_one'], 'readers': ['ai_eval_worker.py', 'routes/ai_eval_routes.py'], 'write_ownership': {'owners': ['ai_eval_worker.py', 'routes/ai_eval_routes.py'], 'reason': 'multi-layer writers', 'status': 'violation'}, 'writers': ['ai_eval_worker.py', 'routes/ai_eval_routes.py']}, 'architecture_changelog': {'operations': ['find', 'insert_one'], 'readers': ['routes/architecture_routes.py'], 'write_ownership': {'owners': ['routes/architecture_routes.py'], 'status': 'single'}, 'writers': ['routes/architecture_routes.py']}, 'architecture_snapshots': {'operations': ['count_documents', 'delete_many', 'find', 'find_one', 'insert_one'], 'readers': ['routes/architecture_routes.py'], 'write_ownership': {'owners': ['routes/architecture_routes.py'], 'status': 'single'}, 'writers': ['routes/architecture_routes.py']}, 'audit_log': {'operations': ['insert_one'], 'readers': [], 'write_ownership': {'owners': ['routes/quality_criteria_routes.py'], 'status': 'single'}, 'writers': ['routes/quality_criteria_routes.py']}, ...}, list)</failure></testcase><testcase classname="backend.tests.test_iteration48_architecture.TestSnapshot" name="test_snapshot_accessible_to_coordinator" time="0.477" /><testcase classname="backend.tests.test_iteration48_architecture.TestSnapshot" name="test_snapshot_accessible_to_agent" time="0.502" /><testcase classname="backend.tests.test_iteration48_architecture.TestSnapshot" name="test_stats_contract" time="0.157" /><testcase classname="backend.tests.test_iteration48_architecture.TestSnapshot" name="test_antipatterns_structure" time="0.137" /><testcase classname="backend.tests.test_iteration48_architecture.TestRegenerateRBAC" name="test_coordinator_forbidden" time="0.114" /><testcase classname="backend.tests.test_iteration48_architecture.TestRegenerateRBAC" name="test_agent_forbidden" time="0.139" /><testcase classname="backend.tests.test_iteration48_architecture.TestRegenerateRBAC" name="test_developer_allowed" time="0.600" /><testcase classname="backend.tests.test_iteration48_architecture.TestRegenerateRBAC" name="test_regenerate_twice_unchanged" time="1.359" /><testcase classname="backend.tests.test_iteration48_architecture.TestHistory" name="test_history_envelope" time="0.107" /><testcase classname="backend.tests.test_iteration48_architecture.TestHistory" name="test_changelog_envelope" time="0.118" /><testcase classname="backend.tests.test_iteration48_architecture.TestSnapshotById" name="test_get_existing_snapshot" time="0.283" /><testcase classname="backend.tests.test_iteration48_architecture.TestSnapshotById" name="test_get_missing_snapshot_404" time="0.109" /><testcase classname="backend.tests.test_iteration48_architecture.TestSnapshotById" name="test_diff_missing_ids_404" time="0.110" /><testcase classname="backend.tests.test_iteration48_architecture.TestSnapshotById" name="test_diff_valid_ids" time="0.228" /></testsuite></testsuites>