<?xml version="1.0" encoding="utf-8"?><testsuites name="pytest tests"><testsuite name="pytest" errors="0" failures="0" skipped="0" tests="4" time="2.057" timestamp="2026-04-07T21:35:50.595180+00:00" hostname="agent-env-2cff496f-fda7-4b6d-92fe-6228c37d15d3"><testcase classname="backend.tests.test_iteration32_traslado_move.TestPulseConfigRequiredFields" name="test_pulse_config_has_required_fields" time="0.551" /><testcase classname="backend.tests.test_iteration32_traslado_move.TestScheduledJourneyStartForm" name="test_scheduled_journey_exists" time="0.442" /><testcase classname="backend.tests.test_iteration32_traslado_move.TestScheduledJourneyStartForm" name="test_in_progress_journey_without_traslado_uses_fallback" time="0.508" /><testcase classname="backend.tests.test_iteration32_traslado_move.TestPulseUtilsReadsTrasladoFromJourney" name="test_journey_start_data_can_have_traslado_primer_punto" time="0.496" /></testsuite></testsuites>