<?xml version="1.0" encoding="utf-8"?><testsuites name="pytest tests"><testsuite name="pytest" errors="0" failures="0" skipped="0" tests="11" time="63.293" timestamp="2026-04-10T21:08:27.879420+00:00" hostname="agent-env-2cff496f-fda7-4b6d-92fe-6228c37d15d3"><testcase classname="backend.tests.test_p1_p2_p3_features.TestAuth" name="test_coordinator_login" time="0.504" /><testcase classname="backend.tests.test_p1_p2_p3_features.TestAuth" name="test_agent_login" time="0.335" /><testcase classname="backend.tests.test_p1_p2_p3_features.TestP1InlineIncidentRegistration" name="test_create_incident_with_source_guias" time="1.015" /><testcase classname="backend.tests.test_p1_p2_p3_features.TestP1InlineIncidentRegistration" name="test_incident_source_defaults_to_incidencias" time="0.857" /><testcase classname="backend.tests.test_p1_p2_p3_features.TestP2AIReportsGeneration" name="test_generate_ai_report_returns_cards_and_narrative" time="27.137" /><testcase classname="backend.tests.test_p1_p2_p3_features.TestP2AIReportsGeneration" name="test_ai_report_cards_structure" time="28.550" /><testcase classname="backend.tests.test_p1_p2_p3_features.TestP2AIReportsGeneration" name="test_ai_report_no_data_period" time="0.501" /><testcase classname="backend.tests.test_p1_p2_p3_features.TestP3ReviewModalBackend" name="test_package_has_evidence_detail" time="0.646" /><testcase classname="backend.tests.test_p1_p2_p3_features.TestP3ReviewModalBackend" name="test_package_review_approve" time="0.731" /><testcase classname="backend.tests.test_p1_p2_p3_features.TestP3ReviewModalBackend" name="test_package_review_reject" time="1.678" /><testcase classname="backend.tests.test_p1_p2_p3_features.TestRoleBasedAccess" name="test_agent_cannot_create_incident" time="1.228" /></testsuite></testsuites>