<?xml version="1.0" encoding="utf-8"?><testsuites name="pytest tests"><testsuite name="pytest" errors="0" failures="0" skipped="0" tests="26" time="91.835" timestamp="2026-04-01T19:08:08.905173+00:00" hostname="agent-env-2cff496f-fda7-4b6d-92fe-6228c37d15d3"><testcase classname="backend.tests.test_iteration26_export_filters.TestReportsGenerateEndpoint" name="test_generate_report_without_filters" time="26.256" /><testcase classname="backend.tests.test_iteration26_export_filters.TestReportsGenerateEndpoint" name="test_generate_report_with_client_filter" time="22.436" /><testcase classname="backend.tests.test_iteration26_export_filters.TestReportsGenerateEndpoint" name="test_generate_report_with_provider_filter" time="20.018" /><testcase classname="backend.tests.test_iteration26_export_filters.TestReportsGenerateEndpoint" name="test_generate_report_with_both_filters" time="19.371" /><testcase classname="backend.tests.test_iteration26_export_filters.TestReportsExcelExport" name="test_excel_export_without_filters" time="0.358" /><testcase classname="backend.tests.test_iteration26_export_filters.TestReportsExcelExport" name="test_excel_export_with_client_filter" time="0.154" /><testcase classname="backend.tests.test_iteration26_export_filters.TestReportsExcelExport" name="test_excel_export_with_provider_filter" time="0.177" /><testcase classname="backend.tests.test_iteration26_export_filters.TestReportsExcelExport" name="test_excel_export_with_both_filters" time="0.159" /><testcase classname="backend.tests.test_iteration26_export_filters.TestSystemLogsExport" name="test_logs_export_without_filters" time="0.177" /><testcase classname="backend.tests.test_iteration26_export_filters.TestSystemLogsExport" name="test_logs_export_with_date_filters" time="0.153" /><testcase classname="backend.tests.test_iteration26_export_filters.TestSystemLogsExport" name="test_logs_export_with_action_filter" time="0.184" /><testcase classname="backend.tests.test_iteration26_export_filters.TestSystemLogsExport" name="test_logs_export_with_errors_only_filter" time="0.110" /><testcase classname="backend.tests.test_iteration26_export_filters.TestSystemLogsExport" name="test_logs_export_with_all_filters" time="0.108" /><testcase classname="backend.tests.test_iteration26_export_filters.TestAdminRoutesReportExport" name="test_routes_report_export_basic" time="0.237" /><testcase classname="backend.tests.test_iteration26_export_filters.TestAdminRoutesReportExport" name="test_routes_report_export_with_driver_filter" time="0.148" /><testcase classname="backend.tests.test_iteration26_export_filters.TestAdminRoutesReportExport" name="test_routes_report_export_with_team_filter" time="0.124" /><testcase classname="backend.tests.test_iteration26_export_filters.TestAdminRoutesReportExport" name="test_routes_report_export_with_provider_filter" time="0.168" /><testcase classname="backend.tests.test_iteration26_export_filters.TestAdminRoutesReportExport" name="test_routes_report_export_with_status_filter" time="0.124" /><testcase classname="backend.tests.test_iteration26_export_filters.TestAdminRoutesReportExport" name="test_routes_report_export_with_columns_filter" time="0.141" /><testcase classname="backend.tests.test_iteration26_export_filters.TestAdminRoutesReportExport" name="test_routes_report_export_with_all_filters" time="0.125" /><testcase classname="backend.tests.test_iteration26_export_filters.TestQualityReportExport" name="test_quality_export_basic" time="0.134" /><testcase classname="backend.tests.test_iteration26_export_filters.TestQualityReportExport" name="test_quality_export_with_provider_filter" time="0.125" /><testcase classname="backend.tests.test_iteration26_export_filters.TestHeatmapExport" name="test_heatmap_export_basic" time="0.230" /><testcase classname="backend.tests.test_iteration26_export_filters.TestHeatmapExport" name="test_heatmap_export_with_group_by" time="0.298" /><testcase classname="backend.tests.test_iteration26_export_filters.TestSystemLogsEndpoint" name="test_logs_with_errors_only_filter" time="0.105" /><testcase classname="backend.tests.test_iteration26_export_filters.TestSystemLogsEndpoint" name="test_logs_with_all_filters" time="0.132" /></testsuite></testsuites>