<?xml version="1.0" encoding="utf-8"?><testsuites name="pytest tests"><testsuite name="pytest" errors="0" failures="0" skipped="0" tests="9" time="4.525" timestamp="2026-04-09T16:22:11.164341+00:00" hostname="agent-env-2cff496f-fda7-4b6d-92fe-6228c37d15d3"><testcase classname="backend.tests.test_iteration33_discrepancy_detection.TestDiscrepancyDetection" name="test_evaluate_confidence_returns_expected_fields" time="0.596" /><testcase classname="backend.tests.test_iteration33_discrepancy_detection.TestDiscrepancyDetection" name="test_evaluate_confidence_nonexistent_journey" time="0.404" /><testcase classname="backend.tests.test_iteration33_discrepancy_detection.TestDiscrepancyDetection" name="test_review_discrepancy_invalid_decision_returns_400" time="0.520" /><testcase classname="backend.tests.test_iteration33_discrepancy_detection.TestDiscrepancyDetection" name="test_review_discrepancy_confirm_return" time="0.633" /><testcase classname="backend.tests.test_iteration33_discrepancy_detection.TestDiscrepancyDetection" name="test_review_discrepancy_mark_valid" time="0.538" /><testcase classname="backend.tests.test_iteration33_discrepancy_detection.TestDiscrepancyDetection" name="test_review_discrepancy_nonexistent_guide" time="0.393" /><testcase classname="backend.tests.test_iteration33_discrepancy_detection.TestDiscrepancyDetection" name="test_packages_have_confidence_data_after_evaluation" time="0.489" /><testcase classname="backend.tests.test_iteration33_discrepancy_detection.TestJourneyExists" name="test_journey_exists" time="0.419" /><testcase classname="backend.tests.test_iteration33_discrepancy_detection.TestJourneyExists" name="test_journey_has_packages" time="0.448" /></testsuite></testsuites>