<?xml version="1.0" encoding="utf-8"?><testsuites name="pytest tests"><testsuite name="pytest" errors="0" failures="0" skipped="0" tests="18" time="7.496" timestamp="2026-03-23T15:02:21.522409+00:00" hostname="agent-env-2cff496f-fda7-4b6d-92fe-6228c37d15d3"><testcase classname="backend.tests.test_deployment_readiness.TestHealthEndpoint" name="test_health_returns_healthy" time="0.138" /><testcase classname="backend.tests.test_deployment_readiness.TestLoginFlow" name="test_login_all_roles[user0]" time="0.378" /><testcase classname="backend.tests.test_deployment_readiness.TestLoginFlow" name="test_login_all_roles[user1]" time="0.337" /><testcase classname="backend.tests.test_deployment_readiness.TestLoginFlow" name="test_login_all_roles[user2]" time="0.319" /><testcase classname="backend.tests.test_deployment_readiness.TestLoginFlow" name="test_login_all_roles[user3]" time="0.365" /><testcase classname="backend.tests.test_deployment_readiness.TestLoginFlow" name="test_login_invalid_credentials" time="0.150" /><testcase classname="backend.tests.test_deployment_readiness.TestJourneysEndpoint" name="test_journeys_returns_array" time="0.450" /><testcase classname="backend.tests.test_deployment_readiness.TestJourneysEndpoint" name="test_journeys_with_date_filter" time="0.480" /><testcase classname="backend.tests.test_deployment_readiness.TestJourneysEndpoint" name="test_journeys_with_status_filter" time="0.739" /><testcase classname="backend.tests.test_deployment_readiness.TestJourneysEndpoint" name="test_journeys_unauthorized" time="0.112" /><testcase classname="backend.tests.test_deployment_readiness.TestCleanupEndpoint" name="test_cleanup_coordinator_access" time="0.445" /><testcase classname="backend.tests.test_deployment_readiness.TestCleanupEndpoint" name="test_cleanup_developer_access" time="0.570" /><testcase classname="backend.tests.test_deployment_readiness.TestCleanupEndpoint" name="test_cleanup_agent_denied" time="0.454" /><testcase classname="backend.tests.test_deployment_readiness.TestDashboardStats" name="test_dashboard_stats" time="0.489" /><testcase classname="backend.tests.test_deployment_readiness.TestDashboardStats" name="test_dashboard_stats_with_date" time="0.440" /><testcase classname="backend.tests.test_deployment_readiness.TestAuthMe" name="test_auth_me_returns_user" time="0.592" /><testcase classname="backend.tests.test_deployment_readiness.TestClientsProviders" name="test_get_clients" time="0.444" /><testcase classname="backend.tests.test_deployment_readiness.TestClientsProviders" name="test_get_providers" time="0.523" /></testsuite></testsuites>