<?xml version="1.0" encoding="utf-8"?><testsuites name="pytest tests"><testsuite name="pytest" errors="0" failures="0" skipped="1" tests="13" time="3.565" timestamp="2026-04-22T04:08:02.152699+00:00" hostname="agent-env-2cff496f-fda7-4b6d-92fe-6228c37d15d3"><testcase classname="backend.tests.test_iteration46_quality_batch" name="test_backend_alive_post_lifespan" time="0.142" /><testcase classname="backend.tests.test_iteration46_quality_batch" name="test_auth_me_requires_token" time="0.123" /><testcase classname="backend.tests.test_iteration46_quality_batch" name="test_cancel_job_404_nonexistent" time="0.465" /><testcase classname="backend.tests.test_iteration46_quality_batch" name="test_cancel_job_400_wrong_state" time="0.246" /><testcase classname="backend.tests.test_iteration46_quality_batch" name="test_cancel_job_200_en_cola" time="0.110"><skipped type="pytest.skip" message="No En_Cola jobs to cancel">/app/backend/tests/test_iteration46_quality_batch.py:109: No En_Cola jobs to cancel</skipped></testcase><testcase classname="backend.tests.test_iteration46_quality_batch" name="test_worker_health_shape" time="0.111" /><testcase classname="backend.tests.test_iteration46_quality_batch" name="test_worker_health_status_logic" time="0.115" /><testcase classname="backend.tests.test_iteration46_quality_batch" name="test_sse_stream_content_type_and_json" time="0.100" /><testcase classname="backend.tests.test_iteration46_quality_batch" name="test_incidents_catalog_otro_missing_comment_422" time="0.582" /><testcase classname="backend.tests.test_iteration46_quality_batch" name="test_incidents_catalog_valid_type" time="1.140" /><testcase classname="backend.tests.test_iteration46_quality_batch" name="test_manuals_count_and_new_slug" time="0.135" /><testcase classname="backend.tests.test_iteration46_quality_batch" name="test_manual_monitor_procesos_sections" time="0.113" /><testcase classname="backend.tests.test_iteration46_quality_batch" name="test_manual_api_integraciones_has_health_section" time="0.111" /></testsuite></testsuites>