<?xml version="1.0" encoding="utf-8"?><testsuites name="pytest tests"><testsuite name="pytest" errors="0" failures="0" skipped="8" tests="21" time="31.360" timestamp="2026-03-28T06:05:40.491159+00:00" hostname="agent-env-2cff496f-fda7-4b6d-92fe-6228c37d15d3"><testcase classname="backend.tests.test_iteration17_reports_lumi.TestAuth" name="test_login_developer" time="25.871" /><testcase classname="backend.tests.test_iteration17_reports_lumi.TestAuth" name="test_login_coordinator" time="0.361" /><testcase classname="backend.tests.test_iteration17_reports_lumi.TestReportsAttempts" name="test_attempts_endpoint_returns_200" time="0.458" /><testcase classname="backend.tests.test_iteration17_reports_lumi.TestReportsAttempts" name="test_attempts_response_structure" time="0.456" /><testcase classname="backend.tests.test_iteration17_reports_lumi.TestReportsAttempts" name="test_attempts_has_total_packages" time="0.454" /><testcase classname="backend.tests.test_iteration17_reports_lumi.TestReportsSLA" name="test_sla_endpoint_returns_200" time="0.445" /><testcase classname="backend.tests.test_iteration17_reports_lumi.TestReportsSLA" name="test_sla_response_structure" time="0.475" /><testcase classname="backend.tests.test_iteration17_reports_lumi.TestReportsSLA" name="test_sla_brackets_structure" time="0.107"><skipped type="pytest.skip" message="Developer authentication failed">/app/backend/tests/test_iteration17_reports_lumi.py:176: Developer authentication failed</skipped></testcase><testcase classname="backend.tests.test_iteration17_reports_lumi.TestSLATargetsUpdate" name="test_sla_targets_update_requires_auth" time="0.112" /><testcase classname="backend.tests.test_iteration17_reports_lumi.TestSLATargetsUpdate" name="test_sla_targets_update_with_coordinator" time="0.441" /><testcase classname="backend.tests.test_iteration17_reports_lumi.TestSLATargetsUpdate" name="test_sla_targets_persist" time="1.025" /><testcase classname="backend.tests.test_iteration17_reports_lumi.TestGenerateAIReport" name="test_generate_ai_requires_auth" time="0.098" /><testcase classname="backend.tests.test_iteration17_reports_lumi.TestGenerateAIReport" name="test_generate_ai_returns_200" time="0.112"><skipped type="pytest.skip" message="Developer authentication failed">/app/backend/tests/test_iteration17_reports_lumi.py:286: Developer authentication failed</skipped></testcase><testcase classname="backend.tests.test_iteration17_reports_lumi.TestGenerateAIReport" name="test_generate_ai_response_structure" time="0.101"><skipped type="pytest.skip" message="Developer authentication failed">/app/backend/tests/test_iteration17_reports_lumi.py:303: Developer authentication failed</skipped></testcase><testcase classname="backend.tests.test_iteration17_reports_lumi.TestLumiChat" name="test_lumi_requires_auth" time="0.094" /><testcase classname="backend.tests.test_iteration17_reports_lumi.TestLumiChat" name="test_lumi_returns_200" time="0.098"><skipped type="pytest.skip" message="Developer authentication failed">/app/backend/tests/test_iteration17_reports_lumi.py:341: Developer authentication failed</skipped></testcase><testcase classname="backend.tests.test_iteration17_reports_lumi.TestLumiChat" name="test_lumi_response_structure" time="0.097"><skipped type="pytest.skip" message="Developer authentication failed">/app/backend/tests/test_iteration17_reports_lumi.py:357: Developer authentication failed</skipped></testcase><testcase classname="backend.tests.test_iteration17_reports_lumi.TestLumiChat" name="test_lumi_with_history" time="0.112"><skipped type="pytest.skip" message="Developer authentication failed">/app/backend/tests/test_iteration17_reports_lumi.py:380: Developer authentication failed</skipped></testcase><testcase classname="backend.tests.test_iteration17_reports_lumi.TestReportsGenerate" name="test_generate_report_returns_200" time="0.129"><skipped type="pytest.skip" message="Developer authentication failed">/app/backend/tests/test_iteration17_reports_lumi.py:406: Developer authentication failed</skipped></testcase><testcase classname="backend.tests.test_iteration17_reports_lumi.TestReportsGenerate" name="test_generate_report_response_structure" time="0.106"><skipped type="pytest.skip" message="Developer authentication failed">/app/backend/tests/test_iteration17_reports_lumi.py:421: Developer authentication failed</skipped></testcase><testcase classname="backend.tests.test_iteration17_reports_lumi.TestHealthCheck" name="test_health_endpoint" time="0.126" /></testsuite></testsuites>