<?xml version="1.0" encoding="utf-8"?><testsuites name="pytest tests"><testsuite name="pytest" errors="0" failures="1" skipped="0" tests="22" time="13.623" timestamp="2026-03-31T15:16:48.673103+00:00" hostname="agent-env-2cff496f-fda7-4b6d-92fe-6228c37d15d3"><testcase classname="backend.tests.test_webhooks_and_refactoring.TestAuth" name="test_login_developer" time="0.459" /><testcase classname="backend.tests.test_webhooks_and_refactoring.TestAuth" name="test_login_agent" time="0.287" /><testcase classname="backend.tests.test_webhooks_and_refactoring.TestAuth" name="test_login_coordinator" time="0.286" /><testcase classname="backend.tests.test_webhooks_and_refactoring.TestDashboard" name="test_dashboard_returns_data" time="0.346"><failure message="AssertionError: Dashboard failed: {&quot;detail&quot;:&quot;Not Found&quot;}&#10;assert 404 == 200&#10; +  where 404 = &lt;Response [404]&gt;.status_code">backend/tests/test_webhooks_and_refactoring.py:116: in test_dashboard_returns_data
    assert response.status_code == 200, f"Dashboard failed: {response.text}"
E   AssertionError: Dashboard failed: {"detail":"Not Found"}
E   assert 404 == 200
E    +  where 404 = &lt;Response [404]&gt;.status_code</failure></testcase><testcase classname="backend.tests.test_webhooks_and_refactoring.TestWebhookEvents" name="test_list_webhook_events" time="0.066" /><testcase classname="backend.tests.test_webhooks_and_refactoring.TestWebhookCRUD" name="test_list_webhooks_empty_or_existing" time="0.062" /><testcase classname="backend.tests.test_webhooks_and_refactoring.TestWebhookCRUD" name="test_create_webhook" time="0.061" /><testcase classname="backend.tests.test_webhooks_and_refactoring.TestWebhookCRUD" name="test_update_webhook" time="0.068" /><testcase classname="backend.tests.test_webhooks_and_refactoring.TestWebhookCRUD" name="test_webhook_test_dispatch" time="0.242" /><testcase classname="backend.tests.test_webhooks_and_refactoring.TestWebhookCRUD" name="test_get_webhook_deliveries" time="0.064" /><testcase classname="backend.tests.test_webhooks_and_refactoring.TestWebhookCRUD" name="test_regenerate_webhook_secret" time="0.072" /><testcase classname="backend.tests.test_webhooks_and_refactoring.TestWebhookCRUD" name="test_delete_webhook" time="0.123" /><testcase classname="backend.tests.test_webhooks_and_refactoring.TestSystemRoutes" name="test_system_health" time="0.121" /><testcase classname="backend.tests.test_webhooks_and_refactoring.TestSystemRoutes" name="test_system_config" time="0.082" /><testcase classname="backend.tests.test_webhooks_and_refactoring.TestSystemRoutes" name="test_system_errors" time="0.077" /><testcase classname="backend.tests.test_webhooks_and_refactoring.TestSystemRoutes" name="test_system_logs" time="0.064" /><testcase classname="backend.tests.test_webhooks_and_refactoring.TestKosmoSyncRoutes" name="test_sync_status" time="0.074" /><testcase classname="backend.tests.test_webhooks_and_refactoring.TestAdminModuleRoutes" name="test_admin_summary" time="0.059" /><testcase classname="backend.tests.test_webhooks_and_refactoring.TestLumiChatRoute" name="test_lumi_chat_endpoint_exists" time="10.204" /><testcase classname="backend.tests.test_webhooks_and_refactoring.TestAgentPermissions" name="test_agent_cannot_list_webhooks" time="0.440" /><testcase classname="backend.tests.test_webhooks_and_refactoring.TestAgentPermissions" name="test_agent_can_list_webhook_events" time="0.079" /><testcase classname="backend.tests.test_webhooks_and_refactoring.TestCleanup" name="test_cleanup_test_webhooks" time="0.065" /></testsuite></testsuites>