<?xml version="1.0" encoding="utf-8"?><testsuites name="pytest tests"><testsuite name="pytest" errors="0" failures="0" skipped="0" tests="11" time="1.948" timestamp="2026-04-07T21:20:32.510672+00:00" hostname="agent-env-2cff496f-fda7-4b6d-92fe-6228c37d15d3"><testcase classname="backend.tests.test_iteration31_pulse_sla_permissions.TestP1SlaConfigPermissions" name="test_coordinator_can_patch_sla_config" time="0.493" /><testcase classname="backend.tests.test_iteration31_pulse_sla_permissions.TestP1SlaConfigPermissions" name="test_developer_can_still_patch_sla_config" time="0.411" /><testcase classname="backend.tests.test_iteration31_pulse_sla_permissions.TestP1SlaConfigPermissions" name="test_agent_cannot_patch_sla_config" time="0.344" /><testcase classname="backend.tests.test_iteration31_pulse_sla_permissions.TestP2PulseConfigEndpoint" name="test_config_returns_pulse_config_structure" time="0.059" /><testcase classname="backend.tests.test_iteration31_pulse_sla_permissions.TestP2PulseConfigEndpoint" name="test_pulse_config_has_required_fields" time="0.055" /><testcase classname="backend.tests.test_iteration31_pulse_sla_permissions.TestP2PulseConfigEndpoint" name="test_patch_pulse_config_saves_and_persists" time="0.176" /><testcase classname="backend.tests.test_iteration31_pulse_sla_permissions.TestP2PulseConfigEndpoint" name="test_coordinator_can_patch_pulse_config" time="0.106" /><testcase classname="backend.tests.test_iteration31_pulse_sla_permissions.TestP2JourneysEndpoint" name="test_journeys_endpoint_returns_required_fields" time="0.063" /><testcase classname="backend.tests.test_iteration31_pulse_sla_permissions.TestP2JourneysEndpoint" name="test_in_progress_journey_has_start_data" time="0.058" /><testcase classname="backend.tests.test_iteration31_pulse_sla_permissions.TestP2PulseCalculationLogic" name="test_pulse_only_applies_to_in_progress_routes" time="0.063" /><testcase classname="backend.tests.test_iteration31_pulse_sla_permissions.TestInvalidSectionReturns400" name="test_invalid_section_returns_400" time="0.048" /></testsuite></testsuites>