<?xml version="1.0" encoding="utf-8"?><testsuites name="pytest tests"><testsuite name="pytest" errors="0" failures="0" skipped="0" tests="17" time="7.747" timestamp="2026-04-01T18:51:20.801509+00:00" hostname="agent-env-2cff496f-fda7-4b6d-92fe-6228c37d15d3"><testcase classname="tests.test_iteration25_code_quality.TestAuthRegression" name="test_login_returns_access_token" time="0.521" /><testcase classname="tests.test_iteration25_code_quality.TestSystemHealthRegression" name="test_system_health_returns_api_status_ok" time="0.523" /><testcase classname="tests.test_iteration25_code_quality.TestSystemHealthRegression" name="test_system_config_returns_backend_version" time="0.457" /><testcase classname="tests.test_iteration25_code_quality.TestSystemHealthRegression" name="test_system_performance_endpoint" time="0.486" /><testcase classname="tests.test_iteration25_code_quality.TestSystemHealthRegression" name="test_integrity_run_executes_checks" time="0.507" /><testcase classname="tests.test_iteration25_code_quality.TestAdminModuleRegression" name="test_admin_summary_returns_by_entregable" time="0.508" /><testcase classname="tests.test_iteration25_code_quality.TestAdminModuleRegression" name="test_admin_routes_report_returns_routes" time="0.534" /><testcase classname="tests.test_iteration25_code_quality.TestAdminModuleRegression" name="test_admin_config_endpoint" time="0.498" /><testcase classname="tests.test_iteration25_code_quality.TestDashboardRegression" name="test_dashboard_stats_returns_data" time="0.465" /><testcase classname="tests.test_iteration25_code_quality.TestDeveloperRoleAccess" name="test_developer_can_access_upload_history_orders" time="0.452" /><testcase classname="tests.test_iteration25_code_quality.TestDeveloperRoleAccess" name="test_developer_can_access_journeys_from_cosmo" time="0.476" /><testcase classname="tests.test_iteration25_code_quality.TestDependenciesRefactoring" name="test_journeys_endpoint_works" time="0.469" /><testcase classname="tests.test_iteration25_code_quality.TestDependenciesRefactoring" name="test_packages_search_works" time="0.470" /><testcase classname="tests.test_iteration25_code_quality.TestConfTestEnvVars" name="test_conftest_credentials_loaded" time="0.000" /><testcase classname="tests.test_iteration25_code_quality.TestConfTestEnvVars" name="test_login_with_conftest_credentials" time="0.331" /><testcase classname="tests.test_iteration25_code_quality.TestHelperFunctionsRefactoring" name="test_routes_report_row_structure" time="0.471" /><testcase classname="tests.test_iteration25_code_quality.TestHelperFunctionsRefactoring" name="test_routes_report_totals_structure" time="0.462" /></testsuite></testsuites>