<?xml version="1.0" encoding="utf-8"?><testsuites name="pytest tests"><testsuite name="pytest" errors="0" failures="0" skipped="0" tests="9" time="1.750" timestamp="2026-04-24T18:28:41.380238+00:00" hostname="agent-env-2cff496f-fda7-4b6d-92fe-6228c37d15d3"><testcase classname="backend.tests.test_iteration49_health_config_kpis.TestAiEvaluationHealth" name="test_health_returns_200" time="0.629" /><testcase classname="backend.tests.test_iteration49_health_config_kpis.TestAiEvaluationHealth" name="test_health_payload_shape" time="0.116" /><testcase classname="backend.tests.test_iteration49_health_config_kpis.TestAiEvaluationConfig" name="test_config_returns_200" time="0.182" /><testcase classname="backend.tests.test_iteration49_health_config_kpis.TestAiEvaluationConfig" name="test_config_payload_shape" time="0.118" /><testcase classname="backend.tests.test_iteration49_health_config_kpis.TestReportsKpis" name="test_kpis_day" time="0.129" /><testcase classname="backend.tests.test_iteration49_health_config_kpis.TestReportsKpis" name="test_kpis_week" time="0.123" /><testcase classname="backend.tests.test_iteration49_health_config_kpis.TestReportsKpis" name="test_kpis_month" time="0.112" /><testcase classname="backend.tests.test_iteration49_health_config_kpis.TestReportsKpis" name="test_kpis_data_row_shape" time="0.122" /><testcase classname="backend.tests.test_iteration49_health_config_kpis.TestAdminSummaryRegression" name="test_admin_summary_200" time="0.154" /></testsuite></testsuites>