<?xml version="1.0" encoding="utf-8"?><testsuites name="pytest tests"><testsuite name="pytest" errors="0" failures="0" skipped="0" tests="23" time="24.407" timestamp="2026-03-28T07:37:33.784442+00:00" hostname="agent-env-2cff496f-fda7-4b6d-92fe-6228c37d15d3"><testcase classname="backend.tests.test_iteration19_admin_module.TestAdminSummary" name="test_summary_returns_200_for_developer" time="11.734" /><testcase classname="backend.tests.test_iteration19_admin_module.TestAdminSummary" name="test_summary_with_period_filter" time="0.126" /><testcase classname="backend.tests.test_iteration19_admin_module.TestAdminSummary" name="test_summary_denied_for_coordinator" time="8.604" /><testcase classname="backend.tests.test_iteration19_admin_module.TestAdminSummary" name="test_summary_denied_for_agent" time="0.442" /><testcase classname="backend.tests.test_iteration19_admin_module.TestTokenUsage" name="test_token_usage_returns_200" time="0.103" /><testcase classname="backend.tests.test_iteration19_admin_module.TestTokenUsage" name="test_token_usage_with_filters" time="0.105" /><testcase classname="backend.tests.test_iteration19_admin_module.TestTokenUsage" name="test_token_usage_pagination" time="0.106" /><testcase classname="backend.tests.test_iteration19_admin_module.TestRoutesReport" name="test_routes_report_returns_200" time="0.104" /><testcase classname="backend.tests.test_iteration19_admin_module.TestRoutesReport" name="test_routes_report_row_structure" time="0.112" /><testcase classname="backend.tests.test_iteration19_admin_module.TestRoutesReport" name="test_routes_report_with_driver_filter" time="0.096" /><testcase classname="backend.tests.test_iteration19_admin_module.TestRoutesReportExport" name="test_export_returns_excel_file" time="0.194" /><testcase classname="backend.tests.test_iteration19_admin_module.TestRoutesReportExport" name="test_export_with_column_selection" time="0.123" /><testcase classname="backend.tests.test_iteration19_admin_module.TestAdminConfig" name="test_config_get_returns_200" time="0.096" /><testcase classname="backend.tests.test_iteration19_admin_module.TestAdminConfig" name="test_config_patch_exchange_rate" time="0.426" /><testcase classname="backend.tests.test_iteration19_admin_module.TestAdminConfig" name="test_config_patch_budget_alerts" time="0.100" /><testcase classname="backend.tests.test_iteration19_admin_module.TestAdminConfig" name="test_config_patch_invalid_section" time="0.102" /><testcase classname="backend.tests.test_iteration19_admin_module.TestAdminConfig" name="test_config_patch_denied_for_coordinator" time="0.098" /><testcase classname="backend.tests.test_iteration19_admin_module.TestTrainingSamples" name="test_training_samples_accepts_human_note" time="0.333" /><testcase classname="backend.tests.test_iteration19_admin_module.TestTrainingSamples" name="test_training_samples_validation" time="0.109" /><testcase classname="backend.tests.test_iteration19_admin_module.TestRoleBasedAccess" name="test_all_admin_endpoints_require_auth" time="0.383" /><testcase classname="backend.tests.test_iteration19_admin_module.TestRoleBasedAccess" name="test_developer_has_full_access" time="0.414" /><testcase classname="backend.tests.test_iteration19_admin_module.TestRoleBasedAccess" name="test_coordinator_denied_admin_access" time="0.205" /><testcase classname="backend.tests.test_iteration19_admin_module.TestRoleBasedAccess" name="test_agent_denied_admin_access" time="0.203" /></testsuite></testsuites>