<?xml version="1.0" encoding="utf-8"?><testsuites name="pytest tests"><testsuite name="pytest" errors="0" failures="0" skipped="0" tests="15" time="10.072" timestamp="2026-03-28T08:33:05.951961+00:00" hostname="agent-env-2cff496f-fda7-4b6d-92fe-6228c37d15d3"><testcase classname="backend.tests.test_iteration20_bug_fixes.TestBugFixes" name="test_bug002_coordinator_can_access_admin_summary" time="0.562" /><testcase classname="backend.tests.test_iteration20_bug_fixes.TestBugFixes" name="test_bug002_developer_can_access_admin_summary" time="0.467" /><testcase classname="backend.tests.test_iteration20_bug_fixes.TestBugFixes" name="test_bug002_agent_cannot_access_admin_summary" time="0.447" /><testcase classname="backend.tests.test_iteration20_bug_fixes.TestBugFixes" name="test_bug003_reports_journeys_returns_scheduled" time="0.432" /><testcase classname="backend.tests.test_iteration20_bug_fixes.TestBugFixes" name="test_bug004_coordinator_can_post_training_samples" time="0.684" /><testcase classname="backend.tests.test_iteration20_bug_fixes.TestBugFixes" name="test_bug004_agent_can_post_training_samples" time="0.439" /><testcase classname="backend.tests.test_iteration20_bug_fixes.TestBugFixes" name="test_bug006_journey_start_accepts_extra_fields" time="0.543" /><testcase classname="backend.tests.test_iteration20_bug_fixes.TestBugFixes" name="test_bug007_login_rate_limit_allows_20_per_minute" time="3.866" /><testcase classname="backend.tests.test_iteration20_bug_fixes.TestBugFixes" name="test_bug008_api_docs_redirects_to_documentation" time="0.093" /><testcase classname="backend.tests.test_iteration20_bug_fixes.TestBugFixes" name="test_quality_summary_works_for_scheduled_journeys" time="0.559" /><testcase classname="backend.tests.test_iteration20_bug_fixes.TestBugFixes" name="test_reports_kpis_returns_data" time="0.433" /><testcase classname="backend.tests.test_iteration20_bug_fixes.TestBugFixes" name="test_admin_roles_include_coordinator" time="0.622" /><testcase classname="backend.tests.test_iteration20_bug_fixes.TestAuthenticationFlow" name="test_login_returns_valid_token" time="0.332" /><testcase classname="backend.tests.test_iteration20_bug_fixes.TestAuthenticationFlow" name="test_invalid_credentials_returns_401" time="0.098" /><testcase classname="backend.tests.test_iteration20_bug_fixes.TestJourneyData" name="test_journeys_have_packages" time="0.428" /></testsuite></testsuites>