<?xml version="1.0" encoding="utf-8"?><testsuites name="pytest tests"><testsuite name="pytest" errors="0" failures="0" skipped="0" tests="15" time="74.766" timestamp="2026-03-21T07:47:53.656183+00:00" hostname="agent-env-2cff496f-fda7-4b6d-92fe-6228c37d15d3"><testcase classname="backend.tests.test_new_features.TestImputabilityFeature" name="test_create_incident_with_imputability_me_mensajero" time="1.017" /><testcase classname="backend.tests.test_new_features.TestImputabilityFeature" name="test_create_incident_with_imputability_cliente" time="0.096" /><testcase classname="backend.tests.test_new_features.TestImputabilityFeature" name="test_create_incident_with_default_imputability" time="0.101" /><testcase classname="backend.tests.test_new_features.TestImputabilityFeature" name="test_get_incidents_returns_imputability" time="0.048" /><testcase classname="backend.tests.test_new_features.TestRouteTypeFeature" name="test_create_journey_cdmx_route_type" time="0.101" /><testcase classname="backend.tests.test_new_features.TestRouteTypeFeature" name="test_create_journey_foranea_route_type" time="0.121" /><testcase classname="backend.tests.test_new_features.TestRouteTypeFeature" name="test_default_route_type_is_cdmx" time="0.110" /><testcase classname="backend.tests.test_new_features.TestReportsFeature" name="test_generate_report_coordinator" time="20.933" /><testcase classname="backend.tests.test_new_features.TestReportsFeature" name="test_generate_report_executive" time="18.320" /><testcase classname="backend.tests.test_new_features.TestReportsFeature" name="test_generate_report_excel" time="0.292" /><testcase classname="backend.tests.test_new_features.TestDashboardFiltering" name="test_dashboard_stats_coordinator_sees_all" time="0.051" /><testcase classname="backend.tests.test_new_features.TestDashboardFiltering" name="test_journeys_list_coordinator_sees_all" time="0.052" /><testcase classname="backend.tests.test_new_features.TestDashboardFiltering" name="test_incidents_list_returns_data" time="0.056" /><testcase classname="backend.tests.test_new_features.TestSidebarNavigation" name="test_reports_endpoint_accessible_coordinator" time="16.189" /><testcase classname="backend.tests.test_new_features.TestSidebarNavigation" name="test_reports_endpoint_accessible_executive" time="17.165" /></testsuite></testsuites>