<?xml version="1.0" encoding="utf-8"?><testsuites name="pytest tests"><testsuite name="pytest" errors="0" failures="0" skipped="0" tests="11" time="5.299" timestamp="2026-03-24T19:57:41.999172+00:00" hostname="agent-env-2cff496f-fda7-4b6d-92fe-6228c37d15d3"><testcase classname="backend.tests.test_iteration12_findings.TestIteration12Findings" name="test_dashboard_stats_with_date_range" time="0.434" /><testcase classname="backend.tests.test_iteration12_findings.TestIteration12Findings" name="test_journeys_date_filter_off_by_one_fix" time="0.395" /><testcase classname="backend.tests.test_iteration12_findings.TestIteration12Findings" name="test_journey_detail_shows_cosmo_route_id" time="0.488" /><testcase classname="backend.tests.test_iteration12_findings.TestIteration12Findings" name="test_journey_detail_shows_driver_name" time="0.484" /><testcase classname="backend.tests.test_iteration12_findings.TestIteration12Findings" name="test_resolve_all_incidents_endpoint" time="0.903" /><testcase classname="backend.tests.test_iteration12_findings.TestIteration12Findings" name="test_review_package_endpoint" time="0.523" /><testcase classname="backend.tests.test_iteration12_findings.TestIteration12Findings" name="test_reports_schema_includes_new_endpoints" time="0.413" /><testcase classname="backend.tests.test_iteration12_findings.TestIteration12Findings" name="test_sync_tracking_returns_started" time="0.570" /><testcase classname="backend.tests.test_iteration12_findings.TestIteration12Findings" name="test_dashboard_stats_shows_real_data" time="0.465" /><testcase classname="backend.tests.test_iteration12_findings.TestIteration12Findings" name="test_delivery_attempt_field_in_packages" time="0.481" /><testcase classname="backend.tests.test_iteration12_findings.TestEvidenceScoringForFailedPackages" name="test_evidence_scoring_logic" time="0.071" /></testsuite></testsuites>