<?xml version="1.0" encoding="utf-8"?><testsuites name="pytest tests"><testsuite name="pytest" errors="0" failures="0" skipped="0" tests="24" time="10.564" timestamp="2026-03-21T07:05:36.294713+00:00" hostname="agent-env-2cff496f-fda7-4b6d-92fe-6228c37d15d3"><testcase classname="backend.tests.test_lastmile_api.TestHealthAndBasics" name="test_api_health" time="0.184" /><testcase classname="backend.tests.test_lastmile_api.TestHealthAndBasics" name="test_api_root" time="0.101" /><testcase classname="backend.tests.test_lastmile_api.TestAuthentication" name="test_login_coordinator" time="0.366" /><testcase classname="backend.tests.test_lastmile_api.TestAuthentication" name="test_login_agent" time="0.357" /><testcase classname="backend.tests.test_lastmile_api.TestAuthentication" name="test_login_executive" time="0.423" /><testcase classname="backend.tests.test_lastmile_api.TestAuthentication" name="test_login_invalid_credentials" time="0.156" /><testcase classname="backend.tests.test_lastmile_api.TestAuthentication" name="test_auth_me_endpoint" time="0.470" /><testcase classname="backend.tests.test_lastmile_api.TestDashboardAndStats" name="test_dashboard_stats" time="0.419" /><testcase classname="backend.tests.test_lastmile_api.TestDashboardAndStats" name="test_incidents_breakdown" time="0.468" /><testcase classname="backend.tests.test_lastmile_api.TestDashboardAndStats" name="test_provider_comparison" time="0.460" /><testcase classname="backend.tests.test_lastmile_api.TestClientsAndProviders" name="test_get_clients" time="0.447" /><testcase classname="backend.tests.test_lastmile_api.TestClientsAndProviders" name="test_get_providers" time="0.442" /><testcase classname="backend.tests.test_lastmile_api.TestUsersAndAssignments" name="test_get_users_as_coordinator" time="0.420" /><testcase classname="backend.tests.test_lastmile_api.TestUsersAndAssignments" name="test_update_user_assignments" time="0.845" /><testcase classname="backend.tests.test_lastmile_api.TestJourneys" name="test_get_journeys" time="0.430" /><testcase classname="backend.tests.test_lastmile_api.TestJourneys" name="test_create_journey" time="0.636" /><testcase classname="backend.tests.test_lastmile_api.TestJourneyStartWithNewFields" name="test_start_journey_with_new_fields" time="0.826" /><testcase classname="backend.tests.test_lastmile_api.TestIncidents" name="test_get_incidents" time="0.424" /><testcase classname="backend.tests.test_lastmile_api.TestReportsAPI" name="test_reports_schema" time="0.413" /><testcase classname="backend.tests.test_lastmile_api.TestReportsAPI" name="test_reports_journeys" time="0.420" /><testcase classname="backend.tests.test_lastmile_api.TestReportsAPI" name="test_reports_kpis" time="0.426" /><testcase classname="backend.tests.test_lastmile_api.TestDBCleanupVerification" name="test_verify_users_exist" time="0.421" /><testcase classname="backend.tests.test_lastmile_api.TestDBCleanupVerification" name="test_verify_clients_exist" time="0.425" /><testcase classname="backend.tests.test_lastmile_api.TestDBCleanupVerification" name="test_verify_providers_exist" time="0.452" /></testsuite></testsuites>