<?xml version="1.0" encoding="utf-8"?><testsuites name="pytest tests"><testsuite name="pytest" errors="0" failures="0" skipped="0" tests="14" time="3.441" timestamp="2026-04-21T21:55:33.261322+00:00" hostname="agent-env-2cff496f-fda7-4b6d-92fe-6228c37d15d3"><testcase classname="tests.test_iteration44_incidents_catalog" name="test_otro_without_comentario_returns_422" time="0.569" /><testcase classname="tests.test_iteration44_incidents_catalog" name="test_otro_with_whitespace_comentario_returns_422" time="0.075" /><testcase classname="tests.test_iteration44_incidents_catalog" name="test_otro_with_comentario_persists" time="0.141" /><testcase classname="tests.test_iteration44_incidents_catalog" name="test_non_otro_discards_comentario" time="0.085" /><testcase classname="tests.test_iteration44_incidents_catalog" name="test_legacy_type_still_accepted" time="0.115" /><testcase classname="tests.test_iteration44_incidents_catalog" name="test_legacy_otro_capitalized_no_validation" time="0.072" /><testcase classname="tests.test_iteration44_incidents_catalog" name="test_new_enum_types_accepted[evidencia_incidencia_incorrecta]" time="0.085" /><testcase classname="tests.test_iteration44_incidents_catalog" name="test_new_enum_types_accepted[autorizacion_tercero_incorrecta]" time="0.121" /><testcase classname="tests.test_iteration44_incidents_catalog" name="test_new_enum_types_accepted[evidencia_entrega_incorrecta]" time="0.079" /><testcase classname="tests.test_iteration44_incidents_catalog" name="test_new_enum_types_accepted[notas_incorrectas]" time="0.108" /><testcase classname="tests.test_iteration44_incidents_catalog" name="test_incident_base_has_comentario_asesor_field" time="0.086" /><testcase classname="tests.test_iteration44_incidents_catalog" name="test_developer_cannot_create_incident" time="0.469" /><testcase classname="tests.test_iteration44_incidents_catalog" name="test_manual_detalle_ruta_guias_has_new_catalog" time="0.069" /><testcase classname="tests.test_iteration44_incidents_catalog" name="test_update_incident_still_works" time="1.296" /></testsuite></testsuites>