<?xml version="1.0" encoding="utf-8"?><testsuites name="pytest tests"><testsuite name="pytest" errors="0" failures="0" skipped="0" tests="28" time="10.652" timestamp="2026-03-31T15:47:47.990686+00:00" hostname="agent-env-2cff496f-fda7-4b6d-92fe-6228c37d15d3"><testcase classname="tests.test_iteration24_code_quality.TestAuthentication" name="test_login_developer" time="0.441" /><testcase classname="tests.test_iteration24_code_quality.TestAuthentication" name="test_login_agent" time="0.331" /><testcase classname="tests.test_iteration24_code_quality.TestSystemHealth" name="test_system_health_endpoint" time="0.507" /><testcase classname="tests.test_iteration24_code_quality.TestSystemHealth" name="test_system_performance_endpoint" time="0.167" /><testcase classname="tests.test_iteration24_code_quality.TestSystemHealth" name="test_system_config_endpoint" time="0.132" /><testcase classname="tests.test_iteration24_code_quality.TestSystemLogs" name="test_audit_logs_endpoint" time="0.130" /><testcase classname="tests.test_iteration24_code_quality.TestSystemLogs" name="test_audit_logs_filter_by_action" time="0.118" /><testcase classname="tests.test_iteration24_code_quality.TestSystemLogs" name="test_log_action_types" time="0.118" /><testcase classname="tests.test_iteration24_code_quality.TestSystemErrors" name="test_system_errors_endpoint" time="0.130" /><testcase classname="tests.test_iteration24_code_quality.TestSystemErrors" name="test_unreviewed_error_count" time="0.116" /><testcase classname="tests.test_iteration24_code_quality.TestDashboard" name="test_dashboard_stats" time="0.131" /><testcase classname="tests.test_iteration24_code_quality.TestWebhooks" name="test_webhook_events" time="0.112" /><testcase classname="tests.test_iteration24_code_quality.TestWebhooks" name="test_webhooks_list" time="0.106" /><testcase classname="tests.test_iteration24_code_quality.TestJourneys" name="test_journeys_list" time="0.126" /><testcase classname="tests.test_iteration24_code_quality.TestQualityCriteria" name="test_quality_criteria" time="0.136" /><testcase classname="tests.test_iteration24_code_quality.TestQualityCriteria" name="test_quality_settings" time="0.177" /><testcase classname="tests.test_iteration24_code_quality.TestReports" name="test_quality_report" time="0.110" /><testcase classname="tests.test_iteration24_code_quality.TestReports" name="test_reports_journeys" time="0.356" /><testcase classname="tests.test_iteration24_code_quality.TestReports" name="test_reports_kpis" time="0.142" /><testcase classname="tests.test_iteration24_code_quality.TestSyncStatus" name="test_sync_status" time="0.112" /><testcase classname="tests.test_iteration24_code_quality.TestAdminModule" name="test_admin_summary" time="0.107" /><testcase classname="tests.test_iteration24_code_quality.TestLumiChat" name="test_lumi_chat_endpoint_exists" time="5.656" /><testcase classname="tests.test_iteration24_code_quality.TestUsersEndpoints" name="test_users_list" time="0.163" /><testcase classname="tests.test_iteration24_code_quality.TestClientsProviders" name="test_clients_list" time="0.110" /><testcase classname="tests.test_iteration24_code_quality.TestClientsProviders" name="test_providers_list" time="0.108" /><testcase classname="tests.test_iteration24_code_quality.TestAgentPermissions" name="test_agent_cannot_access_system_health" time="0.473" /><testcase classname="tests.test_iteration24_code_quality.TestAgentPermissions" name="test_agent_cannot_access_webhooks_crud" time="0.114" /><testcase classname="tests.test_iteration24_code_quality.TestAgentPermissions" name="test_agent_can_view_journeys" time="0.114" /></testsuite></testsuites>