<?xml version="1.0" encoding="utf-8"?><testsuites name="pytest tests"><testsuite name="pytest" errors="0" failures="0" skipped="0" tests="19" time="305.489" timestamp="2026-03-25T04:16:23.538931+00:00" hostname="agent-env-2cff496f-fda7-4b6d-92fe-6228c37d15d3"><testcase classname="backend.tests.test_iteration13_features.TestDashboardPagination" name="test_journeys_endpoint_returns_paginated_response" time="0.519" /><testcase classname="backend.tests.test_iteration13_features.TestDashboardPagination" name="test_pagination_page_size_25" time="0.050" /><testcase classname="backend.tests.test_iteration13_features.TestDashboardPagination" name="test_pagination_page_size_50" time="0.081" /><testcase classname="backend.tests.test_iteration13_features.TestDashboardPagination" name="test_pagination_page_size_75" time="0.059" /><testcase classname="backend.tests.test_iteration13_features.TestDashboardPagination" name="test_pagination_page_size_100" time="0.072" /><testcase classname="backend.tests.test_iteration13_features.TestDashboardPagination" name="test_pagination_page_navigation" time="0.106" /><testcase classname="backend.tests.test_iteration13_features.TestDashboardPagination" name="test_pagination_with_filters" time="0.044" /><testcase classname="backend.tests.test_iteration13_features.TestAIEvidenceEvaluation" name="test_evaluate_single_package_endpoint_exists" time="26.854" /><testcase classname="backend.tests.test_iteration13_features.TestAIEvidenceEvaluation" name="test_evaluate_single_package_returns_evaluation_data" time="26.626" /><testcase classname="backend.tests.test_iteration13_features.TestAIEvidenceEvaluation" name="test_evaluate_all_packages_endpoint_exists" time="60.056" /><testcase classname="backend.tests.test_iteration13_features.TestAIEvidenceEvaluation" name="test_evaluate_all_packages_returns_summary" time="60.052" /><testcase classname="backend.tests.test_iteration13_features.TestJourneyDetailWithQuality" name="test_journey_detail_returns_packages_with_evidence_fields" time="20.481" /><testcase classname="backend.tests.test_iteration13_features.TestJourneyDetailWithQuality" name="test_journey_detail_has_driver_name" time="52.587" /><testcase classname="backend.tests.test_iteration13_features.TestJourneyDetailWithQuality" name="test_journey_detail_has_cosmo_route_id" time="0.322" /><testcase classname="backend.tests.test_iteration13_features.TestJourneysPagePagination" name="test_journeys_page_backward_compatible" time="0.050" /><testcase classname="backend.tests.test_iteration13_features.TestEvidenceScoringModule" name="test_rules_based_evaluation_endpoint" time="0.090" /><testcase classname="backend.tests.test_iteration13_features.TestHealthAndAuth" name="test_api_health" time="0.046" /><testcase classname="backend.tests.test_iteration13_features.TestHealthAndAuth" name="test_login_developer" time="0.274" /><testcase classname="backend.tests.test_iteration13_features.TestHealthAndAuth" name="test_login_coordinator" time="56.950" /></testsuite></testsuites>