<?xml version="1.0" encoding="utf-8"?><testsuites name="pytest tests"><testsuite name="pytest" errors="0" failures="0" skipped="0" tests="9" time="5.782" timestamp="2026-03-23T23:46:27.749928+00:00" hostname="agent-env-2cff496f-fda7-4b6d-92fe-6228c37d15d3"><testcase classname="backend.tests.test_iteration11_findings.TestSyncEndpoint" name="test_sync_tracking_returns_started_status" time="0.509" /><testcase classname="backend.tests.test_iteration11_findings.TestSyncEndpoint" name="test_sync_status_endpoint_exists" time="0.457" /><testcase classname="backend.tests.test_iteration11_findings.TestCompositeKeyDeduplication" name="test_journeys_have_cosmo_route_id_field" time="0.482" /><testcase classname="backend.tests.test_iteration11_findings.TestDeliveryAttemptField" name="test_journey_packages_have_delivery_attempt" time="0.597" /><testcase classname="backend.tests.test_iteration11_findings.TestCreationDateParsing" name="test_journeys_have_date_field" time="0.487" /><testcase classname="backend.tests.test_iteration11_findings.TestEvidenceQualityReEvaluation" name="test_delivered_packages_have_evidence_fields" time="1.767" /><testcase classname="backend.tests.test_iteration11_findings.TestAPIEndpoints" name="test_health_endpoint" time="0.437" /><testcase classname="backend.tests.test_iteration11_findings.TestAPIEndpoints" name="test_journeys_list" time="0.464" /><testcase classname="backend.tests.test_iteration11_findings.TestAPIEndpoints" name="test_cleanup_endpoint_exists" time="0.518" /></testsuite></testsuites>