<?xml version="1.0" encoding="utf-8"?><testsuites name="pytest tests"><testsuite name="pytest" errors="0" failures="0" skipped="0" tests="15" time="2.306" timestamp="2026-03-28T05:37:33.216793+00:00" hostname="agent-env-2cff496f-fda7-4b6d-92fe-6228c37d15d3"><testcase classname="backend.tests.test_iteration16_dashboard.TestAuthentication" name="test_login_success" time="0.355" /><testcase classname="backend.tests.test_iteration16_dashboard.TestAuthentication" name="test_login_invalid_credentials" time="0.105" /><testcase classname="backend.tests.test_iteration16_dashboard.TestHeatmapEndpoint" name="test_heatmap_returns_array" time="0.438" /><testcase classname="backend.tests.test_iteration16_dashboard.TestHeatmapEndpoint" name="test_heatmap_data_structure" time="0.107" /><testcase classname="backend.tests.test_iteration16_dashboard.TestHeatmapEndpoint" name="test_heatmap_returns_data_for_date_range" time="0.108" /><testcase classname="backend.tests.test_iteration16_dashboard.TestHeatmapEndpoint" name="test_heatmap_rate_calculation" time="0.110" /><testcase classname="backend.tests.test_iteration16_dashboard.TestHeatmapEndpoint" name="test_heatmap_requires_auth" time="0.112" /><testcase classname="backend.tests.test_iteration16_dashboard.TestProviderComparison" name="test_provider_comparison_returns_array" time="0.141" /><testcase classname="backend.tests.test_iteration16_dashboard.TestProviderComparison" name="test_provider_comparison_has_visit_rate" time="0.100" /><testcase classname="backend.tests.test_iteration16_dashboard.TestProviderComparison" name="test_provider_comparison_data_structure" time="0.122" /><testcase classname="backend.tests.test_iteration16_dashboard.TestDashboardStats" name="test_dashboard_stats_returns_kpis" time="0.111" /><testcase classname="backend.tests.test_iteration16_dashboard.TestDashboardStats" name="test_dashboard_stats_data_types" time="0.105" /><testcase classname="backend.tests.test_iteration16_dashboard.TestDashboardStats" name="test_dashboard_stats_with_date_range" time="0.102" /><testcase classname="backend.tests.test_iteration16_dashboard.TestPackageSearch" name="test_package_search_returns_results" time="0.104" /><testcase classname="backend.tests.test_iteration16_dashboard.TestPackageSearch" name="test_package_search_short_query" time="0.116" /></testsuite></testsuites>