<?xml version="1.0" encoding="utf-8"?><testsuites name="pytest tests"><testsuite name="pytest" errors="0" failures="0" skipped="0" tests="12" time="4.667" timestamp="2026-04-15T21:54:56.493017+00:00" hostname="agent-env-2cff496f-fda7-4b6d-92fe-6228c37d15d3"><testcase classname="backend.tests.test_iteration41_httponly_cookie_auth.TestHealthCheck" name="test_health_endpoint" time="0.138" /><testcase classname="backend.tests.test_iteration41_httponly_cookie_auth.TestHttpOnlyCookieAuth" name="test_login_sets_cookie" time="0.365" /><testcase classname="backend.tests.test_iteration41_httponly_cookie_auth.TestHttpOnlyCookieAuth" name="test_auth_me_with_cookie" time="0.407" /><testcase classname="backend.tests.test_iteration41_httponly_cookie_auth.TestHttpOnlyCookieAuth" name="test_auth_me_with_bearer_header" time="0.488" /><testcase classname="backend.tests.test_iteration41_httponly_cookie_auth.TestHttpOnlyCookieAuth" name="test_logout_clears_cookie" time="0.410" /><testcase classname="backend.tests.test_iteration41_httponly_cookie_auth.TestHttpOnlyCookieAuth" name="test_401_without_auth" time="0.109" /><testcase classname="backend.tests.test_iteration41_httponly_cookie_auth.TestHttpOnlyCookieAuth" name="test_cookie_priority_over_bearer" time="0.715" /><testcase classname="backend.tests.test_iteration41_httponly_cookie_auth.TestKosmoSyncStatus" name="test_sync_status_includes_rate_limited" time="0.389" /><testcase classname="backend.tests.test_iteration41_httponly_cookie_auth.TestProtectedEndpointsWithCookie" name="test_get_users_with_cookie" time="0.387" /><testcase classname="backend.tests.test_iteration41_httponly_cookie_auth.TestProtectedEndpointsWithCookie" name="test_get_clients_with_cookie" time="0.397" /><testcase classname="backend.tests.test_iteration41_httponly_cookie_auth.TestProtectedEndpointsWithCookie" name="test_get_providers_with_cookie" time="0.398" /><testcase classname="backend.tests.test_iteration41_httponly_cookie_auth.TestProtectedEndpointsWithCookie" name="test_get_journeys_with_cookie" time="0.397" /></testsuite></testsuites>