<?xml version="1.0" encoding="utf-8"?><testsuites name="pytest tests"><testsuite name="pytest" errors="0" failures="0" skipped="0" tests="20" time="3.613" timestamp="2026-03-21T08:18:32.047726+00:00" hostname="agent-env-2cff496f-fda7-4b6d-92fe-6228c37d15d3"><testcase classname="backend.tests.test_system_observability.TestDeveloperLogin" name="test_developer_login_success" time="0.403" /><testcase classname="backend.tests.test_system_observability.TestHealthDashboard" name="test_health_endpoint_developer" time="0.428" /><testcase classname="backend.tests.test_system_observability.TestHealthDashboard" name="test_health_endpoint_coordinator" time="0.430" /><testcase classname="backend.tests.test_system_observability.TestPerformanceMetrics" name="test_performance_endpoint" time="0.100" /><testcase classname="backend.tests.test_system_observability.TestLogViewer" name="test_logs_endpoint_paginated" time="0.178" /><testcase classname="backend.tests.test_system_observability.TestLogViewer" name="test_logs_contain_login_events" time="0.104" /><testcase classname="backend.tests.test_system_observability.TestLogViewer" name="test_logs_action_types" time="0.137" /><testcase classname="backend.tests.test_system_observability.TestLogViewer" name="test_logs_export_csv" time="0.098" /><testcase classname="backend.tests.test_system_observability.TestErrorTracker" name="test_errors_endpoint" time="0.095" /><testcase classname="backend.tests.test_system_observability.TestErrorTracker" name="test_errors_count" time="0.131" /><testcase classname="backend.tests.test_system_observability.TestErrorTracker" name="test_errors_count_for_agent" time="0.436" /><testcase classname="backend.tests.test_system_observability.TestIntegrityChecker" name="test_integrity_run" time="0.112" /><testcase classname="backend.tests.test_system_observability.TestIntegrityChecker" name="test_integrity_results" time="0.114" /><testcase classname="backend.tests.test_system_observability.TestSystemConfig" name="test_config_endpoint" time="0.099" /><testcase classname="backend.tests.test_system_observability.TestAccessControl" name="test_agent_cannot_access_health" time="0.103" /><testcase classname="backend.tests.test_system_observability.TestAccessControl" name="test_agent_cannot_access_logs" time="0.098" /><testcase classname="backend.tests.test_system_observability.TestAccessControl" name="test_agent_cannot_access_errors" time="0.094" /><testcase classname="backend.tests.test_system_observability.TestAccessControl" name="test_agent_cannot_access_integrity" time="0.127" /><testcase classname="backend.tests.test_system_observability.TestAccessControl" name="test_agent_cannot_access_config" time="0.100" /><testcase classname="backend.tests.test_system_observability.TestErrorReview" name="test_review_nonexistent_error" time="0.106" /></testsuite></testsuites>