<?xml version="1.0" encoding="utf-8"?><testsuites name="pytest tests"><testsuite name="pytest" errors="0" failures="0" skipped="0" tests="7" time="0.365" timestamp="2026-05-08T21:35:48.795649+00:00" hostname="agent-env-4a74385b-fd5d-45cd-8b60-247b221bda81"><testcase classname="tests.test_health" name="test_health_returns_envelope" time="0.011" /><testcase classname="tests.test_multi_tenant_isolation" name="test_repository_cannot_read_other_tenant" time="0.024" /><testcase classname="tests.test_multi_tenant_isolation" name="test_repository_cannot_update_other_tenant" time="0.023" /><testcase classname="tests.test_multi_tenant_isolation" name="test_repository_cannot_delete_other_tenant" time="0.023" /><testcase classname="tests.test_multi_tenant_isolation" name="test_zero_crosses_recorded" time="0.021" /><testcase classname="tests.test_terminal_state" name="test_update_status_rejects_terminal" time="0.024" /><testcase classname="tests.test_terminal_state" name="test_update_status_promotes_to_terminal" time="0.023" /></testsuite></testsuites>