<?xml version="1.0" encoding="utf-8"?><testsuites name="pytest tests"><testsuite name="pytest" errors="0" failures="1" skipped="0" tests="12" time="1.581" timestamp="2026-04-22T04:30:44.658618+00:00" hostname="agent-env-2cff496f-fda7-4b6d-92fe-6228c37d15d3"><testcase classname="backend.tests.test_iteration47_pagination_envelope.TestAiEvalJobsEnvelope" name="test_jobs_envelope_both_shapes" time="0.498" /><testcase classname="backend.tests.test_iteration47_pagination_envelope.TestAiEvalJobsEnvelope" name="test_jobs_legacy_consumer_total_pages" time="0.054" /><testcase classname="backend.tests.test_iteration47_pagination_envelope.TestAiEvalJobsEnvelope" name="test_jobs_legacy_consumer_pages_flat" time="0.050" /><testcase classname="backend.tests.test_iteration47_pagination_envelope.TestJourneysEnvelope" name="test_journeys_envelope_both_shapes_with_total_count" time="0.415" /><testcase classname="backend.tests.test_iteration47_pagination_envelope.TestJourneysEnvelope" name="test_journeys_legacy_consumer_page_size" time="0.052" /><testcase classname="backend.tests.test_iteration47_pagination_envelope.TestJourneysEnvelope" name="test_journeys_has_data_list" time="0.052" /><testcase classname="backend.tests.test_iteration47_pagination_envelope.TestManualsEnvelope" name="test_manuals_envelope" time="0.064" /><testcase classname="backend.tests.test_iteration47_pagination_envelope.TestManualsEnvelope" name="test_manuals_admin_envelope" time="0.048" /><testcase classname="backend.tests.test_iteration47_pagination_envelope.TestRegressions" name="test_ai_eval_health" time="0.050" /><testcase classname="backend.tests.test_iteration47_pagination_envelope.TestRegressions" name="test_cancel_job_404_missing" time="0.049" /><testcase classname="backend.tests.test_iteration47_pagination_envelope.TestRegressions" name="test_cancel_job_400_wrong_state" time="0.050"><failure message="KeyError: 'id'">backend/tests/test_iteration47_pagination_envelope.py:147: in test_cancel_job_400_wrong_state
    rd = dev_session.delete(f"{BASE_URL}/api/ai-evaluation/jobs/{target['id']}", timeout=10)
                                                                 ^^^^^^^^^^^^
E   KeyError: 'id'</failure></testcase><testcase classname="backend.tests.test_iteration47_pagination_envelope.TestRegressions" name="test_incident_otro_requires_comentario" time="0.102" /></testsuite></testsuites>