<?xml version="1.0" encoding="utf-8"?><testsuites name="pytest tests"><testsuite name="pytest" errors="0" failures="0" skipped="0" tests="21" time="11.200" timestamp="2026-04-15T21:05:04.826010+00:00" hostname="agent-env-2cff496f-fda7-4b6d-92fe-6228c37d15d3"><testcase classname="backend.tests.test_iteration40_p1_p5_features.TestP1RefreshToken" name="test_generate_refresh_token_coordinator" time="0.621" /><testcase classname="backend.tests.test_iteration40_p1_p5_features.TestP1RefreshToken" name="test_generate_refresh_token_developer" time="0.504" /><testcase classname="backend.tests.test_iteration40_p1_p5_features.TestP1RefreshToken" name="test_generate_refresh_token_agent_forbidden" time="0.527" /><testcase classname="backend.tests.test_iteration40_p1_p5_features.TestP1RefreshToken" name="test_exchange_token" time="0.641" /><testcase classname="backend.tests.test_iteration40_p1_p5_features.TestP1RefreshToken" name="test_list_refresh_tokens" time="0.725" /><testcase classname="backend.tests.test_iteration40_p1_p5_features.TestP1RefreshToken" name="test_revoke_refresh_token" time="0.753" /><testcase classname="backend.tests.test_iteration40_p1_p5_features.TestP2LiquidacionFormulas" name="test_liquidacion_export_endpoint_exists" time="0.460" /><testcase classname="backend.tests.test_iteration40_p1_p5_features.TestP2LiquidacionFormulas" name="test_liquidacion_export_with_data" time="0.511" /><testcase classname="backend.tests.test_iteration40_p1_p5_features.TestP3DeleteJourney" name="test_delete_journey_nonexistent_returns_404" time="0.494" /><testcase classname="backend.tests.test_iteration40_p1_p5_features.TestP3DeleteJourney" name="test_delete_journey_agent_forbidden" time="0.597" /><testcase classname="backend.tests.test_iteration40_p1_p5_features.TestP3DeleteJourney" name="test_journeys_list_has_driver_column" time="0.461" /><testcase classname="backend.tests.test_iteration40_p1_p5_features.TestP4OrderIDSearchPagination" name="test_journeys_list_has_order_id" time="0.484" /><testcase classname="backend.tests.test_iteration40_p1_p5_features.TestP4OrderIDSearchPagination" name="test_journeys_pagination_structure" time="0.486" /><testcase classname="backend.tests.test_iteration40_p1_p5_features.TestP4OrderIDSearchPagination" name="test_journeys_pagination_page_size" time="0.782" /><testcase classname="backend.tests.test_iteration40_p1_p5_features.TestP4OrderIDSearchPagination" name="test_journey_detail_has_order_id" time="0.665" /><testcase classname="backend.tests.test_iteration40_p1_p5_features.TestP5RouteTypeAndChecklist" name="test_start_journey_without_checklist" time="0.621" /><testcase classname="backend.tests.test_iteration40_p1_p5_features.TestP5RouteTypeAndChecklist" name="test_journey_route_type_field" time="0.513" /><testcase classname="backend.tests.test_iteration40_p1_p5_features.TestHealthAndBasics" name="test_health_endpoint" time="0.125" /><testcase classname="backend.tests.test_iteration40_p1_p5_features.TestHealthAndBasics" name="test_login_coordinator" time="0.348" /><testcase classname="backend.tests.test_iteration40_p1_p5_features.TestHealthAndBasics" name="test_login_developer" time="0.383" /><testcase classname="backend.tests.test_iteration40_p1_p5_features.TestHealthAndBasics" name="test_login_agent" time="0.346" /></testsuite></testsuites>