<?xml version="1.0" encoding="utf-8"?><testsuites name="pytest tests"><testsuite name="pytest" errors="0" failures="0" skipped="0" tests="15" time="2.798" timestamp="2026-03-23T12:11:24.308934+00:00" hostname="agent-env-2cff496f-fda7-4b6d-92fe-6228c37d15d3"><testcase classname="backend.tests.test_kosmo_sync.TestKosmoSyncStatus" name="test_get_sync_status_returns_200" time="0.514" /><testcase classname="backend.tests.test_kosmo_sync.TestKosmoSyncStatus" name="test_get_sync_status_response_structure" time="0.148" /><testcase classname="backend.tests.test_kosmo_sync.TestKosmoSyncStatus" name="test_get_sync_status_requires_auth" time="0.137" /><testcase classname="backend.tests.test_kosmo_sync.TestKosmoSyncStatus" name="test_get_sync_status_agent_access" time="0.430" /><testcase classname="backend.tests.test_kosmo_sync.TestKosmoSyncTracking" name="test_sync_tracking_returns_200" time="0.100" /><testcase classname="backend.tests.test_kosmo_sync.TestKosmoSyncTracking" name="test_sync_tracking_response_structure" time="0.112" /><testcase classname="backend.tests.test_kosmo_sync.TestKosmoSyncTracking" name="test_sync_tracking_requires_auth" time="0.117" /><testcase classname="backend.tests.test_kosmo_sync.TestKosmoSyncTracking" name="test_sync_tracking_agent_access" time="0.096" /><testcase classname="backend.tests.test_kosmo_sync.TestKosmoPackageData" name="test_journey_packages_have_kosmo_fields" time="0.130" /><testcase classname="backend.tests.test_kosmo_sync.TestKosmoPackageData" name="test_package_tracking_url_is_clickable_link" time="0.108" /><testcase classname="backend.tests.test_kosmo_sync.TestKosmoPackageData" name="test_package_kosmo_proof_count" time="0.125" /><testcase classname="backend.tests.test_kosmo_sync.TestKosmoPackageData" name="test_package_kosmo_driver_note" time="0.121" /><testcase classname="backend.tests.test_kosmo_sync.TestKosmoPackageData" name="test_status_mapping_delivered" time="0.105" /><testcase classname="backend.tests.test_kosmo_sync.TestKosmoPackageData" name="test_status_mapping_cancelled" time="0.117" /><testcase classname="backend.tests.test_kosmo_sync.TestSyncUpdatesStatus" name="test_sync_updates_last_sync_timestamp" time="0.332" /></testsuite></testsuites>