<?xml version="1.0" encoding="utf-8"?><testsuites name="pytest tests"><testsuite name="pytest" errors="0" failures="0" skipped="0" tests="19" time="4.389" timestamp="2026-04-06T14:02:20.290434+00:00" hostname="agent-env-2cff496f-fda7-4b6d-92fe-6228c37d15d3"><testcase classname="backend.tests.test_iteration28_review_bugs.TestAuthEndpoints" name="test_developer_login" time="0.439" /><testcase classname="backend.tests.test_iteration28_review_bugs.TestAuthEndpoints" name="test_coordinator_login" time="0.276" /><testcase classname="backend.tests.test_iteration28_review_bugs.TestAuthEndpoints" name="test_agent_login" time="0.279" /><testcase classname="backend.tests.test_iteration28_review_bugs.TestAuthEndpoints" name="test_proveedor_login" time="0.469" /><testcase classname="backend.tests.test_iteration28_review_bugs.TestJourneyDetailEndpoint" name="test_journey_27_guides_exists" time="0.388" /><testcase classname="backend.tests.test_iteration28_review_bugs.TestJourneyDetailEndpoint" name="test_journey_1_guide_exists" time="0.092" /><testcase classname="backend.tests.test_iteration28_review_bugs.TestJourneyDetailEndpoint" name="test_packages_have_review_fields" time="0.063" /><testcase classname="backend.tests.test_iteration28_review_bugs.TestPackageReviewEndpoint" name="test_developer_can_approve_package" time="0.146" /><testcase classname="backend.tests.test_iteration28_review_bugs.TestPackageReviewEndpoint" name="test_coordinator_can_approve_package" time="0.404" /><testcase classname="backend.tests.test_iteration28_review_bugs.TestPackageReviewEndpoint" name="test_coordinator_can_reject_with_note" time="0.124" /><testcase classname="backend.tests.test_iteration28_review_bugs.TestPackageReviewEndpoint" name="test_agent_cannot_review_package" time="0.409" /><testcase classname="backend.tests.test_iteration28_review_bugs.TestPackageReviewEndpoint" name="test_proveedor_cannot_review_package" time="0.303" /><testcase classname="backend.tests.test_iteration28_review_bugs.TestReviewIndicatorStates" name="test_approved_package_state" time="0.184" /><testcase classname="backend.tests.test_iteration28_review_bugs.TestReviewIndicatorStates" name="test_rejected_package_state" time="0.275" /><testcase classname="backend.tests.test_iteration28_review_bugs.TestReviewIndicatorStates" name="test_pending_package_state" time="0.069" /><testcase classname="backend.tests.test_iteration28_review_bugs.TestKPICalculations" name="test_manual_review_count_updates" time="0.092" /><testcase classname="backend.tests.test_iteration28_review_bugs.TestResyncAndEvaluateEndpoints" name="test_batch_rescrape_endpoint_exists" time="0.054" /><testcase classname="backend.tests.test_iteration28_review_bugs.TestResyncAndEvaluateEndpoints" name="test_evaluate_all_evidence_endpoint_exists" time="0.054" /><testcase classname="backend.tests.test_iteration28_review_bugs.TestResetPackageForTesting" name="test_reset_package_to_pending" time="0.121" /></testsuite></testsuites>