<?xml version="1.0" encoding="utf-8"?><testsuites name="pytest tests"><testsuite name="pytest" errors="0" failures="0" skipped="0" tests="19" time="10.579" timestamp="2026-04-16T17:00:40.666979+00:00" hostname="agent-env-2cff496f-fda7-4b6d-92fe-6228c37d15d3"><testcase classname="backend.tests.test_iteration42_driver_management.TestDriverManagementAPI" name="test_list_drivers_basic" time="0.535" /><testcase classname="backend.tests.test_iteration42_driver_management.TestDriverManagementAPI" name="test_list_drivers_with_search" time="0.495" /><testcase classname="backend.tests.test_iteration42_driver_management.TestDriverManagementAPI" name="test_list_drivers_with_status_filter" time="0.454" /><testcase classname="backend.tests.test_iteration42_driver_management.TestDriverManagementAPI" name="test_list_drivers_pagination" time="0.541" /><testcase classname="backend.tests.test_iteration42_driver_management.TestDriverManagementAPI" name="test_get_driver_detail" time="0.518" /><testcase classname="backend.tests.test_iteration42_driver_management.TestDriverManagementAPI" name="test_get_driver_not_found" time="0.479" /><testcase classname="backend.tests.test_iteration42_driver_management.TestDriverManagementAPI" name="test_update_driver_status" time="0.895" /><testcase classname="backend.tests.test_iteration42_driver_management.TestDriverManagementAPI" name="test_update_driver_vehicle_type" time="0.687" /><testcase classname="backend.tests.test_iteration42_driver_management.TestDriverManagementAPI" name="test_update_driver_invalid_status" time="0.507" /><testcase classname="backend.tests.test_iteration42_driver_management.TestDriverManagementAPI" name="test_update_driver_empty_provider" time="0.499" /><testcase classname="backend.tests.test_iteration42_driver_management.TestDriverManagementAPI" name="test_create_provider_inline" time="0.573" /><testcase classname="backend.tests.test_iteration42_driver_management.TestDriverManagementAPI" name="test_create_provider_inline_existing" time="0.602" /><testcase classname="backend.tests.test_iteration42_driver_management.TestDriverManagementAPI" name="test_create_provider_inline_empty_name" time="0.492" /><testcase classname="backend.tests.test_iteration42_driver_management.TestDriverManagementAPI" name="test_create_provider_inline_whitespace_name" time="0.613" /><testcase classname="backend.tests.test_iteration42_driver_management.TestDriverManagementAPI" name="test_get_vehicle_types" time="0.455" /><testcase classname="backend.tests.test_iteration42_driver_management.TestDriverManagementAPI" name="test_populate_drivers" time="0.498" /><testcase classname="backend.tests.test_iteration42_driver_management.TestRouteSummaryPendingProviders" name="test_route_summary_response_structure" time="0.561" /><testcase classname="backend.tests.test_iteration42_driver_management.TestDriversTabIntegration" name="test_drivers_count_matches_expected" time="0.504" /><testcase classname="backend.tests.test_iteration42_driver_management.TestDriversTabIntegration" name="test_driver_provider_filter" time="0.611" /></testsuite></testsuites>