<?xml version="1.0" encoding="utf-8"?><testsuites name="pytest tests"><testsuite name="pytest" errors="0" failures="0" skipped="0" tests="18" time="3.382" timestamp="2026-03-28T06:54:58.213467+00:00" hostname="agent-env-2cff496f-fda7-4b6d-92fe-6228c37d15d3"><testcase classname="backend.tests.test_iteration18_quality_v2.TestAuth" name="test_login_developer" time="0.369" /><testcase classname="backend.tests.test_iteration18_quality_v2.TestAuth" name="test_login_coordinator" time="0.332" /><testcase classname="backend.tests.test_iteration18_quality_v2.TestQualityCriteriaAPI" name="test_get_quality_criteria" time="0.470" /><testcase classname="backend.tests.test_iteration18_quality_v2.TestQualityCriteriaAPI" name="test_get_quality_settings" time="0.103" /><testcase classname="backend.tests.test_iteration18_quality_v2.TestQualityCriteriaAPI" name="test_patch_quality_settings_kpi" time="0.434" /><testcase classname="backend.tests.test_iteration18_quality_v2.TestQualityTabV2API" name="test_get_quality_summary" time="0.224" /><testcase classname="backend.tests.test_iteration18_quality_v2.TestQualityTabV2API" name="test_get_packages_quality" time="0.136" /><testcase classname="backend.tests.test_iteration18_quality_v2.TestQualityTabV2API" name="test_get_packages_quality_alerts_only" time="0.133" /><testcase classname="backend.tests.test_iteration18_quality_v2.TestQualityTabV2API" name="test_get_packages_quality_pagination" time="0.124" /><testcase classname="backend.tests.test_iteration18_quality_v2.TestTrainingSamplesAPI" name="test_training_samples_requires_auth" time="0.113" /><testcase classname="backend.tests.test_iteration18_quality_v2.TestTrainingSamplesAPI" name="test_training_samples_validation" time="0.097" /><testcase classname="backend.tests.test_iteration18_quality_v2.TestPackageReviewAPI" name="test_package_review_validation" time="0.111" /><testcase classname="backend.tests.test_iteration18_quality_v2.TestAPIDocumentation" name="test_get_report_schema" time="0.110" /><testcase classname="backend.tests.test_iteration18_quality_v2.TestAPIDocumentation" name="test_schema_endpoint_details" time="0.122" /><testcase classname="backend.tests.test_iteration18_quality_v2.TestBackendIndexes" name="test_journeys_query_performance" time="0.103" /><testcase classname="backend.tests.test_iteration18_quality_v2.TestBackendIndexes" name="test_packages_quality_query_performance" time="0.112" /><testcase classname="backend.tests.test_iteration18_quality_v2.TestHealthAndBasics" name="test_health_endpoint" time="0.099" /><testcase classname="backend.tests.test_iteration18_quality_v2.TestHealthAndBasics" name="test_root_endpoint" time="0.105" /></testsuite></testsuites>