<?xml version="1.0" encoding="utf-8"?><testsuites name="pytest tests"><testsuite name="pytest" errors="0" failures="1" skipped="0" tests="22" time="2.335" timestamp="2026-03-25T07:18:28.373485+00:00" hostname="agent-env-2cff496f-fda7-4b6d-92fe-6228c37d15d3"><testcase classname="backend.tests.test_regression_iter14.TestHealthEndpoints" name="test_api_root" time="0.240" /><testcase classname="backend.tests.test_regression_iter14.TestHealthEndpoints" name="test_api_health" time="0.052" /><testcase classname="backend.tests.test_regression_iter14.TestAuthRoutes" name="test_login_success" time="0.277" /><testcase classname="backend.tests.test_regression_iter14.TestAuthRoutes" name="test_login_invalid_credentials" time="0.050" /><testcase classname="backend.tests.test_regression_iter14.TestAuthRoutes" name="test_get_me" time="0.325" /><testcase classname="backend.tests.test_regression_iter14.TestAuthRoutes" name="test_logout" time="0.324" /><testcase classname="backend.tests.test_regression_iter14.TestUserRoutes" name="test_get_users" time="0.052" /><testcase classname="backend.tests.test_regression_iter14.TestUserRoutes" name="test_get_clients" time="0.054" /><testcase classname="backend.tests.test_regression_iter14.TestUserRoutes" name="test_get_providers" time="0.050" /><testcase classname="backend.tests.test_regression_iter14.TestJourneyRoutes" name="test_get_journeys_paginated" time="0.052" /><testcase classname="backend.tests.test_regression_iter14.TestJourneyRoutes" name="test_get_incidents" time="0.049" /><testcase classname="backend.tests.test_regression_iter14.TestDashboardRoutes" name="test_get_dashboard_stats" time="0.050" /><testcase classname="backend.tests.test_regression_iter14.TestDashboardRoutes" name="test_get_incidents_breakdown" time="0.048" /><testcase classname="backend.tests.test_regression_iter14.TestDashboardRoutes" name="test_package_search" time="0.051" /><testcase classname="backend.tests.test_regression_iter14.TestAnalyticsRoutes" name="test_get_heatmap_data" time="0.049" /><testcase classname="backend.tests.test_regression_iter14.TestAnalyticsRoutes" name="test_get_quality_report" time="0.053" /><testcase classname="backend.tests.test_regression_iter14.TestAnalyticsRoutes" name="test_get_reports_schema" time="0.046" /><testcase classname="backend.tests.test_regression_iter14.TestAnalyticsRoutes" name="test_get_token_consumption" time="0.049" /><testcase classname="backend.tests.test_regression_iter14.TestSystemRoutes" name="test_system_health" time="0.072"><failure message="AssertionError: assert 'status' in {'api_status': 'ok', 'avg_latency_ms': 21.61, 'errors_4xx_24h': 32, 'errors_5xx_24h': 2, ...}">backend/tests/test_regression_iter14.py:296: in test_system_health
    assert "status" in data
E   AssertionError: assert 'status' in {'api_status': 'ok', 'avg_latency_ms': 21.61, 'errors_4xx_24h': 32, 'errors_5xx_24h': 2, ...}</failure></testcase><testcase classname="backend.tests.test_regression_iter14.TestSyncRoutes" name="test_get_sync_status" time="0.053" /><testcase classname="backend.tests.test_regression_iter14.TestAdminRoutes" name="test_cleanup_endpoint_exists" time="0.064" /><testcase classname="backend.tests.test_regression_iter14.TestPasswordResetRoutes" name="test_get_password_reset_requests" time="0.050" /></testsuite></testsuites>