<?xml version="1.0" encoding="utf-8"?><testsuites name="pytest tests"><testsuite name="pytest" errors="0" failures="0" skipped="0" tests="14" time="5.864" timestamp="2026-04-09T19:58:50.131176+00:00" hostname="agent-env-2cff496f-fda7-4b6d-92fe-6228c37d15d3"><testcase classname="backend.tests.test_iteration34_ai_eval_review_modal.TestAuthAndSetup" name="test_login_coordinator" time="0.744" /><testcase classname="backend.tests.test_iteration34_ai_eval_review_modal.TestAiEvalStatusEndpoint" name="test_ai_eval_status_endpoint_exists" time="0.722" /><testcase classname="backend.tests.test_iteration34_ai_eval_review_modal.TestAiEvalStatusEndpoint" name="test_ai_eval_status_idle_by_default" time="0.190" /><testcase classname="backend.tests.test_iteration34_ai_eval_review_modal.TestPackageEnrichmentWithSeverity" name="test_packages_have_ai_errors_field" time="0.631" /><testcase classname="backend.tests.test_iteration34_ai_eval_review_modal.TestPackageEnrichmentWithSeverity" name="test_packages_have_ia_errors_raw_field" time="0.000" /><testcase classname="backend.tests.test_iteration34_ai_eval_review_modal.TestPackageEnrichmentWithSeverity" name="test_packages_have_ia_severity_field" time="0.000" /><testcase classname="backend.tests.test_iteration34_ai_eval_review_modal.TestPackageEnrichmentWithSeverity" name="test_packages_have_ai_score_field" time="0.000" /><testcase classname="backend.tests.test_iteration34_ai_eval_review_modal.TestReviewPackageEndpoint" name="test_review_package_approve" time="1.032" /><testcase classname="backend.tests.test_iteration34_ai_eval_review_modal.TestReviewPackageEndpoint" name="test_review_package_reject" time="0.187" /><testcase classname="backend.tests.test_iteration34_ai_eval_review_modal.TestBulkStatusUpdate" name="test_bulk_status_update_endpoint_exists" time="0.783" /><testcase classname="backend.tests.test_iteration34_ai_eval_review_modal.TestBulkStatusUpdate" name="test_bulk_status_update_invalid_status" time="0.130" /><testcase classname="backend.tests.test_iteration34_ai_eval_review_modal.TestEvaluateAllEndpoint" name="test_evaluate_all_endpoint_exists" time="0.603" /><testcase classname="backend.tests.test_iteration34_ai_eval_review_modal.TestSegmentFilters" name="test_packages_have_fields_for_segment_filters" time="0.648" /><testcase classname="backend.tests.test_iteration34_ai_eval_review_modal.TestSegmentFilters" name="test_discrepancy_field_structure" time="0.000" /></testsuite></testsuites>