<?xml version="1.0" encoding="utf-8"?><testsuites name="pytest tests"><testsuite name="pytest" errors="0" failures="0" skipped="0" tests="10" time="3.212" timestamp="2026-04-07T15:58:15.989345+00:00" hostname="agent-env-2cff496f-fda7-4b6d-92fe-6228c37d15d3"><testcase classname="backend.tests.test_sla_config.TestSlaConfigEndpoint" name="test_config_returns_sla_config_structure" time="0.482" /><testcase classname="backend.tests.test_sla_config.TestSlaConfigEndpoint" name="test_config_has_default_sla_value" time="0.149" /><testcase classname="backend.tests.test_sla_config.TestSlaConfigEndpoint" name="test_config_has_provider_override" time="0.116" /><testcase classname="backend.tests.test_sla_config.TestSlaConfigPatch" name="test_developer_can_update_sla_config" time="0.477" /><testcase classname="backend.tests.test_sla_config.TestSlaConfigPatch" name="test_coordinator_cannot_update_sla_config" time="0.497" /><testcase classname="backend.tests.test_sla_config.TestSlaConfigPatch" name="test_coordinator_can_read_config" time="0.122" /><testcase classname="backend.tests.test_sla_config.TestLiquidacionExportUsesSlaConfig" name="test_export_liquidacion_with_custom_sla" time="0.699" /><testcase classname="backend.tests.test_sla_config.TestSlaConfigValidation" name="test_invalid_section_returns_400" time="0.109" /><testcase classname="backend.tests.test_sla_config.TestSlaConfigValidation" name="test_unauthenticated_cannot_access_config" time="0.126" /><testcase classname="backend.tests.test_sla_config.TestSlaConfigValidation" name="test_sla_config_persists_after_update" time="0.382" /></testsuite></testsuites>