<?xml version="1.0" encoding="utf-8"?><testsuites name="pytest tests"><testsuite name="pytest" errors="0" failures="0" skipped="2" tests="13" time="3.493" timestamp="2026-03-23T14:50:33.655332+00:00" hostname="agent-env-2cff496f-fda7-4b6d-92fe-6228c37d15d3"><testcase classname="backend.tests.test_iteration7_features.TestDeveloperRoleAccess" name="test_developer_can_access_users_endpoint" time="0.476" /><testcase classname="backend.tests.test_iteration7_features.TestDeveloperRoleAccess" name="test_developer_can_access_password_reset_requests" time="0.118" /><testcase classname="backend.tests.test_iteration7_features.TestClientsCRUD" name="test_create_client" time="0.116"><skipped type="pytest.skip" message="Developer role cannot create clients (expected behavior)">/app/backend/tests/test_iteration7_features.py:100: Developer role cannot create clients (expected behavior)</skipped></testcase><testcase classname="backend.tests.test_iteration7_features.TestClientsCRUD" name="test_update_client" time="0.469" /><testcase classname="backend.tests.test_iteration7_features.TestClientsCRUD" name="test_delete_client" time="0.705" /><testcase classname="backend.tests.test_iteration7_features.TestProvidersCRUD" name="test_update_provider" time="0.482" /><testcase classname="backend.tests.test_iteration7_features.TestProvidersCRUD" name="test_delete_provider" time="0.348" /><testcase classname="backend.tests.test_iteration7_features.TestPackageSearch" name="test_search_packages_endpoint_exists" time="0.115" /><testcase classname="backend.tests.test_iteration7_features.TestPackageSearch" name="test_search_packages_short_query" time="0.115" /><testcase classname="backend.tests.test_iteration7_features.TestPackageSearch" name="test_search_packages_by_order_reference" time="0.121"><skipped type="pytest.skip" message="No journeys available">/app/backend/tests/test_iteration7_features.py:274: No journeys available</skipped></testcase><testcase classname="backend.tests.test_iteration7_features.TestCleanupEndpoint" name="test_cleanup_endpoint_exists" time="0.159" /><testcase classname="backend.tests.test_iteration7_features.TestReportsSchema" name="test_reports_schema_includes_new_endpoints" time="0.094" /><testcase classname="backend.tests.test_iteration7_features.TestDashboardStats" name="test_dashboard_stats_includes_quality" time="0.122" /></testsuite></testsuites>