<?xml version="1.0" encoding="utf-8"?><testsuites name="pytest tests"><testsuite name="pytest" errors="0" failures="0" skipped="0" tests="17" time="9.621" timestamp="2026-04-01T23:47:25.699839+00:00" hostname="agent-env-2cff496f-fda7-4b6d-92fe-6228c37d15d3"><testcase classname="tests.test_iteration27_guias_proveedor.TestAuthEndpoints" name="test_developer_login" time="0.346" /><testcase classname="tests.test_iteration27_guias_proveedor.TestAuthEndpoints" name="test_coordinator_login" time="0.337" /><testcase classname="tests.test_iteration27_guias_proveedor.TestAuthEndpoints" name="test_agent_login" time="0.325" /><testcase classname="tests.test_iteration27_guias_proveedor.TestAuthEndpoints" name="test_proveedor_login" time="0.251" /><testcase classname="tests.test_iteration27_guias_proveedor.TestPackageReviewEndpoint" name="test_developer_can_approve_package" time="0.660" /><testcase classname="tests.test_iteration27_guias_proveedor.TestPackageReviewEndpoint" name="test_coordinator_can_approve_package" time="1.072" /><testcase classname="tests.test_iteration27_guias_proveedor.TestPackageReviewEndpoint" name="test_coordinator_can_reject_with_note" time="0.999" /><testcase classname="tests.test_iteration27_guias_proveedor.TestPackageReviewEndpoint" name="test_agent_cannot_review_package" time="1.049" /><testcase classname="tests.test_iteration27_guias_proveedor.TestPackageReviewEndpoint" name="test_proveedor_cannot_review_package" time="0.991" /><testcase classname="tests.test_iteration27_guias_proveedor.TestProveedorJourneyFiltering" name="test_proveedor_can_access_journeys" time="0.319" /><testcase classname="tests.test_iteration27_guias_proveedor.TestProveedorJourneyFiltering" name="test_proveedor_can_access_dashboard" time="0.358" /><testcase classname="tests.test_iteration27_guias_proveedor.TestProveedorJourneyFiltering" name="test_proveedor_cannot_access_settings" time="0.368" /><testcase classname="tests.test_iteration27_guias_proveedor.TestPackageEnrichmentFields" name="test_journey_packages_have_enriched_fields" time="0.574" /><testcase classname="tests.test_iteration27_guias_proveedor.TestResyncAndEvaluateEndpoints" name="test_batch_rescrape_endpoint_exists" time="0.609" /><testcase classname="tests.test_iteration27_guias_proveedor.TestResyncAndEvaluateEndpoints" name="test_evaluate_all_evidence_endpoint_exists" time="0.554" /><testcase classname="tests.test_iteration27_guias_proveedor.TestJourneyDetailEndpoint" name="test_journey_detail_structure" time="0.534" /><testcase classname="tests.test_iteration27_guias_proveedor.TestSeedDataProveedorUser" name="test_proveedor_user_exists" time="0.218" /></testsuite></testsuites>