<?xml version="1.0" encoding="utf-8"?><testsuites name="pytest tests"><testsuite name="pytest" errors="0" failures="0" skipped="0" tests="15" time="11.098" timestamp="2026-04-10T21:36:14.245651+00:00" hostname="agent-env-2cff496f-fda7-4b6d-92fe-6228c37d15d3"><testcase classname="backend.tests.test_iteration38_code_quality.TestHealthAndAuth" name="test_health_endpoint" time="0.238" /><testcase classname="backend.tests.test_iteration38_code_quality.TestHealthAndAuth" name="test_coordinator_login" time="0.377" /><testcase classname="backend.tests.test_iteration38_code_quality.TestHealthAndAuth" name="test_developer_login" time="0.387" /><testcase classname="backend.tests.test_iteration38_code_quality.TestJourneyAPIs" name="test_get_journeys_list" time="0.487" /><testcase classname="backend.tests.test_iteration38_code_quality.TestJourneyAPIs" name="test_get_journey_detail_with_packages" time="0.688" /><testcase classname="backend.tests.test_iteration38_code_quality.TestJourneyAPIs" name="test_evaluate_journey_quality" time="0.584" /><testcase classname="backend.tests.test_iteration38_code_quality.TestJourneyAPIs" name="test_ai_eval_status_endpoint" time="0.775" /><testcase classname="backend.tests.test_iteration38_code_quality.TestReportsAPIs" name="test_generate_report" time="0.503" /><testcase classname="backend.tests.test_iteration38_code_quality.TestReportsAPIs" name="test_generate_ai_report" time="3.247" /><testcase classname="backend.tests.test_iteration38_code_quality.TestReportsAPIs" name="test_quality_report" time="0.571" /><testcase classname="backend.tests.test_iteration38_code_quality.TestReportsAPIs" name="test_sla_report" time="0.484" /><testcase classname="backend.tests.test_iteration38_code_quality.TestIncidentsAPI" name="test_get_incidents" time="0.444" /><testcase classname="backend.tests.test_iteration38_code_quality.TestIncidentsAPI" name="test_create_and_delete_incident" time="0.820" /><testcase classname="backend.tests.test_iteration38_code_quality.TestPackageReviewAPI" name="test_package_review_endpoint" time="0.724" /><testcase classname="backend.tests.test_iteration38_code_quality.TestConfidenceAndDiscrepancy" name="test_evaluate_confidence_endpoint" time="0.661" /></testsuite></testsuites>