<?xml version="1.0" encoding="utf-8"?><testsuites name="pytest tests"><testsuite name="pytest" errors="0" failures="0" skipped="0" tests="9" time="0.820" timestamp="2026-05-09T02:57:29.055618+00:00" hostname="agent-env-4a74385b-fd5d-45cd-8b60-247b221bda81"><testcase classname="tests.test_scheduler" name="test_scan_sla_finds_breach_and_records_event" time="0.061" /><testcase classname="tests.test_scheduler" name="test_scan_sla_ignores_waiting_and_terminal" time="0.047" /><testcase classname="tests.test_scheduler" name="test_scan_inactive_agents_marks_one" time="0.056" /><testcase classname="tests.test_scheduler" name="test_daily_summary_metrics_and_email_mock" time="0.052" /><testcase classname="tests.test_scheduler" name="test_daily_summary_no_recipient" time="0.042" /><testcase classname="tests.test_scheduler" name="test_admin_cron_status_disabled" time="0.062" /><testcase classname="tests.test_scheduler" name="test_admin_cron_run_sla" time="0.060" /><testcase classname="tests.test_scheduler" name="test_admin_cron_run_daily_summary" time="0.044" /><testcase classname="tests.test_scheduler" name="test_admin_cron_rbac_blocks_agent" time="0.042" /></testsuite></testsuites>